#
# A fatal error has been detected by the Java Runtime Environment:
#
#  EXCEPTION_ACCESS_VIOLATION (0xc0000005) at pc=0x0000000069347ce1, pid=5980, tid=3724
#
# JRE version: Java(TM) SE Runtime Environment (8.0_65-b17) (build 1.8.0_65-b17)
# Java VM: Java HotSpot(TM) 64-Bit Server VM (25.65-b01 mixed mode windows-amd64 compressed oops)
# Problematic frame:
# C  [sqlite-3.7.2-sqlitejdbc.dll+0x7ce1]
#
# Failed to write core dump. Minidumps are not enabled by default on client versions of Windows
#
# If you would like to submit a bug report, please visit:
#   http://bugreport.java.com/bugreport/crash.jsp
# The crash happened outside the Java Virtual Machine in native code.
# See problematic frame for where to report the bug.
#

---------------  T H R E A D  ---------------

Current thread (0x000000001861f800):  JavaThread "AWT-EventQueue-0" [_thread_in_native, id=3724, stack(0x0000000019670000,0x0000000019770000)]

siginfo: ExceptionCode=0xc0000005, reading address 0x0000000000000000

Registers:
RAX=0x0000000000000000, RBX=0x0000000000000000, RCX=0x0000000000000000, RDX=0x0000000000000000
RSP=0x000000001976d9d0, RBP=0x000000001976db38, RSI=0x0000000000000000, RDI=0x0000000000041690
R8 =0x000000006936a0b6, R9 =0x0000000000000000, R10=0x0000000002a1462b, R11=0x00000000740e9450
R12=0x0000000000000000, R13=0x0000000000000000, R14=0x000000006936a0b6, R15=0x000000001861f800
RIP=0x0000000069347ce1, EFLAGS=0x0000000000010202

Top of Stack: (sp=0x000000001976d9d0)
0x000000001976d9d0:   0000000002a056d0 0000000000000000
0x000000001976d9e0:   000000001976dbb8 000000001976db58
0x000000001976d9f0:   0000000000000000 000000001861f9f8
0x000000001976da00:   0000000000041690 000000001976db38
0x000000001976da10:   0000000000000000 000000001b5e7188
0x000000001976da20:   000000001976db70 0000000069347da5
0x000000001976da30:   0000000000000000 0000000002a20083
0x000000001976da40:   000000001b640b60 000000001861f800
0x000000001976da50:   000000001b640b28 00000000693423f8
0x000000001976da60:   000000001b643ac0 000000001861f800
0x000000001976da70:   0000000017d43338 000000001b640b38
0x000000001976da80:   00000000000000b6 000000001b5e7188
0x000000001976da90:   00000000118af000 0000000002a14657
0x000000001976daa0:   000000001861f800 0000000073fed610
0x000000001976dab0:   000000001b64cf30 000000001861f800
0x000000001976dac0:   0000000017f50980 000000001b640b60 

Instructions: (pc=0x0000000069347ce1)
0x0000000069347cc1:   30 48 89 6c 24 38 4c 89 64 24 40 4c 89 6c 24 48
0x0000000069347cd1:   4c 89 74 24 50 48 89 cb 89 d6 4d 89 c6 45 89 cd
0x0000000069347ce1:   48 8b 39 e8 91 ff ff ff 41 89 c4 39 c6 0f 9c c2
0x0000000069347cf1:   89 f0 f7 d0 c1 e8 1f bd 00 00 00 00 84 c2 74 48 


Register to memory mapping:

RAX=0x0000000000000000 is an unknown value
RBX=0x0000000000000000 is an unknown value
RCX=0x0000000000000000 is an unknown value
RDX=0x0000000000000000 is an unknown value
RSP=0x000000001976d9d0 is pointing into the stack for thread: 0x000000001861f800
RBP=0x000000001976db38 is pointing into the stack for thread: 0x000000001861f800
RSI=0x0000000000000000 is an unknown value
RDI=0x0000000000041690 is an unknown value
R8 =0x000000006936a0b6 is an unknown value
R9 =0x0000000000000000 is an unknown value
R10=0x0000000002a1462b is at code_begin+1227 in an Interpreter codelet
method entry point (kind = native_synchronized)  [0x0000000002a14160, 0x0000000002a14c40]  2784 bytes
R11=0x00000000740e9450 is an unknown value
R12=0x0000000000000000 is an unknown value
R13=0x0000000000000000 is an unknown value
R14=0x000000006936a0b6 is an unknown value
R15=0x000000001861f800 is a thread


Stack: [0x0000000019670000,0x0000000019770000],  sp=0x000000001976d9d0,  free space=1014k
Native frames: (J=compiled Java code, j=interpreted, Vv=VM code, C=native code)
C  [sqlite-3.7.2-sqlitejdbc.dll+0x7ce1]

Java frames: (J=compiled Java code, j=interpreted, Vv=VM code)
j  org.sqlite.NativeDB.column_name(JI)Ljava/lang/String;+0
j  org.sqlite.RS.getColumnName(I)Ljava/lang/String;+16
j  diplomawork.model.DB.DB_table.setDataSource(Ljava/sql/ResultSet;)V+54
j  diplomawork.model.DB.DB_table.<init>(Ljava/sql/ResultSet;)V+39
j  diplomawork.controler.MainWindow.<init>()V+90
j  diplomawork.controler.MainWindow$5.run()V+4
j  java.awt.event.InvocationEvent.dispatch()V+47
j  java.awt.EventQueue.dispatchEventImpl(Ljava/awt/AWTEvent;Ljava/lang/Object;)V+21
j  java.awt.EventQueue.access$500(Ljava/awt/EventQueue;Ljava/awt/AWTEvent;Ljava/lang/Object;)V+3
j  java.awt.EventQueue$3.run()Ljava/lang/Void;+32
j  java.awt.EventQueue$3.run()Ljava/lang/Object;+1
v  ~StubRoutines::call_stub
j  java.security.AccessController.doPrivileged(Ljava/security/PrivilegedAction;Ljava/security/AccessControlContext;)Ljava/lang/Object;+0
j  java.security.ProtectionDomain$JavaSecurityAccessImpl.doIntersectionPrivilege(Ljava/security/PrivilegedAction;Ljava/security/AccessControlContext;Ljava/security/AccessControlContext;)Ljava/lang/Object;+18
j  java.awt.EventQueue.dispatchEvent(Ljava/awt/AWTEvent;)V+46
j  java.awt.EventDispatchThread.pumpOneEventForFilters(I)V+245
j  java.awt.EventDispatchThread.pumpEventsForFilter(ILjava/awt/Conditional;Ljava/awt/EventFilter;)V+35
j  java.awt.EventDispatchThread.pumpEventsForHierarchy(ILjava/awt/Conditional;Ljava/awt/Component;)V+11
j  java.awt.EventDispatchThread.pumpEvents(ILjava/awt/Conditional;)V+4
j  java.awt.EventDispatchThread.pumpEvents(Ljava/awt/Conditional;)V+3
j  java.awt.EventDispatchThread.run()V+9
v  ~StubRoutines::call_stub

---------------  P R O C E S S  ---------------

Java Threads: ( => current thread )
  0x0000000018646000 JavaThread "Thread-1" [_thread_blocked, id=5396, stack(0x000000001b1b0000,0x000000001b2b0000)]
  0x0000000002900800 JavaThread "DestroyJavaVM" [_thread_blocked, id=2980, stack(0x0000000002800000,0x0000000002900000)]
=>0x000000001861f800 JavaThread "AWT-EventQueue-0" [_thread_in_native, id=3724, stack(0x0000000019670000,0x0000000019770000)]
  0x00000000185c7000 JavaThread "AWT-Windows" daemon [_thread_in_native, id=2984, stack(0x0000000018f80000,0x0000000019080000)]
  0x00000000185c4000 JavaThread "AWT-Shutdown" [_thread_blocked, id=6796, stack(0x0000000018e80000,0x0000000018f80000)]
  0x0000000017f4b800 JavaThread "Java2D Disposer" daemon [_thread_blocked, id=6288, stack(0x0000000018d80000,0x0000000018e80000)]
  0x000000001628e800 JavaThread "Service Thread" daemon [_thread_blocked, id=1372, stack(0x0000000017f60000,0x0000000018060000)]
  0x0000000016232800 JavaThread "C1 CompilerThread2" daemon [_thread_blocked, id=5876, stack(0x0000000017a60000,0x0000000017b60000)]
  0x0000000016231800 JavaThread "C2 CompilerThread1" daemon [_thread_blocked, id=6628, stack(0x0000000017960000,0x0000000017a60000)]
  0x000000001622c000 JavaThread "C2 CompilerThread0" daemon [_thread_blocked, id=6984, stack(0x0000000017860000,0x0000000017960000)]
  0x0000000016229000 JavaThread "Attach Listener" daemon [_thread_blocked, id=2220, stack(0x0000000017760000,0x0000000017860000)]
  0x0000000016237000 JavaThread "Signal Dispatcher" daemon [_thread_blocked, id=5848, stack(0x0000000017660000,0x0000000017760000)]
  0x00000000029f6000 JavaThread "Finalizer" daemon [_thread_blocked, id=4224, stack(0x0000000017480000,0x0000000017580000)]
  0x00000000029ed000 JavaThread "Reference Handler" daemon [_thread_blocked, id=5248, stack(0x0000000017380000,0x0000000017480000)]

Other Threads:
  0x00000000161f7800 VMThread [stack: 0x0000000017280000,0x0000000017380000] [id=6048]
  0x0000000017baa000 WatcherThread [stack: 0x0000000018060000,0x0000000018160000] [id=6800]

VM state:not at safepoint (normal execution)

VM Mutex/Monitor currently owned by a thread: None

Heap:
 PSYoungGen      total 28160K, used 9341K [0x00000000e0b80000, 0x00000000e2a80000, 0x0000000100000000)
  eden space 24576K, 38% used [0x00000000e0b80000,0x00000000e149f570,0x00000000e2380000)
  from space 3584K, 0% used [0x00000000e2700000,0x00000000e2700000,0x00000000e2a80000)
  to   space 3584K, 0% used [0x00000000e2380000,0x00000000e2380000,0x00000000e2700000)
 ParOldGen       total 64512K, used 0K [0x00000000a2200000, 0x00000000a6100000, 0x00000000e0b80000)
  object space 64512K, 0% used [0x00000000a2200000,0x00000000a2200000,0x00000000a6100000)
 Metaspace       used 13595K, capacity 13764K, committed 13952K, reserved 1060864K
  class space    used 1822K, capacity 1898K, committed 1920K, reserved 1048576K

Card table byte_map: [0x0000000011dc0000,0x00000000120b0000] byte_map_base: 0x00000000118af000

Marking Bits: (ParMarkBitMap*) 0x00000000746ca5b0
 Begin Bits: [0x00000000126b0000, 0x0000000013e28000)
 End Bits:   [0x0000000013e28000, 0x00000000155a0000)

Polling page: 0x0000000002730000

CodeCache: size=245760Kb used=2810Kb max_used=2821Kb free=242950Kb
 bounds [0x0000000002a00000, 0x0000000002cd0000, 0x0000000011a00000]
 total_blobs=1216 nmethods=730 adapters=400
 compilation: enabled

Compilation events (10 events):
Event: 0.912 Thread 0x000000001622c000  725   !   4       org.sqlite.SQLiteJDBCLoader::md5sum (104 bytes)
Event: 0.919 Thread 0x000000001622c000 nmethod 725 0x0000000002cc0e50 code [0x0000000002cc1040, 0x0000000002cc15b0]
Event: 0.931 Thread 0x0000000016232800  727   !   3       java.util.WeakHashMap::expungeStaleEntries (139 bytes)
Event: 0.932 Thread 0x0000000016232800 nmethod 727 0x0000000002cb1c10 code [0x0000000002cb1de0, 0x0000000002cb28e8]
Event: 0.936 Thread 0x0000000016232800  728       3       java.util.WeakHashMap::getTable (9 bytes)
Event: 0.937 Thread 0x0000000016232800 nmethod 728 0x0000000002cbc550 code [0x0000000002cbc6c0, 0x0000000002cbc868]
Event: 0.939 Thread 0x0000000016231800  729       4       java.util.concurrent.ConcurrentHashMap::tabAt (21 bytes)
Event: 0.940 Thread 0x0000000016232800  730       1       java.net.URLClassLoader::access$000 (5 bytes)
Event: 0.940 Thread 0x0000000016232800 nmethod 730 0x0000000002cbc290 code [0x0000000002cbc3e0, 0x0000000002cbc4d0]
Event: 0.940 Thread 0x0000000016231800 nmethod 729 0x0000000002cb5b10 code [0x0000000002cb5c40, 0x0000000002cb5c98]

GC Heap History (0 events):
No events

Deoptimization events (9 events):
Event: 0.705 Thread 0x000000001861f800 Uncommon trap: reason=null_check action=make_not_entrant pc=0x0000000002c16da0 method=javax.swing.plaf.nimbus.DerivedColor.equals(Ljava/lang/Object;)Z @ 8
Event: 0.754 Thread 0x00000000185c7000 Uncommon trap: reason=bimorphic action=maybe_recompile pc=0x0000000002c3f070 method=java.util.HashMap.putVal(ILjava/lang/Object;Ljava/lang/Object;ZZ)Ljava/lang/Object; @ 203
Event: 0.754 Thread 0x00000000185c7000 Uncommon trap: reason=bimorphic action=maybe_recompile pc=0x0000000002c3f070 method=java.util.HashMap.putVal(ILjava/lang/Object;Ljava/lang/Object;ZZ)Ljava/lang/Object; @ 203
Event: 0.754 Thread 0x00000000185c7000 Uncommon trap: reason=bimorphic action=maybe_recompile pc=0x0000000002c3f070 method=java.util.HashMap.putVal(ILjava/lang/Object;Ljava/lang/Object;ZZ)Ljava/lang/Object; @ 203
Event: 0.846 Thread 0x000000001861f800 Uncommon trap: reason=unstable_if action=reinterpret pc=0x0000000002c330f8 method=java.lang.String.indexOf([CII[CIII)I @ 3
Event: 0.865 Thread 0x000000001861f800 Uncommon trap: reason=unstable_if action=reinterpret pc=0x0000000002cab354 method=java.io.BufferedInputStream.read()I @ 8
Event: 0.897 Thread 0x000000001861f800 Uncommon trap: reason=unstable_if action=reinterpret pc=0x0000000002cb6de0 method=java.security.DigestInputStream.read()I @ 17
Event: 0.899 Thread 0x000000001861f800 Uncommon trap: reason=unstable_if action=reinterpret pc=0x0000000002cb15e0 method=sun.security.provider.DigestBase.engineUpdate(B)V @ 4
Event: 0.928 Thread 0x000000001861f800 Uncommon trap: reason=unstable_if action=reinterpret pc=0x0000000002cbb5cc method=java.security.DigestInputStream.read()I @ 17

Internal exceptions (10 events):
Event: 0.458 Thread 0x0000000002900800 Exception <a 'java/lang/ClassNotFoundException': javax/swing/JToolBarSeparator> (0x00000000e100e1f0) thrown at [C:\workspace\8-2-build-windows-amd64-cygwin\jdk8u65\4987\hotspot\src\share\vm\classfile\systemDictionary.cpp, line 210]
Event: 0.458 Thread 0x0000000002900800 Exception <a 'java/lang/ClassNotFoundException': ToolBarSeparator> (0x00000000e100e688) thrown at [C:\workspace\8-2-build-windows-amd64-cygwin\jdk8u65\4987\hotspot\src\share\vm\classfile\systemDictionary.cpp, line 210]
Event: 0.459 Thread 0x0000000002900800 Exception <a 'java/lang/ClassNotFoundException': ToolTip> (0x00000000e100edc8) thrown at [C:\workspace\8-2-build-windows-amd64-cygwin\jdk8u65\4987\hotspot\src\share\vm\classfile\systemDictionary.cpp, line 210]
Event: 0.461 Thread 0x0000000002900800 Exception <a 'java/lang/ClassNotFoundException': Tree> (0x00000000e100f9e8) thrown at [C:\workspace\8-2-build-windows-amd64-cygwin\jdk8u65\4987\hotspot\src\share\vm\classfile\systemDictionary.cpp, line 210]
Event: 0.461 Thread 0x0000000002900800 Exception <a 'java/lang/ClassNotFoundException': Tree> (0x00000000e1010128) thrown at [C:\workspace\8-2-build-windows-amd64-cygwin\jdk8u65\4987\hotspot\src\share\vm\classfile\systemDictionary.cpp, line 210]
Event: 0.462 Thread 0x0000000002900800 Exception <a 'java/lang/ClassNotFoundException': javax/swing/JTreeCell> (0x00000000e10104a8) thrown at [C:\workspace\8-2-build-windows-amd64-cygwin\jdk8u65\4987\hotspot\src\share\vm\classfile\systemDictionary.cpp, line 210]
Event: 0.462 Thread 0x0000000002900800 Exception <a 'java/lang/ClassNotFoundException': TreeCell> (0x00000000e1010930) thrown at [C:\workspace\8-2-build-windows-amd64-cygwin\jdk8u65\4987\hotspot\src\share\vm\classfile\systemDictionary.cpp, line 210]
Event: 0.464 Thread 0x0000000002900800 Exception <a 'java/lang/ClassNotFoundException': RootPane> (0x00000000e1011390) thrown at [C:\workspace\8-2-build-windows-amd64-cygwin\jdk8u65\4987\hotspot\src\share\vm\classfile\systemDictionary.cpp, line 210]
Event: 0.705 Thread 0x000000001861f800 Implicit null exception at 0x0000000002c16a9a to 0x0000000002c16d91
Event: 0.899 Thread 0x000000001861f800 Implicit null exception at 0x0000000002cb130a to 0x0000000002cb15cd

Events (10 events):
Event: 0.936 loading class java/util/Hashtable$KeySet
Event: 0.936 loading class java/util/Hashtable$KeySet done
Event: 0.936 loading class java/util/Collections$EmptyIterator
Event: 0.936 loading class java/util/Collections$EmptyIterator done
Event: 0.936 loading class org/sqlite/PrepStmt
Event: 0.936 loading class org/sqlite/PrepStmt done
Event: 0.937 loading class java/sql/ParameterMetaData
Event: 0.937 loading class java/sql/ParameterMetaData done
Event: 0.940 loading class diplomawork/model/DB/DB_table
Event: 0.940 loading class diplomawork/model/DB/DB_table done


Dynamic libraries:
0x00007ff73eaa0000 - 0x00007ff73ead7000 	C:\Program Files\Java\jdk1.8.0_65\bin\java.exe
0x00007ffb58f10000 - 0x00007ffb590bc000 	C:\Windows\SYSTEM32\ntdll.dll
0x00007ffb58b40000 - 0x00007ffb58c7e000 	C:\Windows\system32\KERNEL32.DLL
0x00007ffb56420000 - 0x00007ffb56535000 	C:\Windows\system32\KERNELBASE.dll
0x00007ffb54c10000 - 0x00007ffb54c9e000 	C:\Windows\system32\apphelp.dll
0x00007ffb4f2e0000 - 0x00007ffb4f333000 	C:\Windows\AppPatch\AppPatch64\AcGenral.DLL
0x00007ffb58e60000 - 0x00007ffb58f0a000 	C:\Windows\system32\msvcrt.dll
0x00007ffb55e40000 - 0x00007ffb55e6e000 	C:\Windows\SYSTEM32\SspiCli.dll
0x00007ffb58d50000 - 0x00007ffb58da4000 	C:\Windows\system32\SHLWAPI.dll
0x00007ffb56830000 - 0x00007ffb569a7000 	C:\Windows\system32\USER32.dll
0x00007ffb56b00000 - 0x00007ffb56c94000 	C:\Windows\system32\ole32.dll
0x00007ffb57230000 - 0x00007ffb58749000 	C:\Windows\system32\SHELL32.dll
0x00007ffb55610000 - 0x00007ffb55631000 	C:\Windows\SYSTEM32\USERENV.dll
0x00007ffb58db0000 - 0x00007ffb58e5a000 	C:\Windows\system32\ADVAPI32.dll
0x00007ffb4b610000 - 0x00007ffb4b62e000 	C:\Windows\SYSTEM32\MPR.dll
0x00007ffb569b0000 - 0x00007ffb56af1000 	C:\Windows\system32\RPCRT4.dll
0x00007ffb588c0000 - 0x00007ffb58919000 	C:\Windows\SYSTEM32\sechost.dll
0x00007ffb58920000 - 0x00007ffb58b31000 	C:\Windows\SYSTEM32\combase.dll
0x00007ffb56f00000 - 0x00007ffb5704f000 	C:\Windows\system32\GDI32.dll
0x00007ffb56070000 - 0x00007ffb56085000 	C:\Windows\SYSTEM32\profapi.dll
0x00007ffb545c0000 - 0x00007ffb54672000 	C:\Windows\SYSTEM32\SHCORE.dll
0x00007ffb570b0000 - 0x00007ffb570e6000 	C:\Windows\system32\IMM32.DLL
0x00007ffb58750000 - 0x00007ffb588a2000 	C:\Windows\system32\MSCTF.dll
0x00007ffb53a80000 - 0x00007ffb53cfa000 	C:\Windows\WinSxS\amd64_microsoft.windows.common-controls_6595b64144ccf1df_6.0.9600.17810_none_6240b9c7ecbd0bda\COMCTL32.dll
0x0000000073de0000 - 0x0000000073eb2000 	C:\Program Files\Java\jdk1.8.0_65\jre\bin\msvcr100.dll
0x0000000073ec0000 - 0x0000000074749000 	C:\Program Files\Java\jdk1.8.0_65\jre\bin\server\jvm.dll
0x00007ffb531f0000 - 0x00007ffb531f9000 	C:\Windows\SYSTEM32\WSOCK32.dll
0x00007ffb4ccf0000 - 0x00007ffb4cd12000 	C:\Windows\SYSTEM32\WINMM.dll
0x00007ffb54050000 - 0x00007ffb5405a000 	C:\Windows\SYSTEM32\VERSION.dll
0x00007ffb588b0000 - 0x00007ffb588b7000 	C:\Windows\system32\PSAPI.DLL
0x00007ffb57050000 - 0x00007ffb570aa000 	C:\Windows\system32\WS2_32.dll
0x00007ffb4ccc0000 - 0x00007ffb4ccea000 	C:\Windows\SYSTEM32\WINMMBASE.dll
0x00007ffb58c80000 - 0x00007ffb58c89000 	C:\Windows\system32\NSI.dll
0x00007ffb56140000 - 0x00007ffb5618f000 	C:\Windows\SYSTEM32\cfgmgr32.dll
0x00007ffb54e80000 - 0x00007ffb54ea8000 	C:\Windows\SYSTEM32\DEVOBJ.dll
0x0000000073d90000 - 0x0000000073d9f000 	C:\Program Files\Java\jdk1.8.0_65\jre\bin\verify.dll
0x0000000073d60000 - 0x0000000073d89000 	C:\Program Files\Java\jdk1.8.0_65\jre\bin\java.dll
0x0000000073d40000 - 0x0000000073d56000 	C:\Program Files\Java\jdk1.8.0_65\jre\bin\zip.dll
0x0000000073b60000 - 0x0000000073cf8000 	C:\Program Files\Java\jdk1.8.0_65\jre\bin\awt.dll
0x00007ffb57160000 - 0x00007ffb57221000 	C:\Windows\system32\OLEAUT32.dll
0x00007ffb54ce0000 - 0x00007ffb54e09000 	C:\Windows\system32\uxtheme.dll
0x00007ffb543c0000 - 0x00007ffb543e1000 	C:\Windows\system32\dwmapi.dll
0x00007ffb54eb0000 - 0x00007ffb54ebb000 	C:\Windows\SYSTEM32\kernel.appcore.dll
0x00007ffb55ee0000 - 0x00007ffb55eeb000 	C:\Windows\SYSTEM32\CRYPTBASE.dll
0x00007ffb55e70000 - 0x00007ffb55ed3000 	C:\Windows\SYSTEM32\bcryptPrimitives.dll
0x0000000073b10000 - 0x0000000073b57000 	C:\Program Files\Java\jdk1.8.0_65\jre\bin\fontmanager.dll
0x00007ffb352a0000 - 0x00007ffb354c1000 	C:\Windows\system32\d3d9.dll
0x00007ffb53860000 - 0x00007ffb539a4000 	C:\Windows\SYSTEM32\aticfx64.dll
0x00007ffb35280000 - 0x00007ffb352a0000 	C:\Windows\SYSTEM32\atiu9p64.dll
0x00007ffb34b10000 - 0x00007ffb35271000 	C:\Windows\SYSTEM32\atiumd64.dll
0x0000000074f10000 - 0x000000007579d000 	C:\Windows\SYSTEM32\atiumd6a.dll
0x0000000073d20000 - 0x0000000073d3a000 	C:\Program Files\Java\jdk1.8.0_65\jre\bin\net.dll
0x00007ffb55880000 - 0x00007ffb558d9000 	C:\Windows\system32\mswsock.dll
0x0000000073d00000 - 0x0000000073d11000 	C:\Program Files\Java\jdk1.8.0_65\jre\bin\nio.dll
0x0000000073ac0000 - 0x0000000073b02000 	C:\Program Files\Java\jdk1.8.0_65\jre\bin\t2k.dll
0x0000000069340000 - 0x00000000693c5000 	F:\win\AppDataSSD\Local\Temp\sqlite-3.7.2-sqlitejdbc.dll
0x00007ffb49530000 - 0x00007ffb496b9000 	C:\Windows\SYSTEM32\dbghelp.dll

VM Arguments:
jvm_args: -Dfile.encoding=UTF-8 
java_command: diplomawork.controler.MainWindow
java_class_path (initial): F:\Users\Volodymyr\Documents\NetBeansProjects\DiplomaWork\libs\jcommon-1.0.23.jar;F:\Users\Volodymyr\Documents\NetBeansProjects\DiplomaWork\libs\jfreechart-1.0.19.jar;F:\Users\Volodymyr\Documents\NetBeansProjects\DiplomaWork\libs\neuroph-core-2.92.jar;F:\Users\Volodymyr\Documents\NetBeansProjects\DiplomaWork\libs\neuroph-imgrec-2.92.jar;F:\Users\Volodymyr\Documents\NetBeansProjects\DiplomaWork\libs\slf4j-api-1.7.5.jar;F:\Users\Volodymyr\Documents\NetBeansProjects\DiplomaWork\libs\logback-classic-1.1.2.jar;F:\Users\Volodymyr\Documents\NetBeansProjects\DiplomaWork\libs\logback-core-1.1.2.jar;F:\Users\Volodymyr\Documents\NetBeansProjects\DiplomaWork\libs\gson-2.5.jar;F:\Users\Volodymyr\Documents\NetBeansProjects\DiplomaWork\libs\sqlite-jdbc-3.7.2.jar;F:\Users\Volodymyr\Documents\NetBeansProjects\DiplomaWork\libs\nefclass.jar;F:\Users\Volodymyr\Documents\NetBeansProjects\DiplomaWork\build\classes
Launcher Type: SUN_STANDARD

Environment Variables:
JAVA_HOME=C:\Program Files\Java\jdk1.8.0_65
PATH=C:\ProgramData\Oracle\Java\javapath;C:\Windows\system32;C:\Windows;C:\Windows\System32\Wbem;C:\Windows\System32\WindowsPowerShell\v1.0\;C:\Program Files (x86)\ATI Technologies\ATI.ACE\Core-Static;F:\win\Program Files\IntelliJ IDEA 15.0.1\plugins\maven\lib\maven3\bin;C:\Program Files (x86)\Skype\Phone\
USERNAME=Volodymyr
OS=Windows_NT
PROCESSOR_IDENTIFIER=Intel64 Family 6 Model 37 Stepping 5, GenuineIntel



---------------  S Y S T E M  ---------------

OS: Windows 8.1 , 64 bit Build 9600 (6.3.9600.17415)

CPU:total 4 (2 cores per cpu, 2 threads per core) family 6 model 37 stepping 5, cmov, cx8, fxsr, mmx, sse, sse2, sse3, ssse3, sse4.1, sse4.2, popcnt, ht, tsc, tscinvbit

Memory: 4k page, physical 6150968k(3034316k free), swap 7134008k(3456796k free)

vm_info: Java HotSpot(TM) 64-Bit Server VM (25.65-b01) for windows-amd64 JRE (1.8.0_65-b17), built on Oct  6 2015 16:39:20 by "java_re" with MS VC++ 10.0 (VS2010)

time: Sat Feb 13 19:43:39 2016
elapsed time: 0 seconds (0d 0h 0m 0s)

