#
# A fatal error has been detected by the Java Runtime Environment:
#
#  EXCEPTION_ACCESS_VIOLATION (0xc0000005) at pc=0x0000000069347ce1, pid=3496, tid=6136
#
# JRE version: Java(TM) SE Runtime Environment (8.0_65-b17) (build 1.8.0_65-b17)
# Java VM: Java HotSpot(TM) 64-Bit Server VM (25.65-b01 mixed mode windows-amd64 compressed oops)
# Problematic frame:
# C  [sqlite-3.7.2-sqlitejdbc.dll+0x7ce1]
#
# Failed to write core dump. Minidumps are not enabled by default on client versions of Windows
#
# If you would like to submit a bug report, please visit:
#   http://bugreport.java.com/bugreport/crash.jsp
# The crash happened outside the Java Virtual Machine in native code.
# See problematic frame for where to report the bug.
#

---------------  T H R E A D  ---------------

Current thread (0x00000000179ae000):  JavaThread "AWT-EventQueue-0" [_thread_in_native, id=6136, stack(0x0000000018fc0000,0x00000000190c0000)]

siginfo: ExceptionCode=0xc0000005, reading address 0x0000000000000000

Registers:
RAX=0x0000000000000000, RBX=0x0000000000000000, RCX=0x0000000000000000, RDX=0x0000000000000000
RSP=0x00000000190bcfe0, RBP=0x00000000190bd140, RSI=0x0000000000000000, RDI=0x000000001ce20478
R8 =0x000000006936a0b6, R9 =0x0000000000000000, R10=0x000000000245462b, R11=0x00000000740e9450
R12=0x0000000000000000, R13=0x0000000000000000, R14=0x000000006936a0b6, R15=0x00000000179ae000
RIP=0x0000000069347ce1, EFLAGS=0x0000000000010202

Top of Stack: (sp=0x00000000190bcfe0)
0x00000000190bcfe0:   00000000190bd1c0 00000000190bd160
0x00000000190bcff0:   00000001002b32f8 00000001002b36a0
0x00000000190bd000:   0000000000000000 00000000179ae1f8
0x00000000190bd010:   000000001ce20478 00000000190bd140
0x00000000190bd020:   0000000000000000 000000001d886310
0x00000000190bd030:   00000000190bd178 0000000069347da5
0x00000000190bd040:   00000000190bd140 00000000179ae000
0x00000000190bd050:   00000000190bd0f0 00000000740fafaa
0x00000000190bd060:   0000000017990328 00000000693423f8
0x00000000190bd070:   0000000000000000 000000001d8afcb0
0x00000000190bd080:   0000000017929a20 0000000073f75a91
0x00000000190bd090:   00000000190bdd98 000000001d886310
0x00000000190bd0a0:   0000000000000000 0000000002454657
0x00000000190bd0b0:   000000001ce20478 00000000024543f1
0x00000000190bd0c0:   00000000179ae000 000000001d886310
0x00000000190bd0d0:   00000000179ae000 00000000179ae000 

Instructions: (pc=0x0000000069347ce1)
0x0000000069347cc1:   30 48 89 6c 24 38 4c 89 64 24 40 4c 89 6c 24 48
0x0000000069347cd1:   4c 89 74 24 50 48 89 cb 89 d6 4d 89 c6 45 89 cd
0x0000000069347ce1:   48 8b 39 e8 91 ff ff ff 41 89 c4 39 c6 0f 9c c2
0x0000000069347cf1:   89 f0 f7 d0 c1 e8 1f bd 00 00 00 00 84 c2 74 48 


Register to memory mapping:

RAX=0x0000000000000000 is an unknown value
RBX=0x0000000000000000 is an unknown value
RCX=0x0000000000000000 is an unknown value
RDX=0x0000000000000000 is an unknown value
RSP=0x00000000190bcfe0 is pointing into the stack for thread: 0x00000000179ae000
RBP=0x00000000190bd140 is pointing into the stack for thread: 0x00000000179ae000
RSI=0x0000000000000000 is an unknown value
RDI=0x000000001ce20478 is pointing into metadata
R8 =0x000000006936a0b6 is an unknown value
R9 =0x0000000000000000 is an unknown value
R10=0x000000000245462b is at code_begin+1227 in an Interpreter codelet
method entry point (kind = native_synchronized)  [0x0000000002454160, 0x0000000002454c40]  2784 bytes
R11=0x00000000740e9450 is an unknown value
R12=0x0000000000000000 is an unknown value
R13=0x0000000000000000 is an unknown value
R14=0x000000006936a0b6 is an unknown value
R15=0x00000000179ae000 is a thread


Stack: [0x0000000018fc0000,0x00000000190c0000],  sp=0x00000000190bcfe0,  free space=1011k
Native frames: (J=compiled Java code, j=interpreted, Vv=VM code, C=native code)
C  [sqlite-3.7.2-sqlitejdbc.dll+0x7ce1]

Java frames: (J=compiled Java code, j=interpreted, Vv=VM code)
j  org.sqlite.NativeDB.column_name(JI)Ljava/lang/String;+0
j  org.sqlite.RS.getColumnName(I)Ljava/lang/String;+16
j  diplomawork.model.DB.DB_table.setDataSource(Ljava/sql/ResultSet;)V+54
j  diplomawork.model.DB.DB_table.<init>(Ljava/sql/ResultSet;)V+39
j  diplomawork.controler.MainWindow.jTabbedPane1MouseClicked(Ljava/awt/event/MouseEvent;)V+32
j  diplomawork.controler.MainWindow.access$100(Ldiplomawork/controler/MainWindow;Ljava/awt/event/MouseEvent;)V+2
j  diplomawork.controler.MainWindow$2.mouseClicked(Ljava/awt/event/MouseEvent;)V+5
j  java.awt.AWTEventMulticaster.mouseClicked(Ljava/awt/event/MouseEvent;)V+21
j  java.awt.Component.processMouseEvent(Ljava/awt/event/MouseEvent;)V+74
j  javax.swing.JComponent.processMouseEvent(Ljava/awt/event/MouseEvent;)V+23
j  java.awt.Component.processEvent(Ljava/awt/AWTEvent;)V+81
j  java.awt.Container.processEvent(Ljava/awt/AWTEvent;)V+18
j  java.awt.Component.dispatchEventImpl(Ljava/awt/AWTEvent;)V+589
j  java.awt.Container.dispatchEventImpl(Ljava/awt/AWTEvent;)V+42
j  java.awt.Component.dispatchEvent(Ljava/awt/AWTEvent;)V+2
j  java.awt.LightweightDispatcher.retargetMouseEvent(Ljava/awt/Component;ILjava/awt/event/MouseEvent;)V+327
j  java.awt.LightweightDispatcher.processMouseEvent(Ljava/awt/event/MouseEvent;)Z+171
j  java.awt.LightweightDispatcher.dispatchEvent(Ljava/awt/AWTEvent;)Z+50
j  java.awt.Container.dispatchEventImpl(Ljava/awt/AWTEvent;)V+12
j  java.awt.Window.dispatchEventImpl(Ljava/awt/AWTEvent;)V+19
j  java.awt.Component.dispatchEvent(Ljava/awt/AWTEvent;)V+2
j  java.awt.EventQueue.dispatchEventImpl(Ljava/awt/AWTEvent;Ljava/lang/Object;)V+41
j  java.awt.EventQueue.access$500(Ljava/awt/EventQueue;Ljava/awt/AWTEvent;Ljava/lang/Object;)V+3
j  java.awt.EventQueue$3.run()Ljava/lang/Void;+32
j  java.awt.EventQueue$3.run()Ljava/lang/Object;+1
v  ~StubRoutines::call_stub
J 1601  java.security.AccessController.doPrivileged(Ljava/security/PrivilegedAction;Ljava/security/AccessControlContext;)Ljava/lang/Object; (0 bytes) @ 0x0000000002923fa6 [0x0000000002923f40+0x66]
J 1676 C1 java.security.ProtectionDomain$JavaSecurityAccessImpl.doIntersectionPrivilege(Ljava/security/PrivilegedAction;Ljava/security/AccessControlContext;Ljava/security/AccessControlContext;)Ljava/lang/Object; (22 bytes) @ 0x00000000029574ec [0x0000000002957080+0x46c]
j  java.security.ProtectionDomain$JavaSecurityAccessImpl.doIntersectionPrivilege(Ljava/security/PrivilegedAction;Ljava/security/AccessControlContext;)Ljava/lang/Object;+6
j  java.awt.EventQueue$4.run()Ljava/lang/Void;+11
j  java.awt.EventQueue$4.run()Ljava/lang/Object;+1
v  ~StubRoutines::call_stub
J 1601  java.security.AccessController.doPrivileged(Ljava/security/PrivilegedAction;Ljava/security/AccessControlContext;)Ljava/lang/Object; (0 bytes) @ 0x0000000002923fa6 [0x0000000002923f40+0x66]
J 1676 C1 java.security.ProtectionDomain$JavaSecurityAccessImpl.doIntersectionPrivilege(Ljava/security/PrivilegedAction;Ljava/security/AccessControlContext;Ljava/security/AccessControlContext;)Ljava/lang/Object; (22 bytes) @ 0x00000000029574ec [0x0000000002957080+0x46c]
j  java.awt.EventQueue.dispatchEvent(Ljava/awt/AWTEvent;)V+73
j  java.awt.EventDispatchThread.pumpOneEventForFilters(I)V+245
j  java.awt.EventDispatchThread.pumpEventsForFilter(ILjava/awt/Conditional;Ljava/awt/EventFilter;)V+35
j  java.awt.EventDispatchThread.pumpEventsForHierarchy(ILjava/awt/Conditional;Ljava/awt/Component;)V+11
j  java.awt.EventDispatchThread.pumpEvents(ILjava/awt/Conditional;)V+4
j  java.awt.EventDispatchThread.pumpEvents(Ljava/awt/Conditional;)V+3
j  java.awt.EventDispatchThread.run()V+9
v  ~StubRoutines::call_stub

---------------  P R O C E S S  ---------------

Java Threads: ( => current thread )
  0x0000000018f2a800 JavaThread "Keep-Alive-Timer" daemon [_thread_blocked, id=612, stack(0x000000001d980000,0x000000001da80000)]
  0x0000000018f79000 JavaThread "TimerQueue" daemon [_thread_blocked, id=7012, stack(0x000000001d0a0000,0x000000001d1a0000)]
  0x0000000018ecd000 JavaThread "D3D Screen Updater" daemon [_thread_blocked, id=5528, stack(0x000000001b5c0000,0x000000001b6c0000)]
  0x0000000018e65000 JavaThread "Thread-4" [_thread_blocked, id=3564, stack(0x000000001b3c0000,0x000000001b4c0000)]
  0x0000000018dd3800 JavaThread "Thread-3" [_thread_in_vm, id=1360, stack(0x000000001b2c0000,0x000000001b3c0000)]
  0x00000000179a9800 JavaThread "Thread-1" [_thread_blocked, id=5564, stack(0x000000001abc0000,0x000000001acc0000)]
  0x0000000002340800 JavaThread "DestroyJavaVM" [_thread_blocked, id=6952, stack(0x0000000002240000,0x0000000002340000)]
=>0x00000000179ae000 JavaThread "AWT-EventQueue-0" [_thread_in_native, id=6136, stack(0x0000000018fc0000,0x00000000190c0000)]
  0x000000001798f000 JavaThread "AWT-Windows" daemon [_thread_in_native, id=5220, stack(0x00000000181b0000,0x00000000182b0000)]
  0x000000001798c800 JavaThread "AWT-Shutdown" [_thread_blocked, id=5396, stack(0x00000000180b0000,0x00000000181b0000)]
  0x0000000017935000 JavaThread "Java2D Disposer" daemon [_thread_blocked, id=568, stack(0x0000000017fb0000,0x00000000180b0000)]
  0x00000000175e8800 JavaThread "Service Thread" daemon [_thread_blocked, id=3516, stack(0x00000000179b0000,0x0000000017ab0000)]
  0x0000000015c7b000 JavaThread "C1 CompilerThread2" daemon [_thread_blocked, id=5548, stack(0x00000000174b0000,0x00000000175b0000)]
  0x0000000015c73000 JavaThread "C2 CompilerThread1" daemon [_thread_blocked, id=7160, stack(0x00000000173b0000,0x00000000174b0000)]
  0x0000000015c71000 JavaThread "C2 CompilerThread0" daemon [_thread_blocked, id=3028, stack(0x00000000172b0000,0x00000000173b0000)]
  0x0000000015c6e000 JavaThread "Attach Listener" daemon [_thread_blocked, id=5432, stack(0x00000000171b0000,0x00000000172b0000)]
  0x0000000015c6d000 JavaThread "Signal Dispatcher" daemon [_thread_blocked, id=6344, stack(0x00000000170b0000,0x00000000171b0000)]
  0x0000000002438800 JavaThread "Finalizer" daemon [_thread_blocked, id=6836, stack(0x0000000016ed0000,0x0000000016fd0000)]
  0x0000000015c38800 JavaThread "Reference Handler" daemon [_thread_blocked, id=372, stack(0x0000000016dd0000,0x0000000016ed0000)]

Other Threads:
  0x0000000015c37000 VMThread [stack: 0x0000000016cd0000,0x0000000016dd0000] [id=4140]
  0x0000000017602800 WatcherThread [stack: 0x0000000017ab0000,0x0000000017bb0000] [id=4964]

VM state:not at safepoint (normal execution)

VM Mutex/Monitor currently owned by a thread: None

Heap:
 PSYoungGen      total 28160K, used 5013K [0x00000000e0b80000, 0x00000000e4280000, 0x0000000100000000)
  eden space 24576K, 20% used [0x00000000e0b80000,0x00000000e1065658,0x00000000e2380000)
  from space 3584K, 0% used [0x00000000e3f00000,0x00000000e3f00000,0x00000000e4280000)
  to   space 3584K, 0% used [0x00000000e2380000,0x00000000e2380000,0x00000000e2700000)
 ParOldGen       total 52736K, used 7563K [0x00000000a2200000, 0x00000000a5580000, 0x00000000e0b80000)
  object space 52736K, 14% used [0x00000000a2200000,0x00000000a2962e10,0x00000000a5580000)
 Metaspace       used 22446K, capacity 22706K, committed 23088K, reserved 1069056K
  class space    used 2770K, capacity 2881K, committed 2944K, reserved 1048576K

Card table byte_map: [0x0000000011800000,0x0000000011af0000] byte_map_base: 0x00000000112ef000

Marking Bits: (ParMarkBitMap*) 0x00000000746ca5b0
 Begin Bits: [0x00000000120f0000, 0x0000000013868000)
 End Bits:   [0x0000000013868000, 0x0000000014fe0000)

Polling page: 0x0000000002150000

CodeCache: size=245760Kb used=5709Kb max_used=5709Kb free=240050Kb
 bounds [0x0000000002440000, 0x00000000029e0000, 0x0000000011440000]
 total_blobs=2488 nmethods=1841 adapters=560
 compilation: enabled

Compilation events (10 events):
Event: 3.103 Thread 0x0000000015c7b000 1830       1       java.util.Collections$EmptyIterator::hasNext (2 bytes)
Event: 3.103 Thread 0x0000000015c7b000 nmethod 1830 0x00000000029ba610 code [0x00000000029ba760, 0x00000000029ba870]
Event: 3.103 Thread 0x0000000015c7b000 1831       3       sun.util.calendar.Gregorian::newCalendarDate (9 bytes)
Event: 3.103 Thread 0x0000000015c7b000 nmethod 1831 0x00000000029cf550 code [0x00000000029cf6c0, 0x00000000029cf908]
Event: 3.103 Thread 0x0000000015c7b000 1832       3       sun.util.calendar.Gregorian$Date::<init> (6 bytes)
Event: 3.104 Thread 0x0000000015c7b000 nmethod 1832 0x00000000029cf010 code [0x00000000029cf180, 0x00000000029cf430]
Event: 3.104 Thread 0x0000000015c7b000 1833       3       java.util.Calendar::setFieldsComputed (117 bytes)
Event: 3.105 Thread 0x0000000015c7b000 nmethod 1833 0x00000000029ce650 code [0x00000000029ce800, 0x00000000029cecb0]
Event: 3.106 Thread 0x0000000015c7b000 1834       3       java.util.Calendar::isFieldSet (14 bytes)
Event: 3.106 Thread 0x0000000015c7b000 nmethod 1834 0x00000000029ce2d0 code [0x00000000029ce420, 0x00000000029ce5d0]

GC Heap History (6 events):
Event: 1.289 GC heap before
{Heap before GC invocations=1 (full 0):
 PSYoungGen      total 28160K, used 24576K [0x00000000e0b80000, 0x00000000e2a80000, 0x0000000100000000)
  eden space 24576K, 100% used [0x00000000e0b80000,0x00000000e2380000,0x00000000e2380000)
  from space 3584K, 0% used [0x00000000e2700000,0x00000000e2700000,0x00000000e2a80000)
  to   space 3584K, 0% used [0x00000000e2380000,0x00000000e2380000,0x00000000e2700000)
 ParOldGen       total 64512K, used 0K [0x00000000a2200000, 0x00000000a6100000, 0x00000000e0b80000)
  object space 64512K, 0% used [0x00000000a2200000,0x00000000a2200000,0x00000000a6100000)
 Metaspace       used 18695K, capacity 19006K, committed 19200K, reserved 1067008K
  class space    used 2379K, capacity 2489K, committed 2560K, reserved 1048576K
Event: 1.303 GC heap after
Heap after GC invocations=1 (full 0):
 PSYoungGen      total 28160K, used 3558K [0x00000000e0b80000, 0x00000000e4280000, 0x0000000100000000)
  eden space 24576K, 0% used [0x00000000e0b80000,0x00000000e0b80000,0x00000000e2380000)
  from space 3584K, 99% used [0x00000000e2380000,0x00000000e26f9ad0,0x00000000e2700000)
  to   space 3584K, 0% used [0x00000000e3f00000,0x00000000e3f00000,0x00000000e4280000)
 ParOldGen       total 64512K, used 3904K [0x00000000a2200000, 0x00000000a6100000, 0x00000000e0b80000)
  object space 64512K, 6% used [0x00000000a2200000,0x00000000a25d0320,0x00000000a6100000)
 Metaspace       used 18695K, capacity 19006K, committed 19200K, reserved 1067008K
  class space    used 2379K, capacity 2489K, committed 2560K, reserved 1048576K
}
Event: 2.274 GC heap before
{Heap before GC invocations=2 (full 0):
 PSYoungGen      total 28160K, used 15277K [0x00000000e0b80000, 0x00000000e4280000, 0x0000000100000000)
  eden space 24576K, 47% used [0x00000000e0b80000,0x00000000e16f1ab8,0x00000000e2380000)
  from space 3584K, 99% used [0x00000000e2380000,0x00000000e26f9ad0,0x00000000e2700000)
  to   space 3584K, 0% used [0x00000000e3f00000,0x00000000e3f00000,0x00000000e4280000)
 ParOldGen       total 64512K, used 3904K [0x00000000a2200000, 0x00000000a6100000, 0x00000000e0b80000)
  object space 64512K, 6% used [0x00000000a2200000,0x00000000a25d0320,0x00000000a6100000)
 Metaspace       used 20877K, capacity 21146K, committed 21296K, reserved 1069056K
  class space    used 2596K, capacity 2685K, committed 2688K, reserved 1048576K
Event: 2.284 GC heap after
Heap after GC invocations=2 (full 0):
 PSYoungGen      total 28160K, used 3574K [0x00000000e0b80000, 0x00000000e4280000, 0x0000000100000000)
  eden space 24576K, 0% used [0x00000000e0b80000,0x00000000e0b80000,0x00000000e2380000)
  from space 3584K, 99% used [0x00000000e3f00000,0x00000000e427dab0,0x00000000e4280000)
  to   space 3584K, 0% used [0x00000000e2380000,0x00000000e2380000,0x00000000e2700000)
 ParOldGen       total 64512K, used 6205K [0x00000000a2200000, 0x00000000a6100000, 0x00000000e0b80000)
  object space 64512K, 9% used [0x00000000a2200000,0x00000000a280f6c0,0x00000000a6100000)
 Metaspace       used 20877K, capacity 21146K, committed 21296K, reserved 1069056K
  class space    used 2596K, capacity 2685K, committed 2688K, reserved 1048576K
}
Event: 2.284 GC heap before
{Heap before GC invocations=3 (full 1):
 PSYoungGen      total 28160K, used 3574K [0x00000000e0b80000, 0x00000000e4280000, 0x0000000100000000)
  eden space 24576K, 0% used [0x00000000e0b80000,0x00000000e0b80000,0x00000000e2380000)
  from space 3584K, 99% used [0x00000000e3f00000,0x00000000e427dab0,0x00000000e4280000)
  to   space 3584K, 0% used [0x00000000e2380000,0x00000000e2380000,0x00000000e2700000)
 ParOldGen       total 64512K, used 6205K [0x00000000a2200000, 0x00000000a6100000, 0x00000000e0b80000)
  object space 64512K, 9% used [0x00000000a2200000,0x00000000a280f6c0,0x00000000a6100000)
 Metaspace       used 20877K, capacity 21146K, committed 21296K, reserved 1069056K
  class space    used 2596K, capacity 2685K, committed 2688K, reserved 1048576K
Event: 2.325 GC heap after
Heap after GC invocations=3 (full 1):
 PSYoungGen      total 28160K, used 0K [0x00000000e0b80000, 0x00000000e4280000, 0x0000000100000000)
  eden space 24576K, 0% used [0x00000000e0b80000,0x00000000e0b80000,0x00000000e2380000)
  from space 3584K, 0% used [0x00000000e3f00000,0x00000000e3f00000,0x00000000e4280000)
  to   space 3584K, 0% used [0x00000000e2380000,0x00000000e2380000,0x00000000e2700000)
 ParOldGen       total 52736K, used 7563K [0x00000000a2200000, 0x00000000a5580000, 0x00000000e0b80000)
  object space 52736K, 14% used [0x00000000a2200000,0x00000000a2962e10,0x00000000a5580000)
 Metaspace       used 20877K, capacity 21146K, committed 21296K, reserved 1069056K
  class space    used 2596K, capacity 2685K, committed 2688K, reserved 1048576K
}

Deoptimization events (10 events):
Event: 1.497 Thread 0x0000000018dd3800 Uncommon trap: reason=unstable_if action=reinterpret pc=0x000000000270d4dc method=sun.nio.cs.UTF_8$Encoder.encode([CII[B)I @ 33
Event: 1.548 Thread 0x0000000018dd3800 Uncommon trap: reason=unstable_if action=reinterpret pc=0x00000000027eb110 method=java.io.ByteArrayInputStream.read()I @ 8
Event: 1.715 Thread 0x0000000018dd3800 Uncommon trap: reason=unstable_if action=reinterpret pc=0x00000000027d1154 method=java.lang.CharacterDataLatin1.digit(II)I @ 82
Event: 1.717 Thread 0x0000000018e65000 Uncommon trap: reason=unstable_if action=reinterpret pc=0x0000000002798794 method=java.lang.CharacterDataLatin1.digit(II)I @ 82
Event: 2.360 Thread 0x0000000018dd3800 Uncommon trap: reason=unstable_if action=reinterpret pc=0x000000000292688c method=java.util.regex.Pattern$Start.match(Ljava/util/regex/Matcher;ILjava/lang/CharSequence;)Z @ 10
Event: 2.360 Thread 0x0000000018e65000 Uncommon trap: reason=unstable_if action=reinterpret pc=0x000000000292688c method=java.util.regex.Pattern$Start.match(Ljava/util/regex/Matcher;ILjava/lang/CharSequence;)Z @ 10
Event: 2.926 Thread 0x0000000018dd3800 Uncommon trap: reason=unstable_if action=reinterpret pc=0x00000000029bce90 method=java.security.DigestInputStream.read()I @ 17
Event: 2.927 Thread 0x0000000018dd3800 Uncommon trap: reason=unstable_if action=reinterpret pc=0x00000000028aa608 method=sun.nio.cs.UTF_8$Decoder.decode([BII[C)I @ 30
Event: 2.927 Thread 0x0000000018dd3800 Uncommon trap: reason=unstable_if action=reinterpret pc=0x00000000029ad524 method=sun.security.provider.DigestBase.engineUpdate(B)V @ 4
Event: 2.966 Thread 0x0000000018dd3800 Uncommon trap: reason=unstable_if action=reinterpret pc=0x00000000029b99dc method=java.security.DigestInputStream.read()I @ 17

Internal exceptions (10 events):
Event: 0.322 Thread 0x0000000002340800 Exception <a 'java/lang/ClassNotFoundException': ToolBarSeparator> (0x00000000e100e768) thrown at [C:\workspace\8-2-build-windows-amd64-cygwin\jdk8u65\4987\hotspot\src\share\vm\classfile\systemDictionary.cpp, line 210]
Event: 0.323 Thread 0x0000000002340800 Exception <a 'java/lang/ClassNotFoundException': ToolTip> (0x00000000e100eea8) thrown at [C:\workspace\8-2-build-windows-amd64-cygwin\jdk8u65\4987\hotspot\src\share\vm\classfile\systemDictionary.cpp, line 210]
Event: 0.324 Thread 0x0000000002340800 Exception <a 'java/lang/ClassNotFoundException': Tree> (0x00000000e100fac8) thrown at [C:\workspace\8-2-build-windows-amd64-cygwin\jdk8u65\4987\hotspot\src\share\vm\classfile\systemDictionary.cpp, line 210]
Event: 0.324 Thread 0x0000000002340800 Exception <a 'java/lang/ClassNotFoundException': Tree> (0x00000000e1010208) thrown at [C:\workspace\8-2-build-windows-amd64-cygwin\jdk8u65\4987\hotspot\src\share\vm\classfile\systemDictionary.cpp, line 210]
Event: 0.324 Thread 0x0000000002340800 Exception <a 'java/lang/ClassNotFoundException': javax/swing/JTreeCell> (0x00000000e1010588) thrown at [C:\workspace\8-2-build-windows-amd64-cygwin\jdk8u65\4987\hotspot\src\share\vm\classfile\systemDictionary.cpp, line 210]
Event: 0.324 Thread 0x0000000002340800 Exception <a 'java/lang/ClassNotFoundException': TreeCell> (0x00000000e1010a10) thrown at [C:\workspace\8-2-build-windows-amd64-cygwin\jdk8u65\4987\hotspot\src\share\vm\classfile\systemDictionary.cpp, line 210]
Event: 0.324 Thread 0x0000000002340800 Exception <a 'java/lang/ClassNotFoundException': RootPane> (0x00000000e1011470) thrown at [C:\workspace\8-2-build-windows-amd64-cygwin\jdk8u65\4987\hotspot\src\share\vm\classfile\systemDictionary.cpp, line 210]
Event: 0.651 Thread 0x00000000179ae000 Implicit null exception at 0x000000000263cb1a to 0x000000000263ce11
Event: 2.855 Thread 0x0000000018dd3800 Exception <a 'java/lang/ArrayIndexOutOfBoundsException'> (0x00000000e0f1d0c0) thrown at [C:\workspace\8-2-build-windows-amd64-cygwin\jdk8u65\4987\hotspot\src\share\vm\runtime\sharedRuntime.cpp, line 605]
Event: 2.927 Thread 0x0000000018dd3800 Implicit null exception at 0x00000000029ad1d1 to 0x00000000029ad511

Events (10 events):
Event: 3.105 loading class org/jfree/date/SerialDate
Event: 3.105 loading class org/jfree/date/SerialDate done
Event: 3.105 loading class org/jfree/date/SpreadsheetDate
Event: 3.105 loading class org/jfree/date/SpreadsheetDate done
Event: 3.106 loading class org/jfree/data/time/ohlc/OHLC
Event: 3.106 loading class org/jfree/data/time/ohlc/OHLC done
Event: 3.107 loading class org/jfree/data/general/SeriesChangeEvent
Event: 3.107 loading class org/jfree/data/general/SeriesChangeEvent done
Event: 3.147 loading class diplomawork/model/DB/DB_table
Event: 3.147 loading class diplomawork/model/DB/DB_table done


Dynamic libraries:
0x00007ff73eaa0000 - 0x00007ff73ead7000 	C:\Program Files\Java\jdk1.8.0_65\bin\java.exe
0x00007ffb58f10000 - 0x00007ffb590bc000 	C:\Windows\SYSTEM32\ntdll.dll
0x00007ffb58b40000 - 0x00007ffb58c7e000 	C:\Windows\system32\KERNEL32.DLL
0x00007ffb56420000 - 0x00007ffb56535000 	C:\Windows\system32\KERNELBASE.dll
0x00007ffb54c10000 - 0x00007ffb54c9e000 	C:\Windows\system32\apphelp.dll
0x00007ffb4a580000 - 0x00007ffb4a5d3000 	C:\Windows\AppPatch\AppPatch64\AcGenral.DLL
0x00007ffb58e60000 - 0x00007ffb58f0a000 	C:\Windows\system32\msvcrt.dll
0x00007ffb55e40000 - 0x00007ffb55e6e000 	C:\Windows\SYSTEM32\SspiCli.dll
0x00007ffb58d50000 - 0x00007ffb58da4000 	C:\Windows\system32\SHLWAPI.dll
0x00007ffb56830000 - 0x00007ffb569a7000 	C:\Windows\system32\USER32.dll
0x00007ffb56b00000 - 0x00007ffb56c94000 	C:\Windows\system32\ole32.dll
0x00007ffb57230000 - 0x00007ffb58749000 	C:\Windows\system32\SHELL32.dll
0x00007ffb55610000 - 0x00007ffb55631000 	C:\Windows\SYSTEM32\USERENV.dll
0x00007ffb58db0000 - 0x00007ffb58e5a000 	C:\Windows\system32\ADVAPI32.dll
0x00007ffb4b610000 - 0x00007ffb4b62e000 	C:\Windows\SYSTEM32\MPR.dll
0x00007ffb569b0000 - 0x00007ffb56af1000 	C:\Windows\system32\RPCRT4.dll
0x00007ffb588c0000 - 0x00007ffb58919000 	C:\Windows\SYSTEM32\sechost.dll
0x00007ffb58920000 - 0x00007ffb58b31000 	C:\Windows\SYSTEM32\combase.dll
0x00007ffb56f00000 - 0x00007ffb5704f000 	C:\Windows\system32\GDI32.dll
0x00007ffb56070000 - 0x00007ffb56085000 	C:\Windows\SYSTEM32\profapi.dll
0x00007ffb545c0000 - 0x00007ffb54672000 	C:\Windows\SYSTEM32\SHCORE.dll
0x00007ffb570b0000 - 0x00007ffb570e6000 	C:\Windows\system32\IMM32.DLL
0x00007ffb58750000 - 0x00007ffb588a2000 	C:\Windows\system32\MSCTF.dll
0x00007ffb53a80000 - 0x00007ffb53cfa000 	C:\Windows\WinSxS\amd64_microsoft.windows.common-controls_6595b64144ccf1df_6.0.9600.17810_none_6240b9c7ecbd0bda\COMCTL32.dll
0x0000000073de0000 - 0x0000000073eb2000 	C:\Program Files\Java\jdk1.8.0_65\jre\bin\msvcr100.dll
0x0000000073ec0000 - 0x0000000074749000 	C:\Program Files\Java\jdk1.8.0_65\jre\bin\server\jvm.dll
0x00007ffb531f0000 - 0x00007ffb531f9000 	C:\Windows\SYSTEM32\WSOCK32.dll
0x00007ffb4ccf0000 - 0x00007ffb4cd12000 	C:\Windows\SYSTEM32\WINMM.dll
0x00007ffb54050000 - 0x00007ffb5405a000 	C:\Windows\SYSTEM32\VERSION.dll
0x00007ffb588b0000 - 0x00007ffb588b7000 	C:\Windows\system32\PSAPI.DLL
0x00007ffb57050000 - 0x00007ffb570aa000 	C:\Windows\system32\WS2_32.dll
0x00007ffb4ccc0000 - 0x00007ffb4ccea000 	C:\Windows\SYSTEM32\WINMMBASE.dll
0x00007ffb58c80000 - 0x00007ffb58c89000 	C:\Windows\system32\NSI.dll
0x00007ffb56140000 - 0x00007ffb5618f000 	C:\Windows\SYSTEM32\cfgmgr32.dll
0x00007ffb54e80000 - 0x00007ffb54ea8000 	C:\Windows\SYSTEM32\DEVOBJ.dll
0x0000000073d90000 - 0x0000000073d9f000 	C:\Program Files\Java\jdk1.8.0_65\jre\bin\verify.dll
0x0000000073d60000 - 0x0000000073d89000 	C:\Program Files\Java\jdk1.8.0_65\jre\bin\java.dll
0x0000000073d40000 - 0x0000000073d56000 	C:\Program Files\Java\jdk1.8.0_65\jre\bin\zip.dll
0x0000000073b60000 - 0x0000000073cf8000 	C:\Program Files\Java\jdk1.8.0_65\jre\bin\awt.dll
0x00007ffb57160000 - 0x00007ffb57221000 	C:\Windows\system32\OLEAUT32.dll
0x00007ffb54ce0000 - 0x00007ffb54e09000 	C:\Windows\system32\uxtheme.dll
0x00007ffb543c0000 - 0x00007ffb543e1000 	C:\Windows\system32\dwmapi.dll
0x00007ffb54eb0000 - 0x00007ffb54ebb000 	C:\Windows\SYSTEM32\kernel.appcore.dll
0x00007ffb55ee0000 - 0x00007ffb55eeb000 	C:\Windows\SYSTEM32\CRYPTBASE.dll
0x00007ffb55e70000 - 0x00007ffb55ed3000 	C:\Windows\SYSTEM32\bcryptPrimitives.dll
0x0000000073b10000 - 0x0000000073b57000 	C:\Program Files\Java\jdk1.8.0_65\jre\bin\fontmanager.dll
0x00007ffb352a0000 - 0x00007ffb354c1000 	C:\Windows\system32\d3d9.dll
0x00007ffb53860000 - 0x00007ffb539a4000 	C:\Windows\SYSTEM32\aticfx64.dll
0x00007ffb35280000 - 0x00007ffb352a0000 	C:\Windows\SYSTEM32\atiu9p64.dll
0x00007ffb34b10000 - 0x00007ffb35271000 	C:\Windows\SYSTEM32\atiumd64.dll
0x0000000074f10000 - 0x000000007579d000 	C:\Windows\SYSTEM32\atiumd6a.dll
0x0000000073d20000 - 0x0000000073d3a000 	C:\Program Files\Java\jdk1.8.0_65\jre\bin\net.dll
0x00007ffb55880000 - 0x00007ffb558d9000 	C:\Windows\system32\mswsock.dll
0x0000000073d00000 - 0x0000000073d11000 	C:\Program Files\Java\jdk1.8.0_65\jre\bin\nio.dll
0x0000000073ac0000 - 0x0000000073b02000 	C:\Program Files\Java\jdk1.8.0_65\jre\bin\t2k.dll
0x0000000073a80000 - 0x0000000073aaa000 	C:\Program Files\Java\jdk1.8.0_65\jre\bin\dcpr.dll
0x0000000074e80000 - 0x0000000074ea4000 	C:\Program Files\Java\jdk1.8.0_65\jre\bin\sunec.dll
0x00007ffb58c90000 - 0x00007ffb58d46000 	C:\Windows\SYSTEM32\clbcatq.dll
0x00007ffb558e0000 - 0x00007ffb55900000 	C:\Windows\SYSTEM32\CRYPTSP.dll
0x00007ffb55500000 - 0x00007ffb55536000 	C:\Windows\system32\rsaenh.dll
0x00007ffb55b30000 - 0x00007ffb55b56000 	C:\Windows\SYSTEM32\bcrypt.dll
0x00007ffb51b40000 - 0x00007ffb51b6a000 	C:\Windows\SYSTEM32\IPHLPAPI.DLL
0x00007ffb534b0000 - 0x00007ffb534ba000 	C:\Windows\SYSTEM32\WINNSI.DLL
0x00007ffb50d80000 - 0x00007ffb50d96000 	C:\Windows\SYSTEM32\dhcpcsvc6.DLL
0x00007ffb51010000 - 0x00007ffb5102a000 	C:\Windows\SYSTEM32\dhcpcsvc.DLL
0x00007ffb52f40000 - 0x00007ffb52f55000 	C:\Windows\system32\napinsp.dll
0x00007ffb531c0000 - 0x00007ffb531da000 	C:\Windows\system32\pnrpnsp.dll
0x00007ffb52b80000 - 0x00007ffb52b9b000 	C:\Windows\system32\NLAapi.dll
0x00007ffb55680000 - 0x00007ffb55724000 	C:\Windows\SYSTEM32\DNSAPI.dll
0x00007ffb531e0000 - 0x00007ffb531ed000 	C:\Windows\System32\winrnr.dll
0x00007ffb41ce0000 - 0x00007ffb41cf4000 	C:\Windows\system32\wshbth.dll
0x0000000063560000 - 0x0000000063569000 	C:\Program Files\National Instruments\Shared\mDNS Responder\nimdnsNSP.dll
0x0000000063550000 - 0x000000006355e000 	C:\Windows\SYSTEM32\nimdnsResponder.dll
0x0000000075de0000 - 0x0000000075e83000 	C:\Windows\WinSxS\amd64_microsoft.vc90.crt_1fc8b3b9a1e18e3b_9.0.30729.8387_none_08e793bfa83a89b5\MSVCR90.dll
0x00007ffb4c160000 - 0x00007ffb4c16a000 	C:\Windows\System32\rasadhlp.dll
0x00007ffb50f30000 - 0x00007ffb50f9b000 	C:\Windows\System32\fwpuclnt.dll
0x0000000069340000 - 0x00000000693c5000 	F:\win\AppDataSSD\Local\Temp\sqlite-3.7.2-sqlitejdbc.dll
0x00007ffb49530000 - 0x00007ffb496b9000 	C:\Windows\SYSTEM32\dbghelp.dll

VM Arguments:
jvm_args: -Dfile.encoding=UTF-8 
java_command: diplomawork.controler.MainWindow
java_class_path (initial): F:\Users\Volodymyr\Documents\NetBeansProjects\DiplomaWork\libs\jcommon-1.0.23.jar;F:\Users\Volodymyr\Documents\NetBeansProjects\DiplomaWork\libs\jfreechart-1.0.19.jar;F:\Users\Volodymyr\Documents\NetBeansProjects\DiplomaWork\libs\neuroph-core-2.92.jar;F:\Users\Volodymyr\Documents\NetBeansProjects\DiplomaWork\libs\neuroph-imgrec-2.92.jar;F:\Users\Volodymyr\Documents\NetBeansProjects\DiplomaWork\libs\slf4j-api-1.7.5.jar;F:\Users\Volodymyr\Documents\NetBeansProjects\DiplomaWork\libs\logback-classic-1.1.2.jar;F:\Users\Volodymyr\Documents\NetBeansProjects\DiplomaWork\libs\logback-core-1.1.2.jar;F:\Users\Volodymyr\Documents\NetBeansProjects\DiplomaWork\libs\gson-2.5.jar;F:\Users\Volodymyr\Documents\NetBeansProjects\DiplomaWork\libs\sqlite-jdbc-3.7.2.jar;F:\Users\Volodymyr\Documents\NetBeansProjects\DiplomaWork\libs\nefclass.jar;F:\Users\Volodymyr\Documents\NetBeansProjects\DiplomaWork\build\classes
Launcher Type: SUN_STANDARD

Environment Variables:
JAVA_HOME=C:\Program Files\Java\jdk1.8.0_65
PATH=C:\ProgramData\Oracle\Java\javapath;C:\Windows\system32;C:\Windows;C:\Windows\System32\Wbem;C:\Windows\System32\WindowsPowerShell\v1.0\;C:\Program Files (x86)\ATI Technologies\ATI.ACE\Core-Static;F:\win\Program Files\IntelliJ IDEA 15.0.1\plugins\maven\lib\maven3\bin;C:\Program Files (x86)\Skype\Phone\
USERNAME=Volodymyr
OS=Windows_NT
PROCESSOR_IDENTIFIER=Intel64 Family 6 Model 37 Stepping 5, GenuineIntel



---------------  S Y S T E M  ---------------

OS: Windows 8.1 , 64 bit Build 9600 (6.3.9600.17415)

CPU:total 4 (2 cores per cpu, 2 threads per core) family 6 model 37 stepping 5, cmov, cx8, fxsr, mmx, sse, sse2, sse3, ssse3, sse4.1, sse4.2, popcnt, ht, tsc, tscinvbit

Memory: 4k page, physical 6150968k(2791860k free), swap 7134008k(3425152k free)

vm_info: Java HotSpot(TM) 64-Bit Server VM (25.65-b01) for windows-amd64 JRE (1.8.0_65-b17), built on Oct  6 2015 16:39:20 by "java_re" with MS VC++ 10.0 (VS2010)

time: Sat Feb 13 23:09:20 2016
elapsed time: 3 seconds (0d 0h 0m 3s)

