#
# A fatal error has been detected by the Java Runtime Environment:
#
#  EXCEPTION_ACCESS_VIOLATION (0xc0000005) at pc=0x0000000069347ce1, pid=396, tid=308
#
# JRE version: Java(TM) SE Runtime Environment (8.0_65-b17) (build 1.8.0_65-b17)
# Java VM: Java HotSpot(TM) 64-Bit Server VM (25.65-b01 mixed mode windows-amd64 compressed oops)
# Problematic frame:
# C  [sqlite-3.7.2-sqlitejdbc.dll+0x7ce1]
#
# Failed to write core dump. Minidumps are not enabled by default on client versions of Windows
#
# If you would like to submit a bug report, please visit:
#   http://bugreport.java.com/bugreport/crash.jsp
# The crash happened outside the Java Virtual Machine in native code.
# See problematic frame for where to report the bug.
#

---------------  T H R E A D  ---------------

Current thread (0x0000000018684800):  JavaThread "AWT-EventQueue-0" [_thread_in_native, id=308, stack(0x00000000195d0000,0x00000000196d0000)]

siginfo: ExceptionCode=0xc0000005, reading address 0x0000000000000000

Registers:
RAX=0x0000000000000000, RBX=0x0000000000000000, RCX=0x0000000000000000, RDX=0x0000000000000000
RSP=0x00000000196ce110, RBP=0x00000000196ce278, RSI=0x0000000000000000, RDI=0x0000000000042878
R8 =0x000000006936a0b6, R9 =0x0000000000000000, R10=0x0000000002a5462b, R11=0x00000000740e9450
R12=0x0000000000000000, R13=0x0000000000000000, R14=0x000000006936a0b6, R15=0x0000000018684800
RIP=0x0000000069347ce1, EFLAGS=0x0000000000010202

Top of Stack: (sp=0x00000000196ce110)
0x00000000196ce110:   0000000002a456d0 0000000000000000
0x00000000196ce120:   00000000196ce2f8 00000000196ce298
0x00000000196ce130:   0000000000000000 00000000186849f8
0x00000000196ce140:   0000000000042878 00000000196ce278
0x00000000196ce150:   0000000000000000 000000001b5a7188
0x00000000196ce160:   00000000196ce2b0 0000000069347da5
0x00000000196ce170:   0000000000000000 0000000002a60083
0x00000000196ce180:   000000001b600b60 0000000018684800
0x00000000196ce190:   000000001b600b28 00000000693423f8
0x00000000196ce1a0:   000000001b603ac0 0000000018684800
0x00000000196ce1b0:   00000000162a4458 000000001b600b38
0x00000000196ce1c0:   00000000000000b6 000000001b5a7188
0x00000000196ce1d0:   00000000118ef000 0000000002a54657
0x00000000196ce1e0:   0000000018684800 0000000073fed610
0x00000000196ce1f0:   000000001b60cf30 0000000018684800
0x00000000196ce200:   0000000017fb7e90 000000001b600b60 

Instructions: (pc=0x0000000069347ce1)
0x0000000069347cc1:   30 48 89 6c 24 38 4c 89 64 24 40 4c 89 6c 24 48
0x0000000069347cd1:   4c 89 74 24 50 48 89 cb 89 d6 4d 89 c6 45 89 cd
0x0000000069347ce1:   48 8b 39 e8 91 ff ff ff 41 89 c4 39 c6 0f 9c c2
0x0000000069347cf1:   89 f0 f7 d0 c1 e8 1f bd 00 00 00 00 84 c2 74 48 


Register to memory mapping:

RAX=0x0000000000000000 is an unknown value
RBX=0x0000000000000000 is an unknown value
RCX=0x0000000000000000 is an unknown value
RDX=0x0000000000000000 is an unknown value
RSP=0x00000000196ce110 is pointing into the stack for thread: 0x0000000018684800
RBP=0x00000000196ce278 is pointing into the stack for thread: 0x0000000018684800
RSI=0x0000000000000000 is an unknown value
RDI=0x0000000000042878 is an unknown value
R8 =0x000000006936a0b6 is an unknown value
R9 =0x0000000000000000 is an unknown value
R10=0x0000000002a5462b is at code_begin+1227 in an Interpreter codelet
method entry point (kind = native_synchronized)  [0x0000000002a54160, 0x0000000002a54c40]  2784 bytes
R11=0x00000000740e9450 is an unknown value
R12=0x0000000000000000 is an unknown value
R13=0x0000000000000000 is an unknown value
R14=0x000000006936a0b6 is an unknown value
R15=0x0000000018684800 is a thread


Stack: [0x00000000195d0000,0x00000000196d0000],  sp=0x00000000196ce110,  free space=1016k
Native frames: (J=compiled Java code, j=interpreted, Vv=VM code, C=native code)
C  [sqlite-3.7.2-sqlitejdbc.dll+0x7ce1]

Java frames: (J=compiled Java code, j=interpreted, Vv=VM code)
j  org.sqlite.NativeDB.column_name(JI)Ljava/lang/String;+0
j  org.sqlite.RS.getColumnName(I)Ljava/lang/String;+16
j  diplomawork.model.DB.DB_table.setDataSource(Ljava/sql/ResultSet;)V+54
j  diplomawork.model.DB.DB_table.<init>(Ljava/sql/ResultSet;)V+39
j  diplomawork.controler.MainWindow.<init>()V+90
j  diplomawork.controler.MainWindow$5.run()V+4
j  java.awt.event.InvocationEvent.dispatch()V+47
j  java.awt.EventQueue.dispatchEventImpl(Ljava/awt/AWTEvent;Ljava/lang/Object;)V+21
j  java.awt.EventQueue.access$500(Ljava/awt/EventQueue;Ljava/awt/AWTEvent;Ljava/lang/Object;)V+3
j  java.awt.EventQueue$3.run()Ljava/lang/Void;+32
j  java.awt.EventQueue$3.run()Ljava/lang/Object;+1
v  ~StubRoutines::call_stub
j  java.security.AccessController.doPrivileged(Ljava/security/PrivilegedAction;Ljava/security/AccessControlContext;)Ljava/lang/Object;+0
j  java.security.ProtectionDomain$JavaSecurityAccessImpl.doIntersectionPrivilege(Ljava/security/PrivilegedAction;Ljava/security/AccessControlContext;Ljava/security/AccessControlContext;)Ljava/lang/Object;+18
j  java.awt.EventQueue.dispatchEvent(Ljava/awt/AWTEvent;)V+46
j  java.awt.EventDispatchThread.pumpOneEventForFilters(I)V+245
j  java.awt.EventDispatchThread.pumpEventsForFilter(ILjava/awt/Conditional;Ljava/awt/EventFilter;)V+35
j  java.awt.EventDispatchThread.pumpEventsForHierarchy(ILjava/awt/Conditional;Ljava/awt/Component;)V+11
j  java.awt.EventDispatchThread.pumpEvents(ILjava/awt/Conditional;)V+4
j  java.awt.EventDispatchThread.pumpEvents(Ljava/awt/Conditional;)V+3
j  java.awt.EventDispatchThread.run()V+9
v  ~StubRoutines::call_stub

---------------  P R O C E S S  ---------------

Java Threads: ( => current thread )
  0x00000000186ae800 JavaThread "Thread-1" [_thread_blocked, id=4476, stack(0x000000001b170000,0x000000001b270000)]
  0x0000000002940800 JavaThread "DestroyJavaVM" [_thread_blocked, id=5164, stack(0x0000000002760000,0x0000000002860000)]
=>0x0000000018684800 JavaThread "AWT-EventQueue-0" [_thread_in_native, id=308, stack(0x00000000195d0000,0x00000000196d0000)]
  0x0000000017f75800 JavaThread "AWT-Windows" daemon [_thread_in_native, id=5140, stack(0x0000000018fc0000,0x00000000190c0000)]
  0x0000000017fb7000 JavaThread "AWT-Shutdown" [_thread_blocked, id=3964, stack(0x0000000018ec0000,0x0000000018fc0000)]
  0x0000000017fb6000 JavaThread "Java2D Disposer" daemon [_thread_blocked, id=6116, stack(0x0000000018dc0000,0x0000000018ec0000)]
  0x00000000162ce800 JavaThread "Service Thread" daemon [_thread_blocked, id=5808, stack(0x0000000017fc0000,0x00000000180c0000)]
  0x0000000016278800 JavaThread "C1 CompilerThread2" daemon [_thread_blocked, id=6668, stack(0x0000000017ac0000,0x0000000017bc0000)]
  0x0000000016271000 JavaThread "C2 CompilerThread1" daemon [_thread_blocked, id=6672, stack(0x00000000179c0000,0x0000000017ac0000)]
  0x000000001626c000 JavaThread "C2 CompilerThread0" daemon [_thread_blocked, id=4168, stack(0x00000000178c0000,0x00000000179c0000)]
  0x0000000016269000 JavaThread "Attach Listener" daemon [_thread_blocked, id=1500, stack(0x00000000177c0000,0x00000000178c0000)]
  0x0000000016277000 JavaThread "Signal Dispatcher" daemon [_thread_blocked, id=3076, stack(0x00000000176c0000,0x00000000177c0000)]
  0x0000000002a36000 JavaThread "Finalizer" daemon [_thread_blocked, id=4616, stack(0x00000000174e0000,0x00000000175e0000)]
  0x0000000002a2d000 JavaThread "Reference Handler" daemon [_thread_blocked, id=6548, stack(0x00000000173e0000,0x00000000174e0000)]

Other Threads:
  0x0000000016237800 VMThread [stack: 0x00000000172e0000,0x00000000173e0000] [id=2384]
  0x0000000017c09800 WatcherThread [stack: 0x00000000180c0000,0x00000000181c0000] [id=5560]

VM state:not at safepoint (normal execution)

VM Mutex/Monitor currently owned by a thread: None

Heap:
 PSYoungGen      total 28160K, used 9341K [0x00000000e0b80000, 0x00000000e2a80000, 0x0000000100000000)
  eden space 24576K, 38% used [0x00000000e0b80000,0x00000000e149f4b8,0x00000000e2380000)
  from space 3584K, 0% used [0x00000000e2700000,0x00000000e2700000,0x00000000e2a80000)
  to   space 3584K, 0% used [0x00000000e2380000,0x00000000e2380000,0x00000000e2700000)
 ParOldGen       total 64512K, used 0K [0x00000000a2200000, 0x00000000a6100000, 0x00000000e0b80000)
  object space 64512K, 0% used [0x00000000a2200000,0x00000000a2200000,0x00000000a6100000)
 Metaspace       used 13617K, capacity 13764K, committed 13952K, reserved 1060864K
  class space    used 1822K, capacity 1898K, committed 1920K, reserved 1048576K

Card table byte_map: [0x0000000011e00000,0x00000000120f0000] byte_map_base: 0x00000000118ef000

Marking Bits: (ParMarkBitMap*) 0x00000000746ca5b0
 Begin Bits: [0x00000000126f0000, 0x0000000013e68000)
 End Bits:   [0x0000000013e68000, 0x00000000155e0000)

Polling page: 0x0000000000db0000

CodeCache: size=245760Kb used=2899Kb max_used=2909Kb free=242860Kb
 bounds [0x0000000002a40000, 0x0000000002d20000, 0x0000000011a40000]
 total_blobs=1247 nmethods=761 adapters=400
 compilation: enabled

Compilation events (10 events):
Event: 1.436 Thread 0x000000001626c000  756   !   4       org.sqlite.SQLiteJDBCLoader::md5sum (104 bytes)
Event: 1.446 Thread 0x000000001626c000 nmethod 756 0x0000000002d17c90 code [0x0000000002d17e80, 0x0000000002d183f0]
Event: 1.467 Thread 0x0000000016278800  758   !   3       java.util.WeakHashMap::expungeStaleEntries (139 bytes)
Event: 1.468 Thread 0x0000000016278800 nmethod 758 0x0000000002d10050 code [0x0000000002d10220, 0x0000000002d10d28]
Event: 1.479 Thread 0x0000000016278800  759       3       java.util.WeakHashMap::getTable (9 bytes)
Event: 1.479 Thread 0x0000000016278800 nmethod 759 0x0000000002d0eb90 code [0x0000000002d0ed00, 0x0000000002d0eea8]
Event: 1.485 Thread 0x0000000016271000  760       4       java.util.concurrent.ConcurrentHashMap::tabAt (21 bytes)
Event: 1.486 Thread 0x0000000016271000 nmethod 760 0x0000000002d02f90 code [0x0000000002d030c0, 0x0000000002d03118]
Event: 1.487 Thread 0x0000000016278800  761       1       java.net.URLClassLoader::access$000 (5 bytes)
Event: 1.487 Thread 0x0000000016278800 nmethod 761 0x0000000002d0d150 code [0x0000000002d0d2a0, 0x0000000002d0d390]

GC Heap History (0 events):
No events

Deoptimization events (7 events):
Event: 1.125 Thread 0x0000000017f75800 Uncommon trap: reason=unstable_if action=reinterpret pc=0x0000000002c775cc method=java.util.HashMap.putVal(ILjava/lang/Object;Ljava/lang/Object;ZZ)Ljava/lang/Object; @ 206
Event: 1.281 Thread 0x0000000018684800 Uncommon trap: reason=unstable_if action=reinterpret pc=0x0000000002c85e38 method=java.lang.String.indexOf([CII[CIII)I @ 3
Event: 1.312 Thread 0x0000000018684800 Uncommon trap: reason=unstable_if action=reinterpret pc=0x0000000002cfd594 method=java.io.BufferedInputStream.read()I @ 8
Event: 1.319 Thread 0x0000000018684800 Uncommon trap: reason=unstable_if action=reinterpret pc=0x0000000002cfe12c method=java.io.BufferedInputStream.read()I @ 8
Event: 1.391 Thread 0x0000000018684800 Uncommon trap: reason=unstable_if action=reinterpret pc=0x0000000002d025c8 method=java.security.DigestInputStream.read()I @ 17
Event: 1.391 Thread 0x0000000018684800 Uncommon trap: reason=unstable_if action=reinterpret pc=0x0000000002d0d624 method=org.sqlite.SQLiteJDBCLoader.md5sum(Ljava/io/InputStream;)Ljava/lang/String; @ 29
Event: 1.392 Thread 0x0000000018684800 Uncommon trap: reason=unstable_if action=reinterpret pc=0x0000000002d01620 method=sun.security.provider.DigestBase.engineUpdate(B)V @ 4

Internal exceptions (10 events):
Event: 0.582 Thread 0x0000000002940800 Exception <a 'java/lang/ClassNotFoundException': ToggleButton> (0x00000000e100dcd8) thrown at [C:\workspace\8-2-build-windows-amd64-cygwin\jdk8u65\4987\hotspot\src\share\vm\classfile\systemDictionary.cpp, line 210]
Event: 0.582 Thread 0x0000000002940800 Exception <a 'java/lang/ClassNotFoundException': javax/swing/JToolBarSeparator> (0x00000000e100e138) thrown at [C:\workspace\8-2-build-windows-amd64-cygwin\jdk8u65\4987\hotspot\src\share\vm\classfile\systemDictionary.cpp, line 210]
Event: 0.582 Thread 0x0000000002940800 Exception <a 'java/lang/ClassNotFoundException': ToolBarSeparator> (0x00000000e100e5d0) thrown at [C:\workspace\8-2-build-windows-amd64-cygwin\jdk8u65\4987\hotspot\src\share\vm\classfile\systemDictionary.cpp, line 210]
Event: 0.583 Thread 0x0000000002940800 Exception <a 'java/lang/ClassNotFoundException': ToolTip> (0x00000000e100ed10) thrown at [C:\workspace\8-2-build-windows-amd64-cygwin\jdk8u65\4987\hotspot\src\share\vm\classfile\systemDictionary.cpp, line 210]
Event: 0.584 Thread 0x0000000002940800 Exception <a 'java/lang/ClassNotFoundException': Tree> (0x00000000e100f930) thrown at [C:\workspace\8-2-build-windows-amd64-cygwin\jdk8u65\4987\hotspot\src\share\vm\classfile\systemDictionary.cpp, line 210]
Event: 0.585 Thread 0x0000000002940800 Exception <a 'java/lang/ClassNotFoundException': Tree> (0x00000000e1010070) thrown at [C:\workspace\8-2-build-windows-amd64-cygwin\jdk8u65\4987\hotspot\src\share\vm\classfile\systemDictionary.cpp, line 210]
Event: 0.585 Thread 0x0000000002940800 Exception <a 'java/lang/ClassNotFoundException': javax/swing/JTreeCell> (0x00000000e10103f0) thrown at [C:\workspace\8-2-build-windows-amd64-cygwin\jdk8u65\4987\hotspot\src\share\vm\classfile\systemDictionary.cpp, line 210]
Event: 0.585 Thread 0x0000000002940800 Exception <a 'java/lang/ClassNotFoundException': TreeCell> (0x00000000e1010878) thrown at [C:\workspace\8-2-build-windows-amd64-cygwin\jdk8u65\4987\hotspot\src\share\vm\classfile\systemDictionary.cpp, line 210]
Event: 0.586 Thread 0x0000000002940800 Exception <a 'java/lang/ClassNotFoundException': RootPane> (0x00000000e10112d8) thrown at [C:\workspace\8-2-build-windows-amd64-cygwin\jdk8u65\4987\hotspot\src\share\vm\classfile\systemDictionary.cpp, line 210]
Event: 1.392 Thread 0x0000000018684800 Implicit null exception at 0x0000000002d0134a to 0x0000000002d0160d

Events (10 events):
Event: 1.478 loading class java/util/Hashtable$KeySet
Event: 1.478 loading class java/util/Hashtable$KeySet done
Event: 1.478 loading class java/util/Collections$EmptyIterator
Event: 1.478 loading class java/util/Collections$EmptyIterator done
Event: 1.478 loading class org/sqlite/PrepStmt
Event: 1.479 loading class org/sqlite/PrepStmt done
Event: 1.480 loading class java/sql/ParameterMetaData
Event: 1.480 loading class java/sql/ParameterMetaData done
Event: 1.486 loading class diplomawork/model/DB/DB_table
Event: 1.486 loading class diplomawork/model/DB/DB_table done


Dynamic libraries:
0x00007ff73eaa0000 - 0x00007ff73ead7000 	C:\Program Files\Java\jdk1.8.0_65\bin\java.exe
0x00007ffb58f10000 - 0x00007ffb590bc000 	C:\Windows\SYSTEM32\ntdll.dll
0x00007ffb58b40000 - 0x00007ffb58c7e000 	C:\Windows\system32\KERNEL32.DLL
0x00007ffb56420000 - 0x00007ffb56535000 	C:\Windows\system32\KERNELBASE.dll
0x00007ffb54c10000 - 0x00007ffb54c9e000 	C:\Windows\system32\apphelp.dll
0x00007ffb4f2e0000 - 0x00007ffb4f333000 	C:\Windows\AppPatch\AppPatch64\AcGenral.DLL
0x00007ffb58e60000 - 0x00007ffb58f0a000 	C:\Windows\system32\msvcrt.dll
0x00007ffb55e40000 - 0x00007ffb55e6e000 	C:\Windows\SYSTEM32\SspiCli.dll
0x00007ffb58d50000 - 0x00007ffb58da4000 	C:\Windows\system32\SHLWAPI.dll
0x00007ffb56830000 - 0x00007ffb569a7000 	C:\Windows\system32\USER32.dll
0x00007ffb56b00000 - 0x00007ffb56c94000 	C:\Windows\system32\ole32.dll
0x00007ffb57230000 - 0x00007ffb58749000 	C:\Windows\system32\SHELL32.dll
0x00007ffb55610000 - 0x00007ffb55631000 	C:\Windows\SYSTEM32\USERENV.dll
0x00007ffb58db0000 - 0x00007ffb58e5a000 	C:\Windows\system32\ADVAPI32.dll
0x00007ffb4b610000 - 0x00007ffb4b62e000 	C:\Windows\SYSTEM32\MPR.dll
0x00007ffb569b0000 - 0x00007ffb56af1000 	C:\Windows\system32\RPCRT4.dll
0x00007ffb588c0000 - 0x00007ffb58919000 	C:\Windows\SYSTEM32\sechost.dll
0x00007ffb58920000 - 0x00007ffb58b31000 	C:\Windows\SYSTEM32\combase.dll
0x00007ffb56f00000 - 0x00007ffb5704f000 	C:\Windows\system32\GDI32.dll
0x00007ffb56070000 - 0x00007ffb56085000 	C:\Windows\SYSTEM32\profapi.dll
0x00007ffb545c0000 - 0x00007ffb54672000 	C:\Windows\SYSTEM32\SHCORE.dll
0x00007ffb570b0000 - 0x00007ffb570e6000 	C:\Windows\system32\IMM32.DLL
0x00007ffb58750000 - 0x00007ffb588a2000 	C:\Windows\system32\MSCTF.dll
0x00007ffb53a80000 - 0x00007ffb53cfa000 	C:\Windows\WinSxS\amd64_microsoft.windows.common-controls_6595b64144ccf1df_6.0.9600.17810_none_6240b9c7ecbd0bda\COMCTL32.dll
0x0000000073de0000 - 0x0000000073eb2000 	C:\Program Files\Java\jdk1.8.0_65\jre\bin\msvcr100.dll
0x0000000073ec0000 - 0x0000000074749000 	C:\Program Files\Java\jdk1.8.0_65\jre\bin\server\jvm.dll
0x00007ffb531f0000 - 0x00007ffb531f9000 	C:\Windows\SYSTEM32\WSOCK32.dll
0x00007ffb4ccf0000 - 0x00007ffb4cd12000 	C:\Windows\SYSTEM32\WINMM.dll
0x00007ffb54050000 - 0x00007ffb5405a000 	C:\Windows\SYSTEM32\VERSION.dll
0x00007ffb588b0000 - 0x00007ffb588b7000 	C:\Windows\system32\PSAPI.DLL
0x00007ffb57050000 - 0x00007ffb570aa000 	C:\Windows\system32\WS2_32.dll
0x00007ffb4ccc0000 - 0x00007ffb4ccea000 	C:\Windows\SYSTEM32\WINMMBASE.dll
0x00007ffb58c80000 - 0x00007ffb58c89000 	C:\Windows\system32\NSI.dll
0x00007ffb56140000 - 0x00007ffb5618f000 	C:\Windows\SYSTEM32\cfgmgr32.dll
0x00007ffb54e80000 - 0x00007ffb54ea8000 	C:\Windows\SYSTEM32\DEVOBJ.dll
0x0000000073d90000 - 0x0000000073d9f000 	C:\Program Files\Java\jdk1.8.0_65\jre\bin\verify.dll
0x0000000073d60000 - 0x0000000073d89000 	C:\Program Files\Java\jdk1.8.0_65\jre\bin\java.dll
0x0000000073d40000 - 0x0000000073d56000 	C:\Program Files\Java\jdk1.8.0_65\jre\bin\zip.dll
0x0000000073b60000 - 0x0000000073cf8000 	C:\Program Files\Java\jdk1.8.0_65\jre\bin\awt.dll
0x00007ffb57160000 - 0x00007ffb57221000 	C:\Windows\system32\OLEAUT32.dll
0x00007ffb54ce0000 - 0x00007ffb54e09000 	C:\Windows\system32\uxtheme.dll
0x00007ffb543c0000 - 0x00007ffb543e1000 	C:\Windows\system32\dwmapi.dll
0x00007ffb54eb0000 - 0x00007ffb54ebb000 	C:\Windows\SYSTEM32\kernel.appcore.dll
0x00007ffb55ee0000 - 0x00007ffb55eeb000 	C:\Windows\SYSTEM32\CRYPTBASE.dll
0x00007ffb55e70000 - 0x00007ffb55ed3000 	C:\Windows\SYSTEM32\bcryptPrimitives.dll
0x0000000073b10000 - 0x0000000073b57000 	C:\Program Files\Java\jdk1.8.0_65\jre\bin\fontmanager.dll
0x00007ffb352a0000 - 0x00007ffb354c1000 	C:\Windows\system32\d3d9.dll
0x00007ffb53860000 - 0x00007ffb539a4000 	C:\Windows\SYSTEM32\aticfx64.dll
0x00007ffb35280000 - 0x00007ffb352a0000 	C:\Windows\SYSTEM32\atiu9p64.dll
0x00007ffb34b10000 - 0x00007ffb35271000 	C:\Windows\SYSTEM32\atiumd64.dll
0x0000000074f10000 - 0x000000007579d000 	C:\Windows\SYSTEM32\atiumd6a.dll
0x0000000073d20000 - 0x0000000073d3a000 	C:\Program Files\Java\jdk1.8.0_65\jre\bin\net.dll
0x00007ffb55880000 - 0x00007ffb558d9000 	C:\Windows\system32\mswsock.dll
0x0000000073d00000 - 0x0000000073d11000 	C:\Program Files\Java\jdk1.8.0_65\jre\bin\nio.dll
0x0000000073ac0000 - 0x0000000073b02000 	C:\Program Files\Java\jdk1.8.0_65\jre\bin\t2k.dll
0x0000000069340000 - 0x00000000693c5000 	F:\win\AppDataSSD\Local\Temp\sqlite-3.7.2-sqlitejdbc.dll
0x00007ffb49530000 - 0x00007ffb496b9000 	C:\Windows\SYSTEM32\dbghelp.dll

VM Arguments:
jvm_args: -Dfile.encoding=UTF-8 
java_command: diplomawork.controler.MainWindow
java_class_path (initial): F:\Users\Volodymyr\Documents\NetBeansProjects\DiplomaWork\libs\jcommon-1.0.23.jar;F:\Users\Volodymyr\Documents\NetBeansProjects\DiplomaWork\libs\jfreechart-1.0.19.jar;F:\Users\Volodymyr\Documents\NetBeansProjects\DiplomaWork\libs\neuroph-core-2.92.jar;F:\Users\Volodymyr\Documents\NetBeansProjects\DiplomaWork\libs\neuroph-imgrec-2.92.jar;F:\Users\Volodymyr\Documents\NetBeansProjects\DiplomaWork\libs\slf4j-api-1.7.5.jar;F:\Users\Volodymyr\Documents\NetBeansProjects\DiplomaWork\libs\logback-classic-1.1.2.jar;F:\Users\Volodymyr\Documents\NetBeansProjects\DiplomaWork\libs\logback-core-1.1.2.jar;F:\Users\Volodymyr\Documents\NetBeansProjects\DiplomaWork\libs\gson-2.5.jar;F:\Users\Volodymyr\Documents\NetBeansProjects\DiplomaWork\libs\sqlite-jdbc-3.7.2.jar;F:\Users\Volodymyr\Documents\NetBeansProjects\DiplomaWork\libs\nefclass.jar;F:\Users\Volodymyr\Documents\NetBeansProjects\DiplomaWork\build\classes
Launcher Type: SUN_STANDARD

Environment Variables:
JAVA_HOME=C:\Program Files\Java\jdk1.8.0_65
PATH=C:\ProgramData\Oracle\Java\javapath;C:\Windows\system32;C:\Windows;C:\Windows\System32\Wbem;C:\Windows\System32\WindowsPowerShell\v1.0\;C:\Program Files (x86)\ATI Technologies\ATI.ACE\Core-Static;F:\win\Program Files\IntelliJ IDEA 15.0.1\plugins\maven\lib\maven3\bin;C:\Program Files (x86)\Skype\Phone\
USERNAME=Volodymyr
OS=Windows_NT
PROCESSOR_IDENTIFIER=Intel64 Family 6 Model 37 Stepping 5, GenuineIntel



---------------  S Y S T E M  ---------------

OS: Windows 8.1 , 64 bit Build 9600 (6.3.9600.17415)

CPU:total 4 (2 cores per cpu, 2 threads per core) family 6 model 37 stepping 5, cmov, cx8, fxsr, mmx, sse, sse2, sse3, ssse3, sse4.1, sse4.2, popcnt, ht, tsc, tscinvbit

Memory: 4k page, physical 6150968k(3016448k free), swap 7134008k(3444284k free)

vm_info: Java HotSpot(TM) 64-Bit Server VM (25.65-b01) for windows-amd64 JRE (1.8.0_65-b17), built on Oct  6 2015 16:39:20 by "java_re" with MS VC++ 10.0 (VS2010)

time: Sat Feb 13 19:44:14 2016
elapsed time: 1 seconds (0d 0h 0m 1s)

