#
# A fatal error has been detected by the Java Runtime Environment:
#
#  EXCEPTION_ACCESS_VIOLATION (0xc0000005) at pc=0x0000000069347ce1, pid=6276, tid=6936
#
# JRE version: Java(TM) SE Runtime Environment (8.0_65-b17) (build 1.8.0_65-b17)
# Java VM: Java HotSpot(TM) 64-Bit Server VM (25.65-b01 mixed mode windows-amd64 compressed oops)
# Problematic frame:
# C  [sqlite-3.7.2-sqlitejdbc.dll+0x7ce1]
#
# Failed to write core dump. Minidumps are not enabled by default on client versions of Windows
#
# If you would like to submit a bug report, please visit:
#   http://bugreport.java.com/bugreport/crash.jsp
# The crash happened outside the Java Virtual Machine in native code.
# See problematic frame for where to report the bug.
#

---------------  T H R E A D  ---------------

Current thread (0x00000000185c7000):  JavaThread "AWT-EventQueue-0" [_thread_in_native, id=6936, stack(0x0000000019580000,0x0000000019680000)]

siginfo: ExceptionCode=0xc0000005, reading address 0x0000000000000000

Registers:
RAX=0x0000000000000000, RBX=0x0000000000000000, RCX=0x0000000000000000, RDX=0x0000000000000000
RSP=0x000000001967db40, RBP=0x000000001967dca0, RSI=0x0000000000000000, RDI=0x000000001b3ff810
R8 =0x000000006936a0b6, R9 =0x0000000000000000, R10=0x00000000029d462b, R11=0x00000000602c9450
R12=0x0000000000000000, R13=0x0000000000000000, R14=0x000000006936a0b6, R15=0x00000000185c7000
RIP=0x0000000069347ce1, EFLAGS=0x0000000000010202

Top of Stack: (sp=0x000000001967db40)
0x000000001967db40:   000000001967dd20 000000001967dcc0
0x000000001967db50:   0000000100213758 0000000100213b00
0x000000001967db60:   0000000000000000 00000000185c71f8
0x000000001967db70:   000000001b3ff810 000000001967dca0
0x000000001967db80:   0000000000000000 000000001c1f0480
0x000000001967db90:   000000001967dcd8 0000000069347da5
0x000000001967dba0:   000000001c209d88 00000000185c7000
0x000000001967dbb0:   000000001c209d50 0000000017bb8f50
0x000000001967dbc0:   000000001c20cce8 00000000693423f8
0x000000001967dbd0:   0000000017d240c8 000000001c209d60
0x000000001967dbe0:   00000000000000b6 000000001c209d88
0x000000001967dbf0:   00000000185c7000 000000001c1f0480
0x000000001967dc00:   0000000000000000 00000000029d4657
0x000000001967dc10:   000000001c226180 00000000185c7000
0x000000001967dc20:   000000001c209b60 000000001c209d88
0x000000001967dc30:   00000000185c7000 00000000185c7000 

Instructions: (pc=0x0000000069347ce1)
0x0000000069347cc1:   30 48 89 6c 24 38 4c 89 64 24 40 4c 89 6c 24 48
0x0000000069347cd1:   4c 89 74 24 50 48 89 cb 89 d6 4d 89 c6 45 89 cd
0x0000000069347ce1:   48 8b 39 e8 91 ff ff ff 41 89 c4 39 c6 0f 9c c2
0x0000000069347cf1:   89 f0 f7 d0 c1 e8 1f bd 00 00 00 00 84 c2 74 48 


Register to memory mapping:

RAX=0x0000000000000000 is an unknown value
RBX=0x0000000000000000 is an unknown value
RCX=0x0000000000000000 is an unknown value
RDX=0x0000000000000000 is an unknown value
RSP=0x000000001967db40 is pointing into the stack for thread: 0x00000000185c7000
RBP=0x000000001967dca0 is pointing into the stack for thread: 0x00000000185c7000
RSI=0x0000000000000000 is an unknown value
RDI=0x000000001b3ff810 is pointing into metadata
R8 =0x000000006936a0b6 is an unknown value
R9 =0x0000000000000000 is an unknown value
R10=0x00000000029d462b is at code_begin+1227 in an Interpreter codelet
method entry point (kind = native_synchronized)  [0x00000000029d4160, 0x00000000029d4c40]  2784 bytes
R11=0x00000000602c9450 is an unknown value
R12=0x0000000000000000 is an unknown value
R13=0x0000000000000000 is an unknown value
R14=0x000000006936a0b6 is an unknown value
R15=0x00000000185c7000 is a thread


Stack: [0x0000000019580000,0x0000000019680000],  sp=0x000000001967db40,  free space=1014k
Native frames: (J=compiled Java code, j=interpreted, Vv=VM code, C=native code)
C  [sqlite-3.7.2-sqlitejdbc.dll+0x7ce1]

Java frames: (J=compiled Java code, j=interpreted, Vv=VM code)
j  org.sqlite.NativeDB.column_name(JI)Ljava/lang/String;+0
j  org.sqlite.RS.getColumnName(I)Ljava/lang/String;+16
j  diplomawork.model.DB.DB_table.setDataSource(Ljava/sql/ResultSet;)V+54
j  diplomawork.model.DB.DB_table.<init>(Ljava/sql/ResultSet;)V+39
j  diplomawork.controler.MainWindow.<init>()V+120
j  diplomawork.controler.MainWindow$2.run()V+4
j  java.awt.event.InvocationEvent.dispatch()V+47
j  java.awt.EventQueue.dispatchEventImpl(Ljava/awt/AWTEvent;Ljava/lang/Object;)V+21
j  java.awt.EventQueue.access$500(Ljava/awt/EventQueue;Ljava/awt/AWTEvent;Ljava/lang/Object;)V+3
j  java.awt.EventQueue$3.run()Ljava/lang/Void;+32
j  java.awt.EventQueue$3.run()Ljava/lang/Object;+1
v  ~StubRoutines::call_stub
j  java.security.AccessController.doPrivileged(Ljava/security/PrivilegedAction;Ljava/security/AccessControlContext;)Ljava/lang/Object;+0
j  java.security.ProtectionDomain$JavaSecurityAccessImpl.doIntersectionPrivilege(Ljava/security/PrivilegedAction;Ljava/security/AccessControlContext;Ljava/security/AccessControlContext;)Ljava/lang/Object;+18
j  java.awt.EventQueue.dispatchEvent(Ljava/awt/AWTEvent;)V+46
j  java.awt.EventDispatchThread.pumpOneEventForFilters(I)V+245
j  java.awt.EventDispatchThread.pumpEventsForFilter(ILjava/awt/Conditional;Ljava/awt/EventFilter;)V+35
j  java.awt.EventDispatchThread.pumpEventsForHierarchy(ILjava/awt/Conditional;Ljava/awt/Component;)V+11
j  java.awt.EventDispatchThread.pumpEvents(ILjava/awt/Conditional;)V+4
j  java.awt.EventDispatchThread.pumpEvents(Ljava/awt/Conditional;)V+3
j  java.awt.EventDispatchThread.run()V+9
v  ~StubRoutines::call_stub

---------------  P R O C E S S  ---------------

Java Threads: ( => current thread )
  0x0000000018911800 JavaThread "Thread-3" [_thread_blocked, id=3052, stack(0x000000001bfb0000,0x000000001c0b0000)]
  0x0000000018bda800 JavaThread "Thread-2" [_thread_in_native, id=6196, stack(0x000000001beb0000,0x000000001bfb0000)]
  0x0000000018942000 JavaThread "Thread-1" [_thread_in_native, id=5832, stack(0x000000001bdb0000,0x000000001beb0000)]
  0x000000001887b800 JavaThread "Keep-Alive-Timer" daemon [_thread_blocked, id=3448, stack(0x000000001b7c0000,0x000000001b8c0000)]
  0x00000000028c0800 JavaThread "DestroyJavaVM" [_thread_blocked, id=7052, stack(0x00000000026e0000,0x00000000027e0000)]
=>0x00000000185c7000 JavaThread "AWT-EventQueue-0" [_thread_in_native, id=6936, stack(0x0000000019580000,0x0000000019680000)]
  0x0000000017f16000 JavaThread "AWT-Windows" daemon [_thread_in_native, id=6784, stack(0x0000000018f20000,0x0000000019020000)]
  0x0000000018575000 JavaThread "AWT-Shutdown" [_thread_blocked, id=7068, stack(0x0000000018e20000,0x0000000018f20000)]
  0x0000000018573800 JavaThread "Java2D Disposer" daemon [_thread_blocked, id=1456, stack(0x0000000018d20000,0x0000000018e20000)]
  0x000000001624e800 JavaThread "Service Thread" daemon [_thread_blocked, id=6732, stack(0x0000000017f20000,0x0000000018020000)]
  0x00000000161ef800 JavaThread "C1 CompilerThread2" daemon [_thread_blocked, id=1148, stack(0x0000000017a20000,0x0000000017b20000)]
  0x00000000161ec000 JavaThread "C2 CompilerThread1" daemon [_thread_blocked, id=5936, stack(0x0000000017920000,0x0000000017a20000)]
  0x00000000161ea000 JavaThread "C2 CompilerThread0" daemon [_thread_blocked, id=6324, stack(0x0000000017820000,0x0000000017920000)]
  0x00000000161e8800 JavaThread "Attach Listener" daemon [_thread_blocked, id=3608, stack(0x0000000017720000,0x0000000017820000)]
  0x00000000161f8000 JavaThread "Signal Dispatcher" daemon [_thread_blocked, id=6900, stack(0x0000000017620000,0x0000000017720000)]
  0x00000000029b6000 JavaThread "Finalizer" daemon [_thread_blocked, id=6908, stack(0x0000000017440000,0x0000000017540000)]
  0x00000000029ad000 JavaThread "Reference Handler" daemon [_thread_blocked, id=7128, stack(0x0000000017340000,0x0000000017440000)]

Other Threads:
  0x00000000161b7800 VMThread [stack: 0x0000000017240000,0x0000000017340000] [id=2852]
  0x0000000017b72000 WatcherThread [stack: 0x0000000018020000,0x0000000018120000] [id=7024]

VM state:not at safepoint (normal execution)

VM Mutex/Monitor currently owned by a thread: None

Heap:
 PSYoungGen      total 28160K, used 13240K [0x00000000e0b80000, 0x00000000e2a80000, 0x0000000100000000)
  eden space 24576K, 39% used [0x00000000e0b80000,0x00000000e14f1488,0x00000000e2380000)
  from space 3584K, 99% used [0x00000000e2380000,0x00000000e26fcd10,0x00000000e2700000)
  to   space 3584K, 0% used [0x00000000e2700000,0x00000000e2700000,0x00000000e2a80000)
 ParOldGen       total 64512K, used 2268K [0x00000000a2200000, 0x00000000a6100000, 0x00000000e0b80000)
  object space 64512K, 3% used [0x00000000a2200000,0x00000000a2437310,0x00000000a6100000)
 Metaspace       used 20102K, capacity 20352K, committed 20608K, reserved 1067008K
  class space    used 2471K, capacity 2568K, committed 2688K, reserved 1048576K

Card table byte_map: [0x0000000011d80000,0x0000000012070000] byte_map_base: 0x000000001186f000

Marking Bits: (ParMarkBitMap*) 0x00000000608aa5b0
 Begin Bits: [0x0000000012670000, 0x0000000013de8000)
 End Bits:   [0x0000000013de8000, 0x0000000015560000)

Polling page: 0x0000000000da0000

CodeCache: size=245760Kb used=4831Kb max_used=4831Kb free=240928Kb
 bounds [0x00000000029c0000, 0x0000000002e90000, 0x00000000119c0000]
 total_blobs=2047 nmethods=1459 adapters=501
 compilation: enabled

Compilation events (10 events):
Event: 2.532 Thread 0x00000000161ef800 nmethod 1455 0x0000000002e6e9d0 code [0x0000000002e6eb40, 0x0000000002e6ed68]
Event: 2.532 Thread 0x00000000161ec000 1456       4       java.security.MessageDigest$Delegate::engineUpdate (9 bytes)
Event: 2.541 Thread 0x00000000161ec000 nmethod 1456 0x0000000002e71bd0 code [0x0000000002e71d40, 0x0000000002e722a8]
Event: 2.541 Thread 0x00000000161ec000 1457 % !   4       org.sqlite.SQLiteJDBCLoader::md5sum @ 25 (104 bytes)
Event: 2.543 Thread 0x00000000161ea000 nmethod 1452 0x0000000002e73450 code [0x0000000002e735a0, 0x0000000002e741e8]
Event: 2.551 Thread 0x00000000161ec000 nmethod 1457% 0x0000000002e76690 code [0x0000000002e76860, 0x0000000002e76f40]
Event: 2.552 Thread 0x00000000161ea000 1458   !   4       org.sqlite.SQLiteJDBCLoader::md5sum (104 bytes)
Event: 2.560 Thread 0x00000000161ef800 1459       3       sun.nio.cs.UTF_8$Decoder::decode (779 bytes)
Event: 2.565 Thread 0x00000000161ea000 nmethod 1458 0x0000000002e776d0 code [0x0000000002e778e0, 0x0000000002e781a0]
Event: 2.568 Thread 0x00000000161ef800 nmethod 1459 0x0000000002e78a10 code [0x0000000002e79040, 0x0000000002e7da58]

GC Heap History (2 events):
Event: 2.082 GC heap before
{Heap before GC invocations=1 (full 0):
 PSYoungGen      total 28160K, used 24576K [0x00000000e0b80000, 0x00000000e2a80000, 0x0000000100000000)
  eden space 24576K, 100% used [0x00000000e0b80000,0x00000000e2380000,0x00000000e2380000)
  from space 3584K, 0% used [0x00000000e2700000,0x00000000e2700000,0x00000000e2a80000)
  to   space 3584K, 0% used [0x00000000e2380000,0x00000000e2380000,0x00000000e2700000)
 ParOldGen       total 64512K, used 0K [0x00000000a2200000, 0x00000000a6100000, 0x00000000e0b80000)
  object space 64512K, 0% used [0x00000000a2200000,0x00000000a2200000,0x00000000a6100000)
 Metaspace       used 14809K, capacity 15052K, committed 15232K, reserved 1062912K
  class space    used 1785K, capacity 1848K, committed 1920K, reserved 1048576K
Event: 2.092 GC heap after
Heap after GC invocations=1 (full 0):
 PSYoungGen      total 28160K, used 3571K [0x00000000e0b80000, 0x00000000e2a80000, 0x0000000100000000)
  eden space 24576K, 0% used [0x00000000e0b80000,0x00000000e0b80000,0x00000000e2380000)
  from space 3584K, 99% used [0x00000000e2380000,0x00000000e26fcd10,0x00000000e2700000)
  to   space 3584K, 0% used [0x00000000e2700000,0x00000000e2700000,0x00000000e2a80000)
 ParOldGen       total 64512K, used 2268K [0x00000000a2200000, 0x00000000a6100000, 0x00000000e0b80000)
  object space 64512K, 3% used [0x00000000a2200000,0x00000000a2437310,0x00000000a6100000)
 Metaspace       used 14809K, capacity 15052K, committed 15232K, reserved 1062912K
  class space    used 1785K, capacity 1848K, committed 1920K, reserved 1048576K
}

Deoptimization events (10 events):
Event: 2.284 Thread 0x00000000185c7000 Uncommon trap: reason=unstable_if action=reinterpret pc=0x0000000002ce5d20 method=java.util.HashMap.resize()[Ljava/util/HashMap$Node; @ 206
Event: 2.284 Thread 0x00000000185c7000 Uncommon trap: reason=unstable_if action=reinterpret pc=0x0000000002c65460 method=java.util.HashMap.putVal(ILjava/lang/Object;Ljava/lang/Object;ZZ)Ljava/lang/Object; @ 109
Event: 2.351 Thread 0x00000000185c7000 Uncommon trap: reason=unstable_if action=reinterpret pc=0x0000000002c69404 method=java.util.HashMap.putVal(ILjava/lang/Object;Ljava/lang/Object;ZZ)Ljava/lang/Object; @ 109
Event: 2.392 Thread 0x00000000185c7000 Uncommon trap: reason=null_check action=make_not_entrant pc=0x0000000002e094a0 method=javax.swing.plaf.nimbus.DerivedColor.equals(Ljava/lang/Object;)Z @ 8
Event: 2.453 Thread 0x00000000185c7000 Uncommon trap: reason=class_check action=maybe_recompile pc=0x0000000002b39fe8 method=java.lang.String.equals(Ljava/lang/Object;)Z @ 8
Event: 2.456 Thread 0x00000000185c7000 Uncommon trap: reason=class_check action=maybe_recompile pc=0x0000000002b39fe8 method=java.lang.String.equals(Ljava/lang/Object;)Z @ 8
Event: 2.530 Thread 0x00000000185c7000 Uncommon trap: reason=unstable_if action=reinterpret pc=0x0000000002e6cc8c method=java.security.DigestInputStream.read()I @ 17
Event: 2.531 Thread 0x00000000185c7000 Uncommon trap: reason=unstable_if action=reinterpret pc=0x0000000002ca5948 method=sun.nio.cs.UTF_8$Decoder.decode([BII[C)I @ 30
Event: 2.531 Thread 0x00000000185c7000 Uncommon trap: reason=unstable_if action=reinterpret pc=0x0000000002e5482c method=sun.security.provider.DigestBase.engineUpdate(B)V @ 4
Event: 2.560 Thread 0x00000000185c7000 Uncommon trap: reason=unstable_if action=reinterpret pc=0x0000000002e60a5c method=java.security.DigestInputStream.read()I @ 17

Internal exceptions (10 events):
Event: 0.341 Thread 0x00000000028c0800 Exception <a 'java/lang/ClassNotFoundException': ToolBarSeparator> (0x00000000e10115b0) thrown at [C:\workspace\8-2-build-windows-amd64-cygwin\jdk8u65\4987\hotspot\src\share\vm\classfile\systemDictionary.cpp, line 210]
Event: 0.341 Thread 0x00000000028c0800 Exception <a 'java/lang/ClassNotFoundException': ToolTip> (0x00000000e1011cf0) thrown at [C:\workspace\8-2-build-windows-amd64-cygwin\jdk8u65\4987\hotspot\src\share\vm\classfile\systemDictionary.cpp, line 210]
Event: 0.342 Thread 0x00000000028c0800 Exception <a 'java/lang/ClassNotFoundException': Tree> (0x00000000e1012910) thrown at [C:\workspace\8-2-build-windows-amd64-cygwin\jdk8u65\4987\hotspot\src\share\vm\classfile\systemDictionary.cpp, line 210]
Event: 0.342 Thread 0x00000000028c0800 Exception <a 'java/lang/ClassNotFoundException': Tree> (0x00000000e1013050) thrown at [C:\workspace\8-2-build-windows-amd64-cygwin\jdk8u65\4987\hotspot\src\share\vm\classfile\systemDictionary.cpp, line 210]
Event: 0.342 Thread 0x00000000028c0800 Exception <a 'java/lang/ClassNotFoundException': javax/swing/JTreeCell> (0x00000000e10133d0) thrown at [C:\workspace\8-2-build-windows-amd64-cygwin\jdk8u65\4987\hotspot\src\share\vm\classfile\systemDictionary.cpp, line 210]
Event: 0.342 Thread 0x00000000028c0800 Exception <a 'java/lang/ClassNotFoundException': TreeCell> (0x00000000e1013858) thrown at [C:\workspace\8-2-build-windows-amd64-cygwin\jdk8u65\4987\hotspot\src\share\vm\classfile\systemDictionary.cpp, line 210]
Event: 0.343 Thread 0x00000000028c0800 Exception <a 'java/lang/ClassNotFoundException': RootPane> (0x00000000e10142b8) thrown at [C:\workspace\8-2-build-windows-amd64-cygwin\jdk8u65\4987\hotspot\src\share\vm\classfile\systemDictionary.cpp, line 210]
Event: 2.037 Thread 0x00000000185c7000 Exception <a 'java/lang/ArrayIndexOutOfBoundsException'> (0x00000000e229a4a0) thrown at [C:\workspace\8-2-build-windows-amd64-cygwin\jdk8u65\4987\hotspot\src\share\vm\runtime\sharedRuntime.cpp, line 605]
Event: 2.392 Thread 0x00000000185c7000 Implicit null exception at 0x0000000002e0919a to 0x0000000002e09491
Event: 2.531 Thread 0x00000000185c7000 Implicit null exception at 0x0000000002e544d1 to 0x0000000002e54815

Events (10 events):
Event: 2.568 loading class org/sqlite/RS
Event: 2.568 loading class org/sqlite/RS done
Event: 2.569 loading class java/sql/ResultSetMetaData
Event: 2.569 loading class java/sql/ResultSetMetaData done
Event: 2.572 loading class org/sqlite/PrepStmt
Event: 2.572 loading class org/sqlite/PrepStmt done
Event: 2.572 loading class java/sql/ParameterMetaData
Event: 2.572 loading class java/sql/ParameterMetaData done
Event: 2.576 loading class diplomawork/model/DB/DB_table
Event: 2.576 loading class diplomawork/model/DB/DB_table done


Dynamic libraries:
0x00007ff6a1590000 - 0x00007ff6a15c7000 	C:\Program Files\Java\jdk1.8.0_65\bin\java.exe
0x00007fffb60d0000 - 0x00007fffb627c000 	C:\Windows\SYSTEM32\ntdll.dll
0x00007fffb5ef0000 - 0x00007fffb602e000 	C:\Windows\system32\KERNEL32.DLL
0x00007fffb3300000 - 0x00007fffb3415000 	C:\Windows\system32\KERNELBASE.dll
0x00007fffb1dd0000 - 0x00007fffb1e5e000 	C:\Windows\system32\apphelp.dll
0x00007fffaaa80000 - 0x00007fffaaad3000 	C:\Windows\AppPatch\AppPatch64\AcGenral.DLL
0x00007fffb3d60000 - 0x00007fffb3e0a000 	C:\Windows\system32\msvcrt.dll
0x00007fffb3060000 - 0x00007fffb308e000 	C:\Windows\SYSTEM32\SspiCli.dll
0x00007fffb5770000 - 0x00007fffb57c4000 	C:\Windows\system32\SHLWAPI.dll
0x00007fffb3a10000 - 0x00007fffb3b87000 	C:\Windows\system32\USER32.dll
0x00007fffb5b30000 - 0x00007fffb5cc4000 	C:\Windows\system32\ole32.dll
0x00007fffb3e20000 - 0x00007fffb5339000 	C:\Windows\system32\SHELL32.dll
0x00007fffb27d0000 - 0x00007fffb27f1000 	C:\Windows\SYSTEM32\USERENV.dll
0x00007fffb5920000 - 0x00007fffb59ca000 	C:\Windows\system32\ADVAPI32.dll
0x00007fffa87d0000 - 0x00007fffa87ee000 	C:\Windows\SYSTEM32\MPR.dll
0x00007fffb57d0000 - 0x00007fffb5911000 	C:\Windows\system32\RPCRT4.dll
0x00007fffb5340000 - 0x00007fffb5399000 	C:\Windows\SYSTEM32\sechost.dll
0x00007fffb5cd0000 - 0x00007fffb5ee1000 	C:\Windows\SYSTEM32\combase.dll
0x00007fffb5610000 - 0x00007fffb575f000 	C:\Windows\system32\GDI32.dll
0x00007fffb3230000 - 0x00007fffb3245000 	C:\Windows\SYSTEM32\profapi.dll
0x00007fffb15d0000 - 0x00007fffb1682000 	C:\Windows\SYSTEM32\SHCORE.dll
0x00007fffb6090000 - 0x00007fffb60c6000 	C:\Windows\system32\IMM32.DLL
0x00007fffb59d0000 - 0x00007fffb5b22000 	C:\Windows\system32\MSCTF.dll
0x00007fffb0900000 - 0x00007fffb0b7a000 	C:\Windows\WinSxS\amd64_microsoft.windows.common-controls_6595b64144ccf1df_6.0.9600.17810_none_6240b9c7ecbd0bda\COMCTL32.dll
0x000000005ffc0000 - 0x0000000060092000 	C:\Program Files\Java\jdk1.8.0_65\jre\bin\msvcr100.dll
0x00000000600a0000 - 0x0000000060929000 	C:\Program Files\Java\jdk1.8.0_65\jre\bin\server\jvm.dll
0x00007fffaf990000 - 0x00007fffaf999000 	C:\Windows\SYSTEM32\WSOCK32.dll
0x00007fffa9ed0000 - 0x00007fffa9ef2000 	C:\Windows\SYSTEM32\WINMM.dll
0x00007fffb1210000 - 0x00007fffb121a000 	C:\Windows\SYSTEM32\VERSION.dll
0x00007fffb3e10000 - 0x00007fffb3e17000 	C:\Windows\system32\PSAPI.DLL
0x00007fffb6030000 - 0x00007fffb608a000 	C:\Windows\system32\WS2_32.dll
0x00007fffa9ea0000 - 0x00007fffa9eca000 	C:\Windows\SYSTEM32\WINMMBASE.dll
0x00007fffb3820000 - 0x00007fffb3829000 	C:\Windows\system32\NSI.dll
0x00007fffb3660000 - 0x00007fffb36af000 	C:\Windows\SYSTEM32\cfgmgr32.dll
0x00007fffb2020000 - 0x00007fffb2048000 	C:\Windows\SYSTEM32\DEVOBJ.dll
0x000000005ff70000 - 0x000000005ff7f000 	C:\Program Files\Java\jdk1.8.0_65\jre\bin\verify.dll
0x000000005ff40000 - 0x000000005ff69000 	C:\Program Files\Java\jdk1.8.0_65\jre\bin\java.dll
0x000000005ff20000 - 0x000000005ff36000 	C:\Program Files\Java\jdk1.8.0_65\jre\bin\zip.dll
0x000000005fd40000 - 0x000000005fed8000 	C:\Program Files\Java\jdk1.8.0_65\jre\bin\awt.dll
0x00007fffb3b90000 - 0x00007fffb3c51000 	C:\Windows\system32\OLEAUT32.dll
0x00007fffb1ea0000 - 0x00007fffb1fc9000 	C:\Windows\system32\uxtheme.dll
0x00007fffb1220000 - 0x00007fffb1241000 	C:\Windows\system32\dwmapi.dll
0x00007fffb2070000 - 0x00007fffb207b000 	C:\Windows\SYSTEM32\kernel.appcore.dll
0x00007fffb3100000 - 0x00007fffb310b000 	C:\Windows\SYSTEM32\CRYPTBASE.dll
0x00007fffb3090000 - 0x00007fffb30f3000 	C:\Windows\SYSTEM32\bcryptPrimitives.dll
0x000000005fcf0000 - 0x000000005fd37000 	C:\Program Files\Java\jdk1.8.0_65\jre\bin\fontmanager.dll
0x00007fff93390000 - 0x00007fff935b1000 	C:\Windows\system32\d3d9.dll
0x00007fffb0c60000 - 0x00007fffb0da4000 	C:\Windows\SYSTEM32\aticfx64.dll
0x00007fff93370000 - 0x00007fff93390000 	C:\Windows\SYSTEM32\atiu9p64.dll
0x00007fff92c00000 - 0x00007fff93361000 	C:\Windows\SYSTEM32\atiumd64.dll
0x0000000060ed0000 - 0x000000006175d000 	C:\Windows\SYSTEM32\atiumd6a.dll
0x000000005e280000 - 0x000000005e2a4000 	C:\Program Files\Java\jdk1.8.0_65\jre\bin\sunec.dll
0x00007fffb2aa0000 - 0x00007fffb2ac0000 	C:\Windows\SYSTEM32\CRYPTSP.dll
0x00007fffb26c0000 - 0x00007fffb26f6000 	C:\Windows\system32\rsaenh.dll
0x00007fffb2d50000 - 0x00007fffb2d76000 	C:\Windows\SYSTEM32\bcrypt.dll
0x000000005ff00000 - 0x000000005ff1a000 	C:\Program Files\Java\jdk1.8.0_65\jre\bin\net.dll
0x00007fffb2a40000 - 0x00007fffb2a99000 	C:\Windows\system32\mswsock.dll
0x00007fffaef80000 - 0x00007fffaefaa000 	C:\Windows\SYSTEM32\IPHLPAPI.DLL
0x00007fffaef70000 - 0x00007fffaef7a000 	C:\Windows\SYSTEM32\WINNSI.DLL
0x00007fffadf90000 - 0x00007fffadfa6000 	C:\Windows\SYSTEM32\dhcpcsvc6.DLL
0x00007fffae220000 - 0x00007fffae23a000 	C:\Windows\SYSTEM32\dhcpcsvc.DLL
0x000000005fee0000 - 0x000000005fef1000 	C:\Program Files\Java\jdk1.8.0_65\jre\bin\nio.dll
0x00007fffa92c0000 - 0x00007fffa92d5000 	C:\Windows\system32\napinsp.dll
0x00007fffa92e0000 - 0x00007fffa92fa000 	C:\Windows\system32\pnrpnsp.dll
0x00007fffb06f0000 - 0x00007fffb070b000 	C:\Windows\system32\NLAapi.dll
0x00007fffb2840000 - 0x00007fffb28e4000 	C:\Windows\SYSTEM32\DNSAPI.dll
0x00007fffa9300000 - 0x00007fffa930d000 	C:\Windows\System32\winrnr.dll
0x00007fffa9310000 - 0x00007fffa9324000 	C:\Windows\system32\wshbth.dll
0x0000000063560000 - 0x0000000063569000 	C:\Program Files\National Instruments\Shared\mDNS Responder\nimdnsNSP.dll
0x0000000063550000 - 0x000000006355e000 	C:\Windows\SYSTEM32\nimdnsResponder.dll
0x0000000061da0000 - 0x0000000061e43000 	C:\Windows\WinSxS\amd64_microsoft.vc90.crt_1fc8b3b9a1e18e3b_9.0.30729.8387_none_08e793bfa83a89b5\MSVCR90.dll
0x00007fffa9340000 - 0x00007fffa934a000 	C:\Windows\System32\rasadhlp.dll
0x00007fffae0f0000 - 0x00007fffae15b000 	C:\Windows\System32\fwpuclnt.dll
0x000000005fca0000 - 0x000000005fce2000 	C:\Program Files\Java\jdk1.8.0_65\jre\bin\t2k.dll
0x0000000069340000 - 0x00000000693c5000 	F:\win\AppDataSSD\Local\Temp\sqlite-3.7.2-sqlitejdbc.dll
0x00007fffa6420000 - 0x00007fffa65a9000 	C:\Windows\SYSTEM32\dbghelp.dll

VM Arguments:
jvm_args: -Dfile.encoding=UTF-8 
java_command: diplomawork.controler.MainWindow
java_class_path (initial): F:\Users\Volodymyr\Documents\NetBeansProjects\DiplomaWork\libs\YahooFinanceAPI-1.4.0.jar;F:\Users\Volodymyr\Documents\NetBeansProjects\DiplomaWork\libs\jcommon-1.0.23.jar;F:\Users\Volodymyr\Documents\NetBeansProjects\DiplomaWork\libs\jfreechart-1.0.19.jar;F:\Users\Volodymyr\Documents\NetBeansProjects\DiplomaWork\libs\neuroph-core-2.92.jar;F:\Users\Volodymyr\Documents\NetBeansProjects\DiplomaWork\libs\neuroph-imgrec-2.92.jar;F:\Users\Volodymyr\Documents\NetBeansProjects\DiplomaWork\libs\slf4j-api-1.7.5.jar;F:\Users\Volodymyr\Documents\NetBeansProjects\DiplomaWork\libs\logback-classic-1.1.2.jar;F:\Users\Volodymyr\Documents\NetBeansProjects\DiplomaWork\libs\logback-core-1.1.2.jar;F:\Users\Volodymyr\Documents\NetBeansProjects\DiplomaWork\libs\gson-2.5.jar;F:\Users\Volodymyr\Documents\NetBeansProjects\DiplomaWork\libs\sqlite-jdbc-3.7.2.jar;F:\Users\Volodymyr\Documents\NetBeansProjects\DiplomaWork\build\classes
Launcher Type: SUN_STANDARD

Environment Variables:
JAVA_HOME=C:\Program Files\Java\jdk1.8.0_65
PATH=C:\ProgramData\Oracle\Java\javapath;C:\Windows\system32;C:\Windows;C:\Windows\System32\Wbem;C:\Windows\System32\WindowsPowerShell\v1.0\;C:\Program Files (x86)\ATI Technologies\ATI.ACE\Core-Static;F:\win\Program Files\IntelliJ IDEA 15.0.1\plugins\maven\lib\maven3\bin;C:\Program Files (x86)\Skype\Phone\
USERNAME=Volodymyr
OS=Windows_NT
PROCESSOR_IDENTIFIER=Intel64 Family 6 Model 37 Stepping 5, GenuineIntel



---------------  S Y S T E M  ---------------

OS: Windows 8.1 , 64 bit Build 9600 (6.3.9600.17415)

CPU:total 4 (2 cores per cpu, 2 threads per core) family 6 model 37 stepping 5, cmov, cx8, fxsr, mmx, sse, sse2, sse3, ssse3, sse4.1, sse4.2, popcnt, ht, tsc, tscinvbit

Memory: 4k page, physical 6150968k(2996060k free), swap 7134008k(3001376k free)

vm_info: Java HotSpot(TM) 64-Bit Server VM (25.65-b01) for windows-amd64 JRE (1.8.0_65-b17), built on Oct  6 2015 16:39:20 by "java_re" with MS VC++ 10.0 (VS2010)

time: Sat Feb 06 20:05:55 2016
elapsed time: 2 seconds (0d 0h 0m 2s)

