#
# A fatal error has been detected by the Java Runtime Environment:
#
#  EXCEPTION_ACCESS_VIOLATION (0xc0000005) at pc=0x0000000069347ce1, pid=4632, tid=4868
#
# JRE version: Java(TM) SE Runtime Environment (8.0_65-b17) (build 1.8.0_65-b17)
# Java VM: Java HotSpot(TM) 64-Bit Server VM (25.65-b01 mixed mode windows-amd64 compressed oops)
# Problematic frame:
# C  [sqlite-3.7.2-sqlitejdbc.dll+0x7ce1]
#
# Failed to write core dump. Minidumps are not enabled by default on client versions of Windows
#
# If you would like to submit a bug report, please visit:
#   http://bugreport.java.com/bugreport/crash.jsp
# The crash happened outside the Java Virtual Machine in native code.
# See problematic frame for where to report the bug.
#

---------------  T H R E A D  ---------------

Current thread (0x000000001821b800):  JavaThread "AWT-EventQueue-0" [_thread_in_native, id=4868, stack(0x0000000019210000,0x0000000019310000)]

siginfo: ExceptionCode=0xc0000005, reading address 0x0000000000000000

Registers:
RAX=0x0000000000000000, RBX=0x0000000000000000, RCX=0x0000000000000000, RDX=0x0000000000000000
RSP=0x000000001930cc20, RBP=0x000000001930cd80, RSI=0x0000000000000000, RDI=0x000000001c00ba60
R8 =0x000000006936a0b6, R9 =0x0000000000000000, R10=0x000000000261462b, R11=0x00000000740e9450
R12=0x0000000000000000, R13=0x0000000000000000, R14=0x000000006936a0b6, R15=0x000000001821b800
RIP=0x0000000069347ce1, EFLAGS=0x0000000000010202

Top of Stack: (sp=0x000000001930cc20)
0x000000001930cc20:   000000001930ce00 000000001930cda0
0x000000001930cc30:   00000001002a8c38 00000001002a8fe0
0x000000001930cc40:   0000000000000000 000000001821b9f8
0x000000001930cc50:   000000001c00ba60 000000001930cd80
0x000000001930cc60:   0000000000000000 000000001d975b10
0x000000001930cc70:   000000001930cdb8 0000000069347da5
0x000000001930cc80:   000000001821b800 000000001821b800
0x000000001930cc90:   000000001930cd30 00000000740fafaa
0x000000001930cca0:   0000000017b2bcc8 00000000693423f8
0x000000001930ccb0:   0000000000000000 000000001da00b60
0x000000001930ccc0:   0000000017b25040 0000000073f75a91
0x000000001930ccd0:   000000001930d9d8 000000001d975b10
0x000000001930cce0:   0000000000000000 0000000002614657
0x000000001930ccf0:   000000001c00ba60 00000000026143f1
0x000000001930cd00:   000000001821b800 000000001d975b10
0x000000001930cd10:   000000001821b800 000000001821b800 

Instructions: (pc=0x0000000069347ce1)
0x0000000069347cc1:   30 48 89 6c 24 38 4c 89 64 24 40 4c 89 6c 24 48
0x0000000069347cd1:   4c 89 74 24 50 48 89 cb 89 d6 4d 89 c6 45 89 cd
0x0000000069347ce1:   48 8b 39 e8 91 ff ff ff 41 89 c4 39 c6 0f 9c c2
0x0000000069347cf1:   89 f0 f7 d0 c1 e8 1f bd 00 00 00 00 84 c2 74 48 


Register to memory mapping:

RAX=0x0000000000000000 is an unknown value
RBX=0x0000000000000000 is an unknown value
RCX=0x0000000000000000 is an unknown value
RDX=0x0000000000000000 is an unknown value
RSP=0x000000001930cc20 is pointing into the stack for thread: 0x000000001821b800
RBP=0x000000001930cd80 is pointing into the stack for thread: 0x000000001821b800
RSI=0x0000000000000000 is an unknown value
RDI=0x000000001c00ba60 is pointing into metadata
R8 =0x000000006936a0b6 is an unknown value
R9 =0x0000000000000000 is an unknown value
R10=0x000000000261462b is at code_begin+1227 in an Interpreter codelet
method entry point (kind = native_synchronized)  [0x0000000002614160, 0x0000000002614c40]  2784 bytes
R11=0x00000000740e9450 is an unknown value
R12=0x0000000000000000 is an unknown value
R13=0x0000000000000000 is an unknown value
R14=0x000000006936a0b6 is an unknown value
R15=0x000000001821b800 is a thread


Stack: [0x0000000019210000,0x0000000019310000],  sp=0x000000001930cc20,  free space=1011k
Native frames: (J=compiled Java code, j=interpreted, Vv=VM code, C=native code)
C  [sqlite-3.7.2-sqlitejdbc.dll+0x7ce1]

Java frames: (J=compiled Java code, j=interpreted, Vv=VM code)
j  org.sqlite.NativeDB.column_name(JI)Ljava/lang/String;+0
j  org.sqlite.RS.getColumnName(I)Ljava/lang/String;+16
j  diplomawork.model.DB.DB_table.setDataSource(Ljava/sql/ResultSet;)V+54
j  diplomawork.model.DB.DB_table.<init>(Ljava/sql/ResultSet;)V+39
j  diplomawork.controler.MainWindow.jTabbedPane1MouseClicked(Ljava/awt/event/MouseEvent;)V+32
j  diplomawork.controler.MainWindow.access$100(Ldiplomawork/controler/MainWindow;Ljava/awt/event/MouseEvent;)V+2
j  diplomawork.controler.MainWindow$2.mouseClicked(Ljava/awt/event/MouseEvent;)V+5
j  java.awt.AWTEventMulticaster.mouseClicked(Ljava/awt/event/MouseEvent;)V+21
j  java.awt.Component.processMouseEvent(Ljava/awt/event/MouseEvent;)V+74
j  javax.swing.JComponent.processMouseEvent(Ljava/awt/event/MouseEvent;)V+23
j  java.awt.Component.processEvent(Ljava/awt/AWTEvent;)V+81
j  java.awt.Container.processEvent(Ljava/awt/AWTEvent;)V+18
j  java.awt.Component.dispatchEventImpl(Ljava/awt/AWTEvent;)V+589
j  java.awt.Container.dispatchEventImpl(Ljava/awt/AWTEvent;)V+42
j  java.awt.Component.dispatchEvent(Ljava/awt/AWTEvent;)V+2
j  java.awt.LightweightDispatcher.retargetMouseEvent(Ljava/awt/Component;ILjava/awt/event/MouseEvent;)V+327
j  java.awt.LightweightDispatcher.processMouseEvent(Ljava/awt/event/MouseEvent;)Z+171
j  java.awt.LightweightDispatcher.dispatchEvent(Ljava/awt/AWTEvent;)Z+50
j  java.awt.Container.dispatchEventImpl(Ljava/awt/AWTEvent;)V+12
j  java.awt.Window.dispatchEventImpl(Ljava/awt/AWTEvent;)V+19
j  java.awt.Component.dispatchEvent(Ljava/awt/AWTEvent;)V+2
j  java.awt.EventQueue.dispatchEventImpl(Ljava/awt/AWTEvent;Ljava/lang/Object;)V+41
j  java.awt.EventQueue.access$500(Ljava/awt/EventQueue;Ljava/awt/AWTEvent;Ljava/lang/Object;)V+3
j  java.awt.EventQueue$3.run()Ljava/lang/Void;+32
j  java.awt.EventQueue$3.run()Ljava/lang/Object;+1
v  ~StubRoutines::call_stub
J 1575  java.security.AccessController.doPrivileged(Ljava/security/PrivilegedAction;Ljava/security/AccessControlContext;)Ljava/lang/Object; (0 bytes) @ 0x0000000002acdb66 [0x0000000002acdb00+0x66]
J 1610 C1 java.security.ProtectionDomain$JavaSecurityAccessImpl.doIntersectionPrivilege(Ljava/security/PrivilegedAction;Ljava/security/AccessControlContext;Ljava/security/AccessControlContext;)Ljava/lang/Object; (22 bytes) @ 0x0000000002addeac [0x0000000002adda40+0x46c]
j  java.security.ProtectionDomain$JavaSecurityAccessImpl.doIntersectionPrivilege(Ljava/security/PrivilegedAction;Ljava/security/AccessControlContext;)Ljava/lang/Object;+6
j  java.awt.EventQueue$4.run()Ljava/lang/Void;+11
j  java.awt.EventQueue$4.run()Ljava/lang/Object;+1
v  ~StubRoutines::call_stub
J 1575  java.security.AccessController.doPrivileged(Ljava/security/PrivilegedAction;Ljava/security/AccessControlContext;)Ljava/lang/Object; (0 bytes) @ 0x0000000002acdb66 [0x0000000002acdb00+0x66]
J 1610 C1 java.security.ProtectionDomain$JavaSecurityAccessImpl.doIntersectionPrivilege(Ljava/security/PrivilegedAction;Ljava/security/AccessControlContext;Ljava/security/AccessControlContext;)Ljava/lang/Object; (22 bytes) @ 0x0000000002addeac [0x0000000002adda40+0x46c]
j  java.awt.EventQueue.dispatchEvent(Ljava/awt/AWTEvent;)V+73
j  java.awt.EventDispatchThread.pumpOneEventForFilters(I)V+245
j  java.awt.EventDispatchThread.pumpEventsForFilter(ILjava/awt/Conditional;Ljava/awt/EventFilter;)V+35
j  java.awt.EventDispatchThread.pumpEventsForHierarchy(ILjava/awt/Conditional;Ljava/awt/Component;)V+11
j  java.awt.EventDispatchThread.pumpEvents(ILjava/awt/Conditional;)V+4
j  java.awt.EventDispatchThread.pumpEvents(Ljava/awt/Conditional;)V+3
j  java.awt.EventDispatchThread.run()V+9
v  ~StubRoutines::call_stub

---------------  P R O C E S S  ---------------

Java Threads: ( => current thread )
  0x000000001c7ea000 JavaThread "Keep-Alive-Timer" daemon [_thread_blocked, id=6160, stack(0x000000001d740000,0x000000001d840000)]
  0x0000000018809800 JavaThread "D3D Screen Updater" daemon [_thread_blocked, id=5864, stack(0x000000001b780000,0x000000001b880000)]
  0x00000000187c1800 JavaThread "Thread-4" [_thread_in_native, id=4028, stack(0x000000001b580000,0x000000001b680000)]
  0x0000000018747000 JavaThread "Thread-3" [_thread_in_Java, id=3884, stack(0x000000001b480000,0x000000001b580000)]
  0x000000001823f000 JavaThread "Thread-1" [_thread_blocked, id=4952, stack(0x000000001ad80000,0x000000001ae80000)]
  0x0000000002500800 JavaThread "DestroyJavaVM" [_thread_blocked, id=612, stack(0x00000000023a0000,0x00000000024a0000)]
=>0x000000001821b800 JavaThread "AWT-EventQueue-0" [_thread_in_native, id=4868, stack(0x0000000019210000,0x0000000019310000)]
  0x0000000017b28800 JavaThread "AWT-Windows" daemon [_thread_in_native, id=7004, stack(0x0000000018b60000,0x0000000018c60000)]
  0x0000000017b26000 JavaThread "AWT-Shutdown" [_thread_blocked, id=1064, stack(0x0000000018a60000,0x0000000018b60000)]
  0x0000000018189000 JavaThread "Java2D Disposer" daemon [_thread_blocked, id=2620, stack(0x0000000018960000,0x0000000018a60000)]
  0x000000001778d000 JavaThread "Service Thread" daemon [_thread_blocked, id=5728, stack(0x0000000017b60000,0x0000000017c60000)]
  0x0000000015e33000 JavaThread "C1 CompilerThread2" daemon [_thread_in_vm, id=4644, stack(0x0000000017660000,0x0000000017760000)]
  0x0000000015e2c800 JavaThread "C2 CompilerThread1" daemon [_thread_blocked, id=6260, stack(0x0000000017560000,0x0000000017660000)]
  0x0000000015e2b000 JavaThread "C2 CompilerThread0" daemon [_thread_blocked, id=3496, stack(0x0000000017460000,0x0000000017560000)]
  0x0000000015e39800 JavaThread "Attach Listener" daemon [_thread_blocked, id=6960, stack(0x0000000017360000,0x0000000017460000)]
  0x0000000015e38000 JavaThread "Signal Dispatcher" daemon [_thread_blocked, id=1252, stack(0x0000000017260000,0x0000000017360000)]
  0x00000000025f7800 JavaThread "Finalizer" daemon [_thread_blocked, id=5464, stack(0x0000000017080000,0x0000000017180000)]
  0x0000000015df9000 JavaThread "Reference Handler" daemon [_thread_blocked, id=428, stack(0x0000000016f80000,0x0000000017080000)]

Other Threads:
  0x0000000015df7800 VMThread [stack: 0x0000000016e80000,0x0000000016f80000] [id=6136]
  0x00000000177ad800 WatcherThread [stack: 0x0000000017c60000,0x0000000017d60000] [id=800]

VM state:not at safepoint (normal execution)

VM Mutex/Monitor currently owned by a thread: None

Heap:
 PSYoungGen      total 28160K, used 5119K [0x00000000e0b80000, 0x00000000e2a80000, 0x0000000100000000)
  eden space 24576K, 20% used [0x00000000e0b80000,0x00000000e107fd30,0x00000000e2380000)
  from space 3584K, 0% used [0x00000000e2700000,0x00000000e2700000,0x00000000e2a80000)
  to   space 3584K, 0% used [0x00000000e2380000,0x00000000e2380000,0x00000000e2700000)
 ParOldGen       total 54784K, used 7571K [0x00000000a2200000, 0x00000000a5780000, 0x00000000e0b80000)
  object space 54784K, 13% used [0x00000000a2200000,0x00000000a2964d48,0x00000000a5780000)
 Metaspace       used 22273K, capacity 22498K, committed 22832K, reserved 1069056K
  class space    used 2745K, capacity 2851K, committed 2944K, reserved 1048576K

Card table byte_map: [0x00000000119c0000,0x0000000011cb0000] byte_map_base: 0x00000000114af000

Marking Bits: (ParMarkBitMap*) 0x00000000746ca5b0
 Begin Bits: [0x00000000122b0000, 0x0000000013a28000)
 End Bits:   [0x0000000013a28000, 0x00000000151a0000)

Polling page: 0x0000000000c40000

CodeCache: size=245760Kb used=5616Kb max_used=5616Kb free=240143Kb
 bounds [0x0000000002600000, 0x0000000002b80000, 0x0000000011600000]
 total_blobs=2487 nmethods=1843 adapters=557
 compilation: enabled

Compilation events (10 events):
Event: 2.790 Thread 0x0000000015e33000 nmethod 1828 0x0000000002b72290 code [0x0000000002b72400, 0x0000000002b72628]
Event: 2.790 Thread 0x0000000015e33000 1830       3       java.util.HashMap::remove (26 bytes)
Event: 2.790 Thread 0x0000000015e33000 nmethod 1830 0x0000000002b71b90 code [0x0000000002b71d20, 0x0000000002b72138]
Event: 2.790 Thread 0x0000000015e33000 1829       1       java.lang.Class::getAnnotationType (5 bytes)
Event: 2.790 Thread 0x0000000015e33000 nmethod 1829 0x0000000002b718d0 code [0x0000000002b71a20, 0x0000000002b71b30]
Event: 2.797 Thread 0x0000000015e2c800 nmethod 1791 0x0000000002b778d0 code [0x0000000002b77ae0, 0x0000000002b783a0]
Event: 2.798 Thread 0x0000000015e33000 1831       3       java.util.HashMap::removeNode (291 bytes)
Event: 2.800 Thread 0x0000000015e33000 nmethod 1831 0x0000000002b75810 code [0x0000000002b75a80, 0x0000000002b76ff8]
Event: 2.802 Thread 0x0000000015e33000 1832       3       java.nio.CharBuffer::arrayOffset (35 bytes)
Event: 2.802 Thread 0x0000000015e33000 nmethod 1832 0x0000000002b75210 code [0x0000000002b753a0, 0x0000000002b756b8]

GC Heap History (6 events):
Event: 1.294 GC heap before
{Heap before GC invocations=1 (full 0):
 PSYoungGen      total 28160K, used 24576K [0x00000000e0b80000, 0x00000000e2a80000, 0x0000000100000000)
  eden space 24576K, 100% used [0x00000000e0b80000,0x00000000e2380000,0x00000000e2380000)
  from space 3584K, 0% used [0x00000000e2700000,0x00000000e2700000,0x00000000e2a80000)
  to   space 3584K, 0% used [0x00000000e2380000,0x00000000e2380000,0x00000000e2700000)
 ParOldGen       total 64512K, used 0K [0x00000000a2200000, 0x00000000a6100000, 0x00000000e0b80000)
  object space 64512K, 0% used [0x00000000a2200000,0x00000000a2200000,0x00000000a6100000)
 Metaspace       used 18643K, capacity 18946K, committed 19200K, reserved 1067008K
  class space    used 2376K, capacity 2489K, committed 2560K, reserved 1048576K
Event: 1.306 GC heap after
Heap after GC invocations=1 (full 0):
 PSYoungGen      total 28160K, used 3574K [0x00000000e0b80000, 0x00000000e2a80000, 0x0000000100000000)
  eden space 24576K, 0% used [0x00000000e0b80000,0x00000000e0b80000,0x00000000e2380000)
  from space 3584K, 99% used [0x00000000e2380000,0x00000000e26fdab0,0x00000000e2700000)
  to   space 3584K, 0% used [0x00000000e2700000,0x00000000e2700000,0x00000000e2a80000)
 ParOldGen       total 64512K, used 3954K [0x00000000a2200000, 0x00000000a6100000, 0x00000000e0b80000)
  object space 64512K, 6% used [0x00000000a2200000,0x00000000a25dcb18,0x00000000a6100000)
 Metaspace       used 18643K, capacity 18946K, committed 19200K, reserved 1067008K
  class space    used 2376K, capacity 2489K, committed 2560K, reserved 1048576K
}
Event: 2.169 GC heap before
{Heap before GC invocations=2 (full 0):
 PSYoungGen      total 28160K, used 15248K [0x00000000e0b80000, 0x00000000e2a80000, 0x0000000100000000)
  eden space 24576K, 47% used [0x00000000e0b80000,0x00000000e16e65b0,0x00000000e2380000)
  from space 3584K, 99% used [0x00000000e2380000,0x00000000e26fdab0,0x00000000e2700000)
  to   space 3584K, 0% used [0x00000000e2700000,0x00000000e2700000,0x00000000e2a80000)
 ParOldGen       total 64512K, used 3954K [0x00000000a2200000, 0x00000000a6100000, 0x00000000e0b80000)
  object space 64512K, 6% used [0x00000000a2200000,0x00000000a25dcb18,0x00000000a6100000)
 Metaspace       used 20809K, capacity 21086K, committed 21296K, reserved 1069056K
  class space    used 2588K, capacity 2685K, committed 2688K, reserved 1048576K
Event: 2.179 GC heap after
Heap after GC invocations=2 (full 0):
 PSYoungGen      total 28160K, used 3552K [0x00000000e0b80000, 0x00000000e2a80000, 0x0000000100000000)
  eden space 24576K, 0% used [0x00000000e0b80000,0x00000000e0b80000,0x00000000e2380000)
  from space 3584K, 99% used [0x00000000e2700000,0x00000000e2a78128,0x00000000e2a80000)
  to   space 3584K, 0% used [0x00000000e2380000,0x00000000e2380000,0x00000000e2700000)
 ParOldGen       total 64512K, used 6379K [0x00000000a2200000, 0x00000000a6100000, 0x00000000e0b80000)
  object space 64512K, 9% used [0x00000000a2200000,0x00000000a283af88,0x00000000a6100000)
 Metaspace       used 20809K, capacity 21086K, committed 21296K, reserved 1069056K
  class space    used 2588K, capacity 2685K, committed 2688K, reserved 1048576K
}
Event: 2.179 GC heap before
{Heap before GC invocations=3 (full 1):
 PSYoungGen      total 28160K, used 3552K [0x00000000e0b80000, 0x00000000e2a80000, 0x0000000100000000)
  eden space 24576K, 0% used [0x00000000e0b80000,0x00000000e0b80000,0x00000000e2380000)
  from space 3584K, 99% used [0x00000000e2700000,0x00000000e2a78128,0x00000000e2a80000)
  to   space 3584K, 0% used [0x00000000e2380000,0x00000000e2380000,0x00000000e2700000)
 ParOldGen       total 64512K, used 6379K [0x00000000a2200000, 0x00000000a6100000, 0x00000000e0b80000)
  object space 64512K, 9% used [0x00000000a2200000,0x00000000a283af88,0x00000000a6100000)
 Metaspace       used 20809K, capacity 21086K, committed 21296K, reserved 1069056K
  class space    used 2588K, capacity 2685K, committed 2688K, reserved 1048576K
Event: 2.234 GC heap after
Heap after GC invocations=3 (full 1):
 PSYoungGen      total 28160K, used 0K [0x00000000e0b80000, 0x00000000e2a80000, 0x0000000100000000)
  eden space 24576K, 0% used [0x00000000e0b80000,0x00000000e0b80000,0x00000000e2380000)
  from space 3584K, 0% used [0x00000000e2700000,0x00000000e2700000,0x00000000e2a80000)
  to   space 3584K, 0% used [0x00000000e2380000,0x00000000e2380000,0x00000000e2700000)
 ParOldGen       total 54784K, used 7571K [0x00000000a2200000, 0x00000000a5780000, 0x00000000e0b80000)
  object space 54784K, 13% used [0x00000000a2200000,0x00000000a2964d48,0x00000000a5780000)
 Metaspace       used 20809K, capacity 21086K, committed 21296K, reserved 1069056K
  class space    used 2588K, capacity 2685K, committed 2688K, reserved 1048576K
}

Deoptimization events (10 events):
Event: 1.453 Thread 0x0000000018747000 Uncommon trap: reason=unstable_if action=reinterpret pc=0x00000000028cac9c method=sun.nio.cs.UTF_8$Encoder.encode([CII[B)I @ 33
Event: 1.507 Thread 0x00000000187c1800 Uncommon trap: reason=unstable_if action=reinterpret pc=0x00000000029a2590 method=java.io.ByteArrayInputStream.read()I @ 8
Event: 1.663 Thread 0x00000000187c1800 Uncommon trap: reason=unstable_if action=reinterpret pc=0x00000000029658d4 method=java.lang.CharacterDataLatin1.digit(II)I @ 82
Event: 1.665 Thread 0x0000000018747000 Uncommon trap: reason=unstable_if action=reinterpret pc=0x000000000295c5d4 method=java.lang.CharacterDataLatin1.digit(II)I @ 82
Event: 2.243 Thread 0x0000000018747000 Uncommon trap: reason=unstable_if action=reinterpret pc=0x0000000002aed2dc method=java.util.Arrays.equals([B[B)Z @ 41
Event: 2.742 Thread 0x000000001821b800 Uncommon trap: reason=unstable_if action=reinterpret pc=0x0000000002b594fc method=java.security.DigestInputStream.read()I @ 17
Event: 2.742 Thread 0x000000001821b800 Uncommon trap: reason=unstable_if action=reinterpret pc=0x0000000002a59988 method=sun.nio.cs.UTF_8$Decoder.decode([BII[C)I @ 30
Event: 2.742 Thread 0x000000001821b800 Uncommon trap: reason=unstable_if action=reinterpret pc=0x0000000002b48630 method=sun.security.provider.DigestBase.engineUpdate(B)V @ 4
Event: 2.789 Thread 0x00000000187c1800 Uncommon trap: reason=range_check action=make_not_entrant pc=0x0000000002b742e0 method=sun.reflect.generics.parser.SignatureParser.current()C @ 34
Event: 2.792 Thread 0x000000001821b800 Uncommon trap: reason=unstable_if action=reinterpret pc=0x0000000002b55174 method=java.security.DigestInputStream.read()I @ 17

Internal exceptions (10 events):
Event: 0.402 Thread 0x0000000002500800 Exception <a 'java/lang/ClassNotFoundException': ToolBarSeparator> (0x00000000e100e6c0) thrown at [C:\workspace\8-2-build-windows-amd64-cygwin\jdk8u65\4987\hotspot\src\share\vm\classfile\systemDictionary.cpp, line 210]
Event: 0.402 Thread 0x0000000002500800 Exception <a 'java/lang/ClassNotFoundException': ToolTip> (0x00000000e100ee00) thrown at [C:\workspace\8-2-build-windows-amd64-cygwin\jdk8u65\4987\hotspot\src\share\vm\classfile\systemDictionary.cpp, line 210]
Event: 0.403 Thread 0x0000000002500800 Exception <a 'java/lang/ClassNotFoundException': Tree> (0x00000000e100fa20) thrown at [C:\workspace\8-2-build-windows-amd64-cygwin\jdk8u65\4987\hotspot\src\share\vm\classfile\systemDictionary.cpp, line 210]
Event: 0.403 Thread 0x0000000002500800 Exception <a 'java/lang/ClassNotFoundException': Tree> (0x00000000e1010160) thrown at [C:\workspace\8-2-build-windows-amd64-cygwin\jdk8u65\4987\hotspot\src\share\vm\classfile\systemDictionary.cpp, line 210]
Event: 0.403 Thread 0x0000000002500800 Exception <a 'java/lang/ClassNotFoundException': javax/swing/JTreeCell> (0x00000000e10104e0) thrown at [C:\workspace\8-2-build-windows-amd64-cygwin\jdk8u65\4987\hotspot\src\share\vm\classfile\systemDictionary.cpp, line 210]
Event: 0.403 Thread 0x0000000002500800 Exception <a 'java/lang/ClassNotFoundException': TreeCell> (0x00000000e1010968) thrown at [C:\workspace\8-2-build-windows-amd64-cygwin\jdk8u65\4987\hotspot\src\share\vm\classfile\systemDictionary.cpp, line 210]
Event: 0.404 Thread 0x0000000002500800 Exception <a 'java/lang/ClassNotFoundException': RootPane> (0x00000000e10113c8) thrown at [C:\workspace\8-2-build-windows-amd64-cygwin\jdk8u65\4987\hotspot\src\share\vm\classfile\systemDictionary.cpp, line 210]
Event: 0.652 Thread 0x000000001821b800 Implicit null exception at 0x00000000027fd3da to 0x00000000027fd6d1
Event: 2.742 Thread 0x000000001821b800 Implicit null exception at 0x0000000002b482d2 to 0x0000000002b4861d
Event: 2.789 Thread 0x00000000187c1800 Exception <a 'java/lang/ArrayIndexOutOfBoundsException': 18> (0x00000000e0f53718) thrown at [C:\workspace\8-2-build-windows-amd64-cygwin\jdk8u65\4987\hotspot\src\share\vm\interpreter\interpreterRuntime.cpp, line 366]

Events (10 events):
Event: 2.800 loading class java/sql/ResultSetMetaData
Event: 2.800 loading class java/sql/ResultSetMetaData done
Event: 2.802 loading class org/sqlite/PrepStmt
Event: 2.802 loading class org/sqlite/PrepStmt done
Event: 2.803 loading class java/sql/ParameterMetaData
Event: 2.803 loading class java/sql/ParameterMetaData done
Event: 2.944 loading class diplomawork/model/DB/DB_table
Event: 2.944 loading class diplomawork/model/DB/DB_table done
Event: 2.945 loading class org/jfree/data/time/Day
Event: 2.945 loading class org/jfree/data/time/Day done


Dynamic libraries:
0x00007ff73eaa0000 - 0x00007ff73ead7000 	C:\Program Files\Java\jdk1.8.0_65\bin\java.exe
0x00007ffb58f10000 - 0x00007ffb590bc000 	C:\Windows\SYSTEM32\ntdll.dll
0x00007ffb58b40000 - 0x00007ffb58c7e000 	C:\Windows\system32\KERNEL32.DLL
0x00007ffb56420000 - 0x00007ffb56535000 	C:\Windows\system32\KERNELBASE.dll
0x00007ffb54c10000 - 0x00007ffb54c9e000 	C:\Windows\system32\apphelp.dll
0x00007ffb4a580000 - 0x00007ffb4a5d3000 	C:\Windows\AppPatch\AppPatch64\AcGenral.DLL
0x00007ffb58e60000 - 0x00007ffb58f0a000 	C:\Windows\system32\msvcrt.dll
0x00007ffb55e40000 - 0x00007ffb55e6e000 	C:\Windows\SYSTEM32\SspiCli.dll
0x00007ffb58d50000 - 0x00007ffb58da4000 	C:\Windows\system32\SHLWAPI.dll
0x00007ffb56830000 - 0x00007ffb569a7000 	C:\Windows\system32\USER32.dll
0x00007ffb56b00000 - 0x00007ffb56c94000 	C:\Windows\system32\ole32.dll
0x00007ffb57230000 - 0x00007ffb58749000 	C:\Windows\system32\SHELL32.dll
0x00007ffb55610000 - 0x00007ffb55631000 	C:\Windows\SYSTEM32\USERENV.dll
0x00007ffb58db0000 - 0x00007ffb58e5a000 	C:\Windows\system32\ADVAPI32.dll
0x00007ffb4b610000 - 0x00007ffb4b62e000 	C:\Windows\SYSTEM32\MPR.dll
0x00007ffb569b0000 - 0x00007ffb56af1000 	C:\Windows\system32\RPCRT4.dll
0x00007ffb588c0000 - 0x00007ffb58919000 	C:\Windows\SYSTEM32\sechost.dll
0x00007ffb58920000 - 0x00007ffb58b31000 	C:\Windows\SYSTEM32\combase.dll
0x00007ffb56f00000 - 0x00007ffb5704f000 	C:\Windows\system32\GDI32.dll
0x00007ffb56070000 - 0x00007ffb56085000 	C:\Windows\SYSTEM32\profapi.dll
0x00007ffb545c0000 - 0x00007ffb54672000 	C:\Windows\SYSTEM32\SHCORE.dll
0x00007ffb570b0000 - 0x00007ffb570e6000 	C:\Windows\system32\IMM32.DLL
0x00007ffb58750000 - 0x00007ffb588a2000 	C:\Windows\system32\MSCTF.dll
0x00007ffb53a80000 - 0x00007ffb53cfa000 	C:\Windows\WinSxS\amd64_microsoft.windows.common-controls_6595b64144ccf1df_6.0.9600.17810_none_6240b9c7ecbd0bda\COMCTL32.dll
0x0000000073de0000 - 0x0000000073eb2000 	C:\Program Files\Java\jdk1.8.0_65\jre\bin\msvcr100.dll
0x0000000073ec0000 - 0x0000000074749000 	C:\Program Files\Java\jdk1.8.0_65\jre\bin\server\jvm.dll
0x00007ffb531f0000 - 0x00007ffb531f9000 	C:\Windows\SYSTEM32\WSOCK32.dll
0x00007ffb4ccf0000 - 0x00007ffb4cd12000 	C:\Windows\SYSTEM32\WINMM.dll
0x00007ffb54050000 - 0x00007ffb5405a000 	C:\Windows\SYSTEM32\VERSION.dll
0x00007ffb588b0000 - 0x00007ffb588b7000 	C:\Windows\system32\PSAPI.DLL
0x00007ffb57050000 - 0x00007ffb570aa000 	C:\Windows\system32\WS2_32.dll
0x00007ffb4ccc0000 - 0x00007ffb4ccea000 	C:\Windows\SYSTEM32\WINMMBASE.dll
0x00007ffb58c80000 - 0x00007ffb58c89000 	C:\Windows\system32\NSI.dll
0x00007ffb56140000 - 0x00007ffb5618f000 	C:\Windows\SYSTEM32\cfgmgr32.dll
0x00007ffb54e80000 - 0x00007ffb54ea8000 	C:\Windows\SYSTEM32\DEVOBJ.dll
0x0000000073d90000 - 0x0000000073d9f000 	C:\Program Files\Java\jdk1.8.0_65\jre\bin\verify.dll
0x0000000073d60000 - 0x0000000073d89000 	C:\Program Files\Java\jdk1.8.0_65\jre\bin\java.dll
0x0000000073d40000 - 0x0000000073d56000 	C:\Program Files\Java\jdk1.8.0_65\jre\bin\zip.dll
0x0000000073b60000 - 0x0000000073cf8000 	C:\Program Files\Java\jdk1.8.0_65\jre\bin\awt.dll
0x00007ffb57160000 - 0x00007ffb57221000 	C:\Windows\system32\OLEAUT32.dll
0x00007ffb54ce0000 - 0x00007ffb54e09000 	C:\Windows\system32\uxtheme.dll
0x00007ffb543c0000 - 0x00007ffb543e1000 	C:\Windows\system32\dwmapi.dll
0x00007ffb54eb0000 - 0x00007ffb54ebb000 	C:\Windows\SYSTEM32\kernel.appcore.dll
0x00007ffb55ee0000 - 0x00007ffb55eeb000 	C:\Windows\SYSTEM32\CRYPTBASE.dll
0x00007ffb55e70000 - 0x00007ffb55ed3000 	C:\Windows\SYSTEM32\bcryptPrimitives.dll
0x0000000073b10000 - 0x0000000073b57000 	C:\Program Files\Java\jdk1.8.0_65\jre\bin\fontmanager.dll
0x00007ffb352a0000 - 0x00007ffb354c1000 	C:\Windows\system32\d3d9.dll
0x00007ffb53860000 - 0x00007ffb539a4000 	C:\Windows\SYSTEM32\aticfx64.dll
0x00007ffb35280000 - 0x00007ffb352a0000 	C:\Windows\SYSTEM32\atiu9p64.dll
0x00007ffb34b10000 - 0x00007ffb35271000 	C:\Windows\SYSTEM32\atiumd64.dll
0x0000000074f10000 - 0x000000007579d000 	C:\Windows\SYSTEM32\atiumd6a.dll
0x0000000073d20000 - 0x0000000073d3a000 	C:\Program Files\Java\jdk1.8.0_65\jre\bin\net.dll
0x00007ffb55880000 - 0x00007ffb558d9000 	C:\Windows\system32\mswsock.dll
0x0000000073d00000 - 0x0000000073d11000 	C:\Program Files\Java\jdk1.8.0_65\jre\bin\nio.dll
0x0000000073ac0000 - 0x0000000073b02000 	C:\Program Files\Java\jdk1.8.0_65\jre\bin\t2k.dll
0x0000000073a80000 - 0x0000000073aaa000 	C:\Program Files\Java\jdk1.8.0_65\jre\bin\dcpr.dll
0x0000000074e80000 - 0x0000000074ea4000 	C:\Program Files\Java\jdk1.8.0_65\jre\bin\sunec.dll
0x00007ffb58c90000 - 0x00007ffb58d46000 	C:\Windows\SYSTEM32\clbcatq.dll
0x00007ffb558e0000 - 0x00007ffb55900000 	C:\Windows\SYSTEM32\CRYPTSP.dll
0x00007ffb55500000 - 0x00007ffb55536000 	C:\Windows\system32\rsaenh.dll
0x00007ffb55b30000 - 0x00007ffb55b56000 	C:\Windows\SYSTEM32\bcrypt.dll
0x00007ffb51b40000 - 0x00007ffb51b6a000 	C:\Windows\SYSTEM32\IPHLPAPI.DLL
0x00007ffb534b0000 - 0x00007ffb534ba000 	C:\Windows\SYSTEM32\WINNSI.DLL
0x00007ffb50d80000 - 0x00007ffb50d96000 	C:\Windows\SYSTEM32\dhcpcsvc6.DLL
0x00007ffb51010000 - 0x00007ffb5102a000 	C:\Windows\SYSTEM32\dhcpcsvc.DLL
0x00007ffb52f40000 - 0x00007ffb52f55000 	C:\Windows\system32\napinsp.dll
0x00007ffb531c0000 - 0x00007ffb531da000 	C:\Windows\system32\pnrpnsp.dll
0x00007ffb52b80000 - 0x00007ffb52b9b000 	C:\Windows\system32\NLAapi.dll
0x00007ffb55680000 - 0x00007ffb55724000 	C:\Windows\SYSTEM32\DNSAPI.dll
0x00007ffb531e0000 - 0x00007ffb531ed000 	C:\Windows\System32\winrnr.dll
0x00007ffb41ce0000 - 0x00007ffb41cf4000 	C:\Windows\system32\wshbth.dll
0x0000000063560000 - 0x0000000063569000 	C:\Program Files\National Instruments\Shared\mDNS Responder\nimdnsNSP.dll
0x0000000063550000 - 0x000000006355e000 	C:\Windows\SYSTEM32\nimdnsResponder.dll
0x0000000075de0000 - 0x0000000075e83000 	C:\Windows\WinSxS\amd64_microsoft.vc90.crt_1fc8b3b9a1e18e3b_9.0.30729.8387_none_08e793bfa83a89b5\MSVCR90.dll
0x00007ffb4c160000 - 0x00007ffb4c16a000 	C:\Windows\System32\rasadhlp.dll
0x00007ffb50f30000 - 0x00007ffb50f9b000 	C:\Windows\System32\fwpuclnt.dll
0x0000000069340000 - 0x00000000693c5000 	F:\win\AppDataSSD\Local\Temp\sqlite-3.7.2-sqlitejdbc.dll
0x00007ffb49530000 - 0x00007ffb496b9000 	C:\Windows\SYSTEM32\dbghelp.dll

VM Arguments:
jvm_args: -Dfile.encoding=UTF-8 
java_command: diplomawork.controler.MainWindow
java_class_path (initial): F:\Users\Volodymyr\Documents\NetBeansProjects\DiplomaWork\libs\jcommon-1.0.23.jar;F:\Users\Volodymyr\Documents\NetBeansProjects\DiplomaWork\libs\jfreechart-1.0.19.jar;F:\Users\Volodymyr\Documents\NetBeansProjects\DiplomaWork\libs\neuroph-core-2.92.jar;F:\Users\Volodymyr\Documents\NetBeansProjects\DiplomaWork\libs\neuroph-imgrec-2.92.jar;F:\Users\Volodymyr\Documents\NetBeansProjects\DiplomaWork\libs\slf4j-api-1.7.5.jar;F:\Users\Volodymyr\Documents\NetBeansProjects\DiplomaWork\libs\logback-classic-1.1.2.jar;F:\Users\Volodymyr\Documents\NetBeansProjects\DiplomaWork\libs\logback-core-1.1.2.jar;F:\Users\Volodymyr\Documents\NetBeansProjects\DiplomaWork\libs\gson-2.5.jar;F:\Users\Volodymyr\Documents\NetBeansProjects\DiplomaWork\libs\sqlite-jdbc-3.7.2.jar;F:\Users\Volodymyr\Documents\NetBeansProjects\DiplomaWork\libs\nefclass.jar;F:\Users\Volodymyr\Documents\NetBeansProjects\DiplomaWork\build\classes
Launcher Type: SUN_STANDARD

Environment Variables:
JAVA_HOME=C:\Program Files\Java\jdk1.8.0_65
PATH=C:\ProgramData\Oracle\Java\javapath;C:\Windows\system32;C:\Windows;C:\Windows\System32\Wbem;C:\Windows\System32\WindowsPowerShell\v1.0\;C:\Program Files (x86)\ATI Technologies\ATI.ACE\Core-Static;F:\win\Program Files\IntelliJ IDEA 15.0.1\plugins\maven\lib\maven3\bin;C:\Program Files (x86)\Skype\Phone\
USERNAME=Volodymyr
OS=Windows_NT
PROCESSOR_IDENTIFIER=Intel64 Family 6 Model 37 Stepping 5, GenuineIntel



---------------  S Y S T E M  ---------------

OS: Windows 8.1 , 64 bit Build 9600 (6.3.9600.17415)

CPU:total 4 (2 cores per cpu, 2 threads per core) family 6 model 37 stepping 5, cmov, cx8, fxsr, mmx, sse, sse2, sse3, ssse3, sse4.1, sse4.2, popcnt, ht, tsc, tscinvbit

Memory: 4k page, physical 6150968k(2743076k free), swap 7134008k(3395740k free)

vm_info: Java HotSpot(TM) 64-Bit Server VM (25.65-b01) for windows-amd64 JRE (1.8.0_65-b17), built on Oct  6 2015 16:39:20 by "java_re" with MS VC++ 10.0 (VS2010)

time: Sat Feb 13 23:17:37 2016
elapsed time: 2 seconds (0d 0h 0m 2s)

