#
# A fatal error has been detected by the Java Runtime Environment:
#
#  EXCEPTION_ACCESS_VIOLATION (0xc0000005) at pc=0x0000000069343f91, pid=4936, tid=7104
#
# JRE version: Java(TM) SE Runtime Environment (8.0_65-b17) (build 1.8.0_65-b17)
# Java VM: Java HotSpot(TM) 64-Bit Server VM (25.65-b01 mixed mode windows-amd64 compressed oops)
# Problematic frame:
# C  [sqlite-3.7.2-sqlitejdbc.dll+0x3f91]
#
# Failed to write core dump. Minidumps are not enabled by default on client versions of Windows
#
# If you would like to submit a bug report, please visit:
#   http://bugreport.java.com/bugreport/crash.jsp
# The crash happened outside the Java Virtual Machine in native code.
# See problematic frame for where to report the bug.
#

---------------  T H R E A D  ---------------

Current thread (0x00000000184cb000):  JavaThread "AWT-EventQueue-0" [_thread_in_native, id=7104, stack(0x0000000019440000,0x0000000019540000)]

siginfo: ExceptionCode=0xc0000005, reading address 0xffffffffffffffff

Registers:
RAX=0x0000000000000000, RBX=0x000000001c621580, RCX=0x000000001c621580, RDX=0x0000000000000000
RSP=0x000000001953cb70, RBP=0x000000001953cd30, RSI=0x88000000454c397c, RDI=0x0000000000000000
R8 =0x000000001c639758, R9 =0x0000000018472500, R10=0x00000000028a462b, R11=0x00000000740e9450
R12=0x0000000000000000, R13=0x000000001de963c0, R14=0x000000001953cd60, R15=0x00000000184cb000
RIP=0x0000000069343f91, EFLAGS=0x0000000000010282

Top of Stack: (sp=0x000000001953cb70)
0x000000001953cb70:   00000000184cb000 000000001c639758
0x000000001953cb80:   000000001c621580 0000000002897730
0x000000001953cb90:   000000001953cd30 000000001c639758
0x000000001953cba0:   000000001c621580 0000000002897730
0x000000001953cbb0:   000000001953cd30 0000000069387444
0x000000001953cbc0:   0000000000000000 0000000000000000
0x000000001953cbd0:   0000000000000003 0000000000000000
0x000000001953cbe0:   0000000000000000 0000000000000001
0x000000001953cbf0:   000000001de963c0 000000001c639758
0x000000001953cc00:   0000000000000000 00000000693878ce
0x000000001953cc10:   000000001953cce0 00000000740fa8bf
0x000000001953cc20:   000000001953cce0 000000001953cd30
0x000000001953cc30:   000000001953cd30 00000000184cb000
0x000000001953cc40:   000000001953cce0 00000000740fafaa
0x000000001953cc50:   0000000018475b18 000000001de963c0
0x000000001953cc60:   00000000e2acea20 00000000693422a5 

Instructions: (pc=0x0000000069343f91)
0x0000000069343f71:   89 7c 24 38 48 89 6c 24 40 48 89 cb 48 89 d7 48
0x0000000069343f81:   85 c9 74 3d 48 8b b1 28 03 00 00 48 85 f6 74 0e
0x0000000069343f91:   8b 2e e8 ea fe ff ff 8d 2c 28 89 2e eb 2b e8 a4
0x0000000069343fa1:   fb ff ff 85 c0 74 1a 48 8b 83 60 01 00 00 48 89 


Register to memory mapping:

RAX=0x0000000000000000 is an unknown value
RBX=0x000000001c621580 is an unknown value
RCX=0x000000001c621580 is an unknown value
RDX=0x0000000000000000 is an unknown value
RSP=0x000000001953cb70 is pointing into the stack for thread: 0x00000000184cb000
RBP=0x000000001953cd30 is pointing into the stack for thread: 0x00000000184cb000
RSI=0x88000000454c397c is an unknown value
RDI=0x0000000000000000 is an unknown value
R8 =0x000000001c639758 is an unknown value
R9 =0x0000000018472500 is an unknown value
R10=0x00000000028a462b is at code_begin+1227 in an Interpreter codelet
method entry point (kind = native_synchronized)  [0x00000000028a4160, 0x00000000028a4c40]  2784 bytes
R11=0x00000000740e9450 is an unknown value
R12=0x0000000000000000 is an unknown value
R13={method} {0x000000001de963c8} 'reset' '(J)I' in 'org/sqlite/NativeDB'
R14=0x000000001953cd60 is pointing into the stack for thread: 0x00000000184cb000
R15=0x00000000184cb000 is a thread


Stack: [0x0000000019440000,0x0000000019540000],  sp=0x000000001953cb70,  free space=1010k
Native frames: (J=compiled Java code, j=interpreted, Vv=VM code, C=native code)
C  [sqlite-3.7.2-sqlitejdbc.dll+0x3f91]

Java frames: (J=compiled Java code, j=interpreted, Vv=VM code)
j  org.sqlite.NativeDB.reset(J)I+0
j  org.sqlite.RS.close()V+76
j  org.sqlite.PrepStmt.executeQuery()Ljava/sql/ResultSet;+25
j  diplomawork.model.DB.QuoteDataDBControler.selectAllByName(Ljava/lang/String;)Ljava/sql/ResultSet;+27
j  diplomawork.controler.MainWindow.jTabbedPane1MouseClicked(Ljava/awt/event/MouseEvent;)V+19
j  diplomawork.controler.MainWindow.access$100(Ldiplomawork/controler/MainWindow;Ljava/awt/event/MouseEvent;)V+2
j  diplomawork.controler.MainWindow$2.mouseClicked(Ljava/awt/event/MouseEvent;)V+5
j  java.awt.AWTEventMulticaster.mouseClicked(Ljava/awt/event/MouseEvent;)V+21
j  java.awt.Component.processMouseEvent(Ljava/awt/event/MouseEvent;)V+74
j  javax.swing.JComponent.processMouseEvent(Ljava/awt/event/MouseEvent;)V+23
j  java.awt.Component.processEvent(Ljava/awt/AWTEvent;)V+81
J 2455 C1 java.awt.Container.processEvent(Ljava/awt/AWTEvent;)V (22 bytes) @ 0x0000000002ffd1cc [0x0000000002ffcea0+0x32c]
J 2550 C1 java.awt.Component.dispatchEventImpl(Ljava/awt/AWTEvent;)V (883 bytes) @ 0x000000000308d32c [0x0000000003087e40+0x54ec]
J 2414 C1 java.awt.Container.dispatchEventImpl(Ljava/awt/AWTEvent;)V (129 bytes) @ 0x0000000002fe6b84 [0x0000000002fe6a40+0x144]
J 2520 C1 java.awt.LightweightDispatcher.retargetMouseEvent(Ljava/awt/Component;ILjava/awt/event/MouseEvent;)V (350 bytes) @ 0x000000000306b75c [0x0000000003069200+0x255c]
J 2529 C1 java.awt.LightweightDispatcher.processMouseEvent(Ljava/awt/event/MouseEvent;)Z (286 bytes) @ 0x0000000003071cdc [0x0000000003070480+0x185c]
J 2559 C1 java.awt.LightweightDispatcher.dispatchEvent(Ljava/awt/AWTEvent;)Z (73 bytes) @ 0x0000000003097bbc [0x0000000003097780+0x43c]
J 2414 C1 java.awt.Container.dispatchEventImpl(Ljava/awt/AWTEvent;)V (129 bytes) @ 0x0000000002fe6b24 [0x0000000002fe6a40+0xe4]
j  java.awt.Window.dispatchEventImpl(Ljava/awt/AWTEvent;)V+19
J 2411 C1 java.awt.EventQueue.dispatchEventImpl(Ljava/awt/AWTEvent;Ljava/lang/Object;)V (149 bytes) @ 0x0000000002fe303c [0x0000000002fe1800+0x183c]
J 2409 C1 java.awt.EventQueue$3.run()Ljava/lang/Void; (60 bytes) @ 0x0000000002fe0fcc [0x0000000002fe0dc0+0x20c]
J 2408 C1 java.awt.EventQueue$3.run()Ljava/lang/Object; (5 bytes) @ 0x0000000002fdbfcc [0x0000000002fdbf40+0x8c]
v  ~StubRoutines::call_stub
J 1564  java.security.AccessController.doPrivileged(Ljava/security/PrivilegedAction;Ljava/security/AccessControlContext;)Ljava/lang/Object; (0 bytes) @ 0x0000000002d70266 [0x0000000002d70200+0x66]
J 2463 C1 java.awt.EventQueue$4.run()Ljava/lang/Object; (5 bytes) @ 0x0000000002ff732c [0x0000000002ff6f00+0x42c]
v  ~StubRoutines::call_stub
J 1564  java.security.AccessController.doPrivileged(Ljava/security/PrivilegedAction;Ljava/security/AccessControlContext;)Ljava/lang/Object; (0 bytes) @ 0x0000000002d70266 [0x0000000002d70200+0x66]
J 2078 C1 java.awt.EventQueue.dispatchEvent(Ljava/awt/AWTEvent;)V (80 bytes) @ 0x0000000002ebab3c [0x0000000002eb9cc0+0xe7c]
J 2082 C1 java.awt.EventDispatchThread.pumpOneEventForFilters(I)V (295 bytes) @ 0x0000000002ec8fb4 [0x0000000002ec7300+0x1cb4]
j  java.awt.EventDispatchThread.pumpEventsForFilter(ILjava/awt/Conditional;Ljava/awt/EventFilter;)V+35
j  java.awt.EventDispatchThread.pumpEventsForHierarchy(ILjava/awt/Conditional;Ljava/awt/Component;)V+11
j  java.awt.EventDispatchThread.pumpEvents(ILjava/awt/Conditional;)V+4
j  java.awt.EventDispatchThread.pumpEvents(Ljava/awt/Conditional;)V+3
j  java.awt.EventDispatchThread.run()V+9
v  ~StubRoutines::call_stub

---------------  P R O C E S S  ---------------

Java Threads: ( => current thread )
  0x0000000018bc1800 JavaThread "Keep-Alive-Timer" daemon [_thread_blocked, id=6564, stack(0x000000001dbc0000,0x000000001dcc0000)]
  0x0000000018b34000 JavaThread "TimerQueue" daemon [_thread_blocked, id=5076, stack(0x000000001c510000,0x000000001c610000)]
  0x0000000018a81000 JavaThread "D3D Screen Updater" daemon [_thread_blocked, id=6120, stack(0x000000001ba00000,0x000000001bb00000)]
  0x0000000018aa9000 JavaThread "Thread-4" [_thread_blocked, id=7108, stack(0x000000001b800000,0x000000001b900000)]
  0x00000000188ce000 JavaThread "Thread-3" [_thread_blocked, id=5936, stack(0x000000001b700000,0x000000001b800000)]
  0x00000000184f0000 JavaThread "Thread-1" [_thread_blocked, id=6152, stack(0x000000001b000000,0x000000001b100000)]
  0x0000000002790800 JavaThread "DestroyJavaVM" [_thread_blocked, id=3096, stack(0x0000000002690000,0x0000000002790000)]
=>0x00000000184cb000 JavaThread "AWT-EventQueue-0" [_thread_in_native, id=7104, stack(0x0000000019440000,0x0000000019540000)]
  0x0000000018472800 JavaThread "AWT-Windows" daemon [_thread_in_native, id=2688, stack(0x0000000018df0000,0x0000000018ef0000)]
  0x0000000018470000 JavaThread "AWT-Shutdown" [_thread_blocked, id=5976, stack(0x0000000018cf0000,0x0000000018df0000)]
  0x000000001846c800 JavaThread "Java2D Disposer" daemon [_thread_blocked, id=6892, stack(0x0000000018bf0000,0x0000000018cf0000)]
  0x0000000017a28800 JavaThread "Service Thread" daemon [_thread_blocked, id=6632, stack(0x0000000017df0000,0x0000000017ef0000)]
  0x00000000160c3000 JavaThread "C1 CompilerThread2" daemon [_thread_blocked, id=4416, stack(0x00000000178f0000,0x00000000179f0000)]
  0x00000000160be000 JavaThread "C2 CompilerThread1" daemon [_thread_blocked, id=2912, stack(0x00000000177f0000,0x00000000178f0000)]
  0x00000000160bc000 JavaThread "C2 CompilerThread0" daemon [_thread_blocked, id=6072, stack(0x00000000176f0000,0x00000000177f0000)]
  0x00000000160b9000 JavaThread "Attach Listener" daemon [_thread_blocked, id=5836, stack(0x00000000175f0000,0x00000000176f0000)]
  0x00000000160c7000 JavaThread "Signal Dispatcher" daemon [_thread_blocked, id=6116, stack(0x00000000174f0000,0x00000000175f0000)]
  0x0000000002886000 JavaThread "Finalizer" daemon [_thread_blocked, id=5848, stack(0x0000000017310000,0x0000000017410000)]
  0x000000000287d000 JavaThread "Reference Handler" daemon [_thread_blocked, id=3048, stack(0x0000000017210000,0x0000000017310000)]

Other Threads:
  0x0000000016087800 VMThread [stack: 0x0000000017110000,0x0000000017210000] [id=4324]
  0x0000000017a44000 WatcherThread [stack: 0x0000000017ef0000,0x0000000017ff0000] [id=6264]

VM state:not at safepoint (normal execution)

VM Mutex/Monitor currently owned by a thread: None

Heap:
 PSYoungGen      total 52736K, used 32881K [0x00000000e0b80000, 0x00000000e4280000, 0x0000000100000000)
  eden space 49152K, 66% used [0x00000000e0b80000,0x00000000e2b9c758,0x00000000e3b80000)
  from space 3584K, 0% used [0x00000000e3f00000,0x00000000e3f00000,0x00000000e4280000)
  to   space 3584K, 0% used [0x00000000e3b80000,0x00000000e3b80000,0x00000000e3f00000)
 ParOldGen       total 55296K, used 7480K [0x00000000a2200000, 0x00000000a5800000, 0x00000000e0b80000)
  object space 55296K, 13% used [0x00000000a2200000,0x00000000a294e3c8,0x00000000a5800000)
 Metaspace       used 26506K, capacity 26806K, committed 27008K, reserved 1073152K
  class space    used 3244K, capacity 3361K, committed 3456K, reserved 1048576K

Card table byte_map: [0x0000000011c50000,0x0000000011f40000] byte_map_base: 0x000000001173f000

Marking Bits: (ParMarkBitMap*) 0x00000000746ca5b0
 Begin Bits: [0x0000000012540000, 0x0000000013cb8000)
 End Bits:   [0x0000000013cb8000, 0x0000000015430000)

Polling page: 0x0000000000e90000

CodeCache: size=245760Kb used=8509Kb max_used=8509Kb free=237250Kb
 bounds [0x0000000002890000, 0x00000000030f0000, 0x0000000011890000]
 total_blobs=3330 nmethods=2665 adapters=577
 compilation: enabled

Compilation events (10 events):
Event: 8.960 Thread 0x00000000160c3000 2665       1       com.google.gson.reflect.TypeToken::getType (5 bytes)
Event: 8.960 Thread 0x00000000160c3000 nmethod 2665 0x00000000030ddd10 code [0x00000000030dde60, 0x00000000030ddf70]
Event: 8.960 Thread 0x00000000160c3000 2668       3       java.lang.reflect.AccessibleObject::setAccessible0 (42 bytes)
Event: 8.960 Thread 0x00000000160c3000 nmethod 2668 0x00000000030e3150 code [0x00000000030e32e0, 0x00000000030e3808]
Event: 8.960 Thread 0x00000000160c3000 2669       3       sun.util.calendar.Gregorian$Date::setNormalizedYear (7 bytes)
Event: 8.961 Thread 0x00000000160c3000 nmethod 2669 0x00000000030e3950 code [0x00000000030e3ac0, 0x00000000030e3d30]
Event: 8.961 Thread 0x00000000160c3000 2670       3       java.io.File::<init> (47 bytes)
Event: 8.961 Thread 0x00000000160c3000 nmethod 2670 0x00000000030e3dd0 code [0x00000000030e3f60, 0x00000000030e42e8]
Event: 9.014 Thread 0x00000000160c3000 2671       3       java.nio.Buffer::<init> (121 bytes)
Event: 9.015 Thread 0x00000000160c3000 nmethod 2671 0x00000000030e4450 code [0x00000000030e4720, 0x00000000030e5ba8]

GC Heap History (6 events):
Event: 1.231 GC heap before
{Heap before GC invocations=1 (full 0):
 PSYoungGen      total 28160K, used 24576K [0x00000000e0b80000, 0x00000000e2a80000, 0x0000000100000000)
  eden space 24576K, 100% used [0x00000000e0b80000,0x00000000e2380000,0x00000000e2380000)
  from space 3584K, 0% used [0x00000000e2700000,0x00000000e2700000,0x00000000e2a80000)
  to   space 3584K, 0% used [0x00000000e2380000,0x00000000e2380000,0x00000000e2700000)
 ParOldGen       total 64512K, used 0K [0x00000000a2200000, 0x00000000a6100000, 0x00000000e0b80000)
  object space 64512K, 0% used [0x00000000a2200000,0x00000000a2200000,0x00000000a6100000)
 Metaspace       used 18703K, capacity 19014K, committed 19200K, reserved 1067008K
  class space    used 2381K, capacity 2489K, committed 2560K, reserved 1048576K
Event: 1.246 GC heap after
Heap after GC invocations=1 (full 0):
 PSYoungGen      total 28160K, used 3570K [0x00000000e0b80000, 0x00000000e4280000, 0x0000000100000000)
  eden space 24576K, 0% used [0x00000000e0b80000,0x00000000e0b80000,0x00000000e2380000)
  from space 3584K, 99% used [0x00000000e2380000,0x00000000e26fcb28,0x00000000e2700000)
  to   space 3584K, 0% used [0x00000000e3f00000,0x00000000e3f00000,0x00000000e4280000)
 ParOldGen       total 64512K, used 5160K [0x00000000a2200000, 0x00000000a6100000, 0x00000000e0b80000)
  object space 64512K, 7% used [0x00000000a2200000,0x00000000a270a120,0x00000000a6100000)
 Metaspace       used 18703K, capacity 19014K, committed 19200K, reserved 1067008K
  class space    used 2381K, capacity 2489K, committed 2560K, reserved 1048576K
}
Event: 2.112 GC heap before
{Heap before GC invocations=2 (full 0):
 PSYoungGen      total 28160K, used 15258K [0x00000000e0b80000, 0x00000000e4280000, 0x0000000100000000)
  eden space 24576K, 47% used [0x00000000e0b80000,0x00000000e16e9d80,0x00000000e2380000)
  from space 3584K, 99% used [0x00000000e2380000,0x00000000e26fcb28,0x00000000e2700000)
  to   space 3584K, 0% used [0x00000000e3f00000,0x00000000e3f00000,0x00000000e4280000)
 ParOldGen       total 64512K, used 5160K [0x00000000a2200000, 0x00000000a6100000, 0x00000000e0b80000)
  object space 64512K, 7% used [0x00000000a2200000,0x00000000a270a120,0x00000000a6100000)
 Metaspace       used 20878K, capacity 21144K, committed 21296K, reserved 1069056K
  class space    used 2596K, capacity 2684K, committed 2688K, reserved 1048576K
Event: 2.122 GC heap after
Heap after GC invocations=2 (full 0):
 PSYoungGen      total 52736K, used 3570K [0x00000000e0b80000, 0x00000000e4280000, 0x0000000100000000)
  eden space 49152K, 0% used [0x00000000e0b80000,0x00000000e0b80000,0x00000000e3b80000)
  from space 3584K, 99% used [0x00000000e3f00000,0x00000000e427cb48,0x00000000e4280000)
  to   space 3584K, 0% used [0x00000000e3b80000,0x00000000e3b80000,0x00000000e3f00000)
 ParOldGen       total 64512K, used 7497K [0x00000000a2200000, 0x00000000a6100000, 0x00000000e0b80000)
  object space 64512K, 11% used [0x00000000a2200000,0x00000000a2952470,0x00000000a6100000)
 Metaspace       used 20878K, capacity 21144K, committed 21296K, reserved 1069056K
  class space    used 2596K, capacity 2684K, committed 2688K, reserved 1048576K
}
Event: 2.122 GC heap before
{Heap before GC invocations=3 (full 1):
 PSYoungGen      total 52736K, used 3570K [0x00000000e0b80000, 0x00000000e4280000, 0x0000000100000000)
  eden space 49152K, 0% used [0x00000000e0b80000,0x00000000e0b80000,0x00000000e3b80000)
  from space 3584K, 99% used [0x00000000e3f00000,0x00000000e427cb48,0x00000000e4280000)
  to   space 3584K, 0% used [0x00000000e3b80000,0x00000000e3b80000,0x00000000e3f00000)
 ParOldGen       total 64512K, used 7497K [0x00000000a2200000, 0x00000000a6100000, 0x00000000e0b80000)
  object space 64512K, 11% used [0x00000000a2200000,0x00000000a2952470,0x00000000a6100000)
 Metaspace       used 20878K, capacity 21144K, committed 21296K, reserved 1069056K
  class space    used 2596K, capacity 2684K, committed 2688K, reserved 1048576K
Event: 2.172 GC heap after
Heap after GC invocations=3 (full 1):
 PSYoungGen      total 52736K, used 0K [0x00000000e0b80000, 0x00000000e4280000, 0x0000000100000000)
  eden space 49152K, 0% used [0x00000000e0b80000,0x00000000e0b80000,0x00000000e3b80000)
  from space 3584K, 0% used [0x00000000e3f00000,0x00000000e3f00000,0x00000000e4280000)
  to   space 3584K, 0% used [0x00000000e3b80000,0x00000000e3b80000,0x00000000e3f00000)
 ParOldGen       total 55296K, used 7480K [0x00000000a2200000, 0x00000000a5800000, 0x00000000e0b80000)
  object space 55296K, 13% used [0x00000000a2200000,0x00000000a294e3c8,0x00000000a5800000)
 Metaspace       used 20878K, capacity 21144K, committed 21296K, reserved 1069056K
  class space    used 2596K, capacity 2684K, committed 2688K, reserved 1048576K
}

Deoptimization events (10 events):
Event: 4.758 Thread 0x00000000184cb000 Uncommon trap: reason=class_check action=maybe_recompile pc=0x0000000002a07ee8 method=java.lang.String.equals(Ljava/lang/Object;)Z @ 8
Event: 4.758 Thread 0x00000000184cb000 Uncommon trap: reason=class_check action=maybe_recompile pc=0x0000000002a07ee8 method=java.lang.String.equals(Ljava/lang/Object;)Z @ 8
Event: 4.769 Thread 0x00000000184cb000 Uncommon trap: reason=class_check action=maybe_recompile pc=0x0000000002a8e72c method=javax.swing.plaf.nimbus.DerivedColor$UIResource.equals(Ljava/lang/Object;)Z @ 1
Event: 8.457 Thread 0x00000000188ce000 Uncommon trap: reason=class_check action=maybe_recompile pc=0x0000000002dd8510 method=java.security.MessageDigest$Delegate.engineUpdate(B)V @ 5
Event: 8.457 Thread 0x00000000188ce000 Uncommon trap: reason=unstable_if action=reinterpret pc=0x0000000002dd97d8 method=sun.security.provider.DigestBase.engineUpdate(B)V @ 4
Event: 8.457 Thread 0x00000000188ce000 Uncommon trap: reason=class_check action=maybe_recompile pc=0x0000000002dd8510 method=java.security.MessageDigest$Delegate.engineUpdate(B)V @ 5
Event: 8.457 Thread 0x00000000188ce000 Uncommon trap: reason=class_check action=maybe_recompile pc=0x0000000002dd8510 method=java.security.MessageDigest$Delegate.engineUpdate(B)V @ 5
Event: 8.457 Thread 0x00000000188ce000 Uncommon trap: reason=class_check action=maybe_recompile pc=0x0000000002dd8510 method=java.security.MessageDigest$Delegate.engineUpdate(B)V @ 5
Event: 8.901 Thread 0x00000000184cb000 Uncommon trap: reason=unstable_if action=reinterpret pc=0x0000000003066604 method=javax.swing.plaf.nimbus.NimbusStyle.getNextState([Ljavax/swing/plaf/nimbus/NimbusStyle$RuntimeState;[II)Ljavax/swing/plaf/nimbus/NimbusStyle$RuntimeState; @ 19
Event: 8.958 Thread 0x00000000188ce000 Uncommon trap: reason=unstable_if action=reinterpret pc=0x0000000002d9b088 method=java.lang.ThreadLocal$ThreadLocalMap.getEntry(Ljava/lang/ThreadLocal;)Ljava/lang/ThreadLocal$ThreadLocalMap$Entry; @ 29

Internal exceptions (10 events):
Event: 3.425 Thread 0x00000000184f0000 Exception <a 'java/lang/ArrayIndexOutOfBoundsException'> (0x00000000e2392120) thrown at [C:\workspace\8-2-build-windows-amd64-cygwin\jdk8u65\4987\hotspot\src\share\vm\runtime\sharedRuntime.cpp, line 605]
Event: 3.425 Thread 0x00000000184f0000 Exception <a 'java/lang/ArrayIndexOutOfBoundsException'> (0x00000000e2395200) thrown at [C:\workspace\8-2-build-windows-amd64-cygwin\jdk8u65\4987\hotspot\src\share\vm\runtime\sharedRuntime.cpp, line 605]
Event: 3.427 Thread 0x00000000184f0000 Exception <a 'java/lang/ClassNotFoundException': ch/qos/logback/core/pattern/PatternLayoutEncoderBaseCustomizer> (0x00000000e23a4dd8) thrown at [C:\workspace\8-2-build-windows-amd64-cygwin\jdk8u65\4987\hotspot\src\share\vm\classfile\systemDictionary.cpp, ly3eÜk@
Event: 3.428 Thread 0x00000000184f0000 Exception <a 'java/lang/ArrayIndexOutOfBoundsException'> (0x00000000e23a8298) thrown at [C:\workspace\8-2-build-windows-amd64-cygwin\jdk8u65\4987\hotspot\src\share\vm\runtime\sharedRuntime.cpp, line 605]
Event: 3.428 Thread 0x00000000184f0000 Exception <a 'java/lang/ArrayIndexOutOfBoundsException'> (0x00000000e23a96f0) thrown at [C:\workspace\8-2-build-windows-amd64-cygwin\jdk8u65\4987\hotspot\src\share\vm\runtime\sharedRuntime.cpp, line 605]
Event: 3.430 Thread 0x00000000184f0000 Exception <a 'java/lang/ClassNotFoundException': ch/qos/logback/classic/encoder/PatternLayoutEncoderCustomizer> (0x00000000e23befa0) thrown at [C:\workspace\8-2-build-windows-amd64-cygwin\jdk8u65\4987\hotspot\src\share\vm\classfile\systemDictionary.cpp, liR%·‹q@
Event: 3.430 Thread 0x00000000184f0000 Exception <a 'java/lang/ArrayIndexOutOfBoundsException'> (0x00000000e23c2508) thrown at [C:\workspace\8-2-build-windows-amd64-cygwin\jdk8u65\4987\hotspot\src\share\vm\runtime\sharedRuntime.cpp, line 605]
Event: 3.479 Thread 0x00000000184f0000 Exception <a 'java/lang/NoSuchMethodError': <clinit>> (0x00000000e2528398) thrown at [C:\workspace\8-2-build-windows-amd64-cygwin\jdk8u65\4987\hotspot\src\share\vm\prims\jni.cpp, line 1591]
Event: 3.491 Thread 0x00000000184f0000 Exception <a 'java/lang/NoSuchMethodError': <clinit>> (0x00000000e256a620) thrown at [C:\workspace\8-2-build-windows-amd64-cygwin\jdk8u65\4987\hotspot\src\share\vm\prims\jni.cpp, line 1591]
Event: 8.457 Thread 0x00000000188ce000 Implicit null exception at 0x0000000002dd93fa to 0x0000000002dd97c1

Events (10 events):
Event: 8.883 loading class javax/swing/DesktopManager done
Event: 8.883 loading class javax/swing/DefaultDesktopManager done
Event: 8.901 Thread 0x00000000184cb000 Uncommon trap: trap_request=0xffffff65 fr.pc=0x0000000003066604
Event: 8.901 Thread 0x00000000184cb000 DEOPT PACKING pc=0x0000000003066604 sp=0x000000001953c3f0
Event: 8.901 Thread 0x00000000184cb000 DEOPT UNPACKING pc=0x00000000028d582a sp=0x000000001953c318 mode 2
Event: 8.958 Thread 0x00000000188ce000 Uncommon trap: trap_request=0xffffff65 fr.pc=0x0000000002d9b088
Event: 8.958 Thread 0x00000000188ce000 DEOPT PACKING pc=0x0000000002d9b088 sp=0x000000001b7fec60
Event: 8.958 Thread 0x00000000188ce000 DEOPT UNPACKING pc=0x00000000028d582a sp=0x000000001b7feb30 mode 2
Event: 9.095 Executing VM operation: RevokeBias
Event: 9.095 Executing VM operation: RevokeBias done


Dynamic libraries:
0x00007ff73eaa0000 - 0x00007ff73ead7000 	C:\Program Files\Java\jdk1.8.0_65\bin\java.exe
0x00007ffb58f10000 - 0x00007ffb590bc000 	C:\Windows\SYSTEM32\ntdll.dll
0x00007ffb58b40000 - 0x00007ffb58c7e000 	C:\Windows\system32\KERNEL32.DLL
0x00007ffb56420000 - 0x00007ffb56535000 	C:\Windows\system32\KERNELBASE.dll
0x00007ffb54c10000 - 0x00007ffb54c9e000 	C:\Windows\system32\apphelp.dll
0x00007ffb41120000 - 0x00007ffb41173000 	C:\Windows\AppPatch\AppPatch64\AcGenral.DLL
0x00007ffb58e60000 - 0x00007ffb58f0a000 	C:\Windows\system32\msvcrt.dll
0x00007ffb55e40000 - 0x00007ffb55e6e000 	C:\Windows\SYSTEM32\SspiCli.dll
0x00007ffb58d50000 - 0x00007ffb58da4000 	C:\Windows\system32\SHLWAPI.dll
0x00007ffb56830000 - 0x00007ffb569a7000 	C:\Windows\system32\USER32.dll
0x00007ffb56b00000 - 0x00007ffb56c94000 	C:\Windows\system32\ole32.dll
0x00007ffb57230000 - 0x00007ffb58749000 	C:\Windows\system32\SHELL32.dll
0x00007ffb55610000 - 0x00007ffb55631000 	C:\Windows\SYSTEM32\USERENV.dll
0x00007ffb58db0000 - 0x00007ffb58e5a000 	C:\Windows\system32\ADVAPI32.dll
0x00007ffb4b610000 - 0x00007ffb4b62e000 	C:\Windows\SYSTEM32\MPR.dll
0x00007ffb569b0000 - 0x00007ffb56af1000 	C:\Windows\system32\RPCRT4.dll
0x00007ffb588c0000 - 0x00007ffb58919000 	C:\Windows\SYSTEM32\sechost.dll
0x00007ffb58920000 - 0x00007ffb58b31000 	C:\Windows\SYSTEM32\combase.dll
0x00007ffb56f00000 - 0x00007ffb5704f000 	C:\Windows\system32\GDI32.dll
0x00007ffb56070000 - 0x00007ffb56085000 	C:\Windows\SYSTEM32\profapi.dll
0x00007ffb545c0000 - 0x00007ffb54672000 	C:\Windows\SYSTEM32\SHCORE.dll
0x00007ffb570b0000 - 0x00007ffb570e6000 	C:\Windows\system32\IMM32.DLL
0x00007ffb58750000 - 0x00007ffb588a2000 	C:\Windows\system32\MSCTF.dll
0x00007ffb53a80000 - 0x00007ffb53cfa000 	C:\Windows\WinSxS\amd64_microsoft.windows.common-controls_6595b64144ccf1df_6.0.9600.17810_none_6240b9c7ecbd0bda\COMCTL32.dll
0x0000000073de0000 - 0x0000000073eb2000 	C:\Program Files\Java\jdk1.8.0_65\jre\bin\msvcr100.dll
0x0000000073ec0000 - 0x0000000074749000 	C:\Program Files\Java\jdk1.8.0_65\jre\bin\server\jvm.dll
0x00007ffb531f0000 - 0x00007ffb531f9000 	C:\Windows\SYSTEM32\WSOCK32.dll
0x00007ffb4ccf0000 - 0x00007ffb4cd12000 	C:\Windows\SYSTEM32\WINMM.dll
0x00007ffb54050000 - 0x00007ffb5405a000 	C:\Windows\SYSTEM32\VERSION.dll
0x00007ffb588b0000 - 0x00007ffb588b7000 	C:\Windows\system32\PSAPI.DLL
0x00007ffb57050000 - 0x00007ffb570aa000 	C:\Windows\system32\WS2_32.dll
0x00007ffb4ccc0000 - 0x00007ffb4ccea000 	C:\Windows\SYSTEM32\WINMMBASE.dll
0x00007ffb58c80000 - 0x00007ffb58c89000 	C:\Windows\system32\NSI.dll
0x00007ffb56140000 - 0x00007ffb5618f000 	C:\Windows\SYSTEM32\cfgmgr32.dll
0x00007ffb54e80000 - 0x00007ffb54ea8000 	C:\Windows\SYSTEM32\DEVOBJ.dll
0x0000000073d90000 - 0x0000000073d9f000 	C:\Program Files\Java\jdk1.8.0_65\jre\bin\verify.dll
0x0000000073d60000 - 0x0000000073d89000 	C:\Program Files\Java\jdk1.8.0_65\jre\bin\java.dll
0x0000000073d40000 - 0x0000000073d56000 	C:\Program Files\Java\jdk1.8.0_65\jre\bin\zip.dll
0x0000000073b60000 - 0x0000000073cf8000 	C:\Program Files\Java\jdk1.8.0_65\jre\bin\awt.dll
0x00007ffb57160000 - 0x00007ffb57221000 	C:\Windows\system32\OLEAUT32.dll
0x00007ffb54ce0000 - 0x00007ffb54e09000 	C:\Windows\system32\uxtheme.dll
0x00007ffb543c0000 - 0x00007ffb543e1000 	C:\Windows\system32\dwmapi.dll
0x00007ffb54eb0000 - 0x00007ffb54ebb000 	C:\Windows\SYSTEM32\kernel.appcore.dll
0x00007ffb55ee0000 - 0x00007ffb55eeb000 	C:\Windows\SYSTEM32\CRYPTBASE.dll
0x00007ffb55e70000 - 0x00007ffb55ed3000 	C:\Windows\SYSTEM32\bcryptPrimitives.dll
0x0000000073b10000 - 0x0000000073b57000 	C:\Program Files\Java\jdk1.8.0_65\jre\bin\fontmanager.dll
0x00007ffb352a0000 - 0x00007ffb354c1000 	C:\Windows\system32\d3d9.dll
0x00007ffb53860000 - 0x00007ffb539a4000 	C:\Windows\SYSTEM32\aticfx64.dll
0x00007ffb35280000 - 0x00007ffb352a0000 	C:\Windows\SYSTEM32\atiu9p64.dll
0x00007ffb34b10000 - 0x00007ffb35271000 	C:\Windows\SYSTEM32\atiumd64.dll
0x0000000074f10000 - 0x000000007579d000 	C:\Windows\SYSTEM32\atiumd6a.dll
0x0000000073d20000 - 0x0000000073d3a000 	C:\Program Files\Java\jdk1.8.0_65\jre\bin\net.dll
0x00007ffb55880000 - 0x00007ffb558d9000 	C:\Windows\system32\mswsock.dll
0x0000000073d00000 - 0x0000000073d11000 	C:\Program Files\Java\jdk1.8.0_65\jre\bin\nio.dll
0x0000000073ac0000 - 0x0000000073b02000 	C:\Program Files\Java\jdk1.8.0_65\jre\bin\t2k.dll
0x0000000073a80000 - 0x0000000073aaa000 	C:\Program Files\Java\jdk1.8.0_65\jre\bin\dcpr.dll
0x0000000074e80000 - 0x0000000074ea4000 	C:\Program Files\Java\jdk1.8.0_65\jre\bin\sunec.dll
0x00007ffb58c90000 - 0x00007ffb58d46000 	C:\Windows\SYSTEM32\clbcatq.dll
0x00007ffb558e0000 - 0x00007ffb55900000 	C:\Windows\SYSTEM32\CRYPTSP.dll
0x00007ffb55500000 - 0x00007ffb55536000 	C:\Windows\system32\rsaenh.dll
0x00007ffb55b30000 - 0x00007ffb55b56000 	C:\Windows\SYSTEM32\bcrypt.dll
0x00007ffb51b40000 - 0x00007ffb51b6a000 	C:\Windows\SYSTEM32\IPHLPAPI.DLL
0x00007ffb534b0000 - 0x00007ffb534ba000 	C:\Windows\SYSTEM32\WINNSI.DLL
0x00007ffb50d80000 - 0x00007ffb50d96000 	C:\Windows\SYSTEM32\dhcpcsvc6.DLL
0x00007ffb51010000 - 0x00007ffb5102a000 	C:\Windows\SYSTEM32\dhcpcsvc.DLL
0x00007ffb52f40000 - 0x00007ffb52f55000 	C:\Windows\system32\napinsp.dll
0x00007ffb531c0000 - 0x00007ffb531da000 	C:\Windows\system32\pnrpnsp.dll
0x00007ffb52b80000 - 0x00007ffb52b9b000 	C:\Windows\system32\NLAapi.dll
0x00007ffb55680000 - 0x00007ffb55724000 	C:\Windows\SYSTEM32\DNSAPI.dll
0x00007ffb531e0000 - 0x00007ffb531ed000 	C:\Windows\System32\winrnr.dll
0x00007ffb41ce0000 - 0x00007ffb41cf4000 	C:\Windows\system32\wshbth.dll
0x0000000063560000 - 0x0000000063569000 	C:\Program Files\National Instruments\Shared\mDNS Responder\nimdnsNSP.dll
0x0000000063550000 - 0x000000006355e000 	C:\Windows\SYSTEM32\nimdnsResponder.dll
0x0000000075de0000 - 0x0000000075e83000 	C:\Windows\WinSxS\amd64_microsoft.vc90.crt_1fc8b3b9a1e18e3b_9.0.30729.8387_none_08e793bfa83a89b5\MSVCR90.dll
0x00007ffb4c160000 - 0x00007ffb4c16a000 	C:\Windows\System32\rasadhlp.dll
0x00007ffb50f30000 - 0x00007ffb50f9b000 	C:\Windows\System32\fwpuclnt.dll
0x0000000069340000 - 0x00000000693c5000 	F:\win\AppDataSSD\Local\Temp\sqlite-3.7.2-sqlitejdbc.dll
0x0000000072030000 - 0x0000000072061000 	C:\Program Files\Java\jdk1.8.0_65\jre\bin\jpeg.dll
0x00007ffb49530000 - 0x00007ffb496b9000 	C:\Windows\SYSTEM32\dbghelp.dll

VM Arguments:
jvm_args: -Dfile.encoding=UTF-8 
java_command: diplomawork.controler.MainWindow
java_class_path (initial): F:\Users\Volodymyr\Documents\NetBeansProjects\DiplomaWork\libs\jcommon-1.0.23.jar;F:\Users\Volodymyr\Documents\NetBeansProjects\DiplomaWork\libs\jfreechart-1.0.19.jar;F:\Users\Volodymyr\Documents\NetBeansProjects\DiplomaWork\libs\neuroph-core-2.92.jar;F:\Users\Volodymyr\Documents\NetBeansProjects\DiplomaWork\libs\neuroph-imgrec-2.92.jar;F:\Users\Volodymyr\Documents\NetBeansProjects\DiplomaWork\libs\slf4j-api-1.7.5.jar;F:\Users\Volodymyr\Documents\NetBeansProjects\DiplomaWork\libs\logback-classic-1.1.2.jar;F:\Users\Volodymyr\Documents\NetBeansProjects\DiplomaWork\libs\logback-core-1.1.2.jar;F:\Users\Volodymyr\Documents\NetBeansProjects\DiplomaWork\libs\gson-2.5.jar;F:\Users\Volodymyr\Documents\NetBeansProjects\DiplomaWork\libs\sqlite-jdbc-3.7.2.jar;F:\Users\Volodymyr\Documents\NetBeansProjects\DiplomaWork\libs\nefclass.jar;F:\Users\Volodymyr\Documents\NetBeansProjects\DiplomaWork\build\classes
Launcher Type: SUN_STANDARD

Environment Variables:
JAVA_HOME=C:\Program Files\Java\jdk1.8.0_65
PATH=C:\ProgramData\Oracle\Java\javapath;C:\Windows\system32;C:\Windows;C:\Windows\System32\Wbem;C:\Windows\System32\WindowsPowerShell\v1.0\;C:\Program Files (x86)\ATI Technologies\ATI.ACE\Core-Static;F:\win\Program Files\IntelliJ IDEA 15.0.1\plugins\maven\lib\maven3\bin;C:\Program Files (x86)\Skype\Phone\
USERNAME=Volodymyr
OS=Windows_NT
PROCESSOR_IDENTIFIER=Intel64 Family 6 Model 37 Stepping 5, GenuineIntel



---------------  S Y S T E M  ---------------

OS: Windows 8.1 , 64 bit Build 9600 (6.3.9600.17415)

CPU:total 4 (2 cores per cpu, 2 threads per core) family 6 model 37 stepping 5, cmov, cx8, fxsr, mmx, sse, sse2, sse3, ssse3, sse4.1, sse4.2, popcnt, ht, tsc, tscinvbit

Memory: 4k page, physical 6150968k(2759920k free), swap 7134008k(3394312k free)

vm_info: Java HotSpot(TM) 64-Bit Server VM (25.65-b01) for windows-amd64 JRE (1.8.0_65-b17), built on Oct  6 2015 16:39:20 by "java_re" with MS VC++ 10.0 (VS2010)

time: Sat Feb 13 22:57:24 2016
elapsed time: 9 seconds (0d 0h 0m 9s)

